::1 - OPTIONS /users/login HTTP/1.1 200 26 - 2.838 ms
::1 - POST /users/login HTTP/1.1 200 156 - 106.593 ms
::1 - OPTIONS /users/loginCheck HTTP/1.1 200 21 - 0.627 ms
::1 - GET /users/loginCheck HTTP/1.1 200 - - 1.455 ms
::1 - OPTIONS /users/2/allocations/?showPast=false HTTP/1.1 200 8 - 0.224 ms
::1 - GET /users/2/allocations/?showPast=false HTTP/1.1 304 - - 31.341 ms
::1 - GET /users/loginCheck HTTP/1.1 200 - - 0.849 ms
::1 - OPTIONS /lessons?taughtCount=true HTTP/1.1 200 13 - 0.392 ms
::1 - OPTIONS /users HTTP/1.1 200 8 - 0.240 ms
::1 - OPTIONS /allocations?showPast=false HTTP/1.1 200 13 - 0.346 ms
::1 - GET /users HTTP/1.1 304 - - 7.354 ms
::1 - GET /lessons?taughtCount=true HTTP/1.1 304 - - 14.149 ms
::1 - GET /allocations?showPast=false HTTP/1.1 304 - - 23.250 ms
::1 - OPTIONS /users/loginCheck HTTP/1.1 200 21 - 0.305 ms
::1 - GET /users/loginCheck HTTP/1.1 200 - - 1.086 ms
::1 - OPTIONS /users/2/allocations/?showPast=false HTTP/1.1 200 8 - 0.341 ms
::1 - GET /users/2/allocations/?showPast=false HTTP/1.1 304 - - 8.749 ms
::1 - OPTIONS /allocations/5 HTTP/1.1 200 21 - 0.207 ms
::1 - GET /allocations/5 HTTP/1.1 304 - - 9.678 ms
::1 - OPTIONS /allocations/5/files HTTP/1.1 200 13 - 0.284 ms
::1 - OPTIONS /lessons/3/files HTTP/1.1 200 8 - 0.250 ms
::1 - GET /allocations/5/files HTTP/1.1 304 - - 22.296 ms
::1 - GET /lessons/3/files HTTP/1.1 304 - - 21.569 ms
::1 - OPTIONS /users/loginCheck HTTP/1.1 200 21 - 0.209 ms
::1 - GET /users/loginCheck HTTP/1.1 200 - - 0.742 ms
::1 - OPTIONS /lessons?taughtCount=true HTTP/1.1 200 13 - 0.200 ms
::1 - OPTIONS /users HTTP/1.1 200 8 - 0.208 ms
::1 - OPTIONS /allocations?showPast=false HTTP/1.1 200 13 - 0.346 ms
::1 - GET /users HTTP/1.1 304 - - 4.264 ms
::1 - GET /lessons?taughtCount=true HTTP/1.1 304 - - 12.170 ms
::1 - GET /allocations?showPast=false HTTP/1.1 304 - - 20.128 ms
::1 - OPTIONS /users/loginCheck HTTP/1.1 200 21 - 0.299 ms
::1 - GET /users/loginCheck HTTP/1.1 200 - - 0.954 ms
::1 - OPTIONS /lessons?taughtCount=true HTTP/1.1 200 13 - 0.193 ms
::1 - OPTIONS /users HTTP/1.1 200 8 - 0.323 ms
::1 - OPTIONS /allocations?showPast=false HTTP/1.1 200 13 - 0.219 ms
::1 - GET /users HTTP/1.1 304 - - 3.390 ms
::1 - GET /lessons?taughtCount=true HTTP/1.1 304 - - 13.961 ms
::1 - GET /allocations?showPast=false HTTP/1.1 304 - - 21.716 ms
::1 - GET /users HTTP/1.1 304 - - 1.576 ms
::1 - OPTIONS /allocations/5 HTTP/1.1 200 21 - 0.185 ms
::1 - GET /allocations/5 HTTP/1.1 304 - - 8.682 ms
::1 - OPTIONS /allocations/5/files HTTP/1.1 200 13 - 0.187 ms
::1 - GET /allocations/5/files HTTP/1.1 304 - - 2.883 ms
::1 - OPTIONS /storage/1/isArchived HTTP/1.1 200 8 - 0.182 ms
::1 - OPTIONS /storage/1/isArchived HTTP/1.1 200 8 - 0.233 ms
::1 - GET /storage/1/isArchived HTTP/1.1 304 - - 2.094 ms
::1 - GET /storage/1/isArchived HTTP/1.1 304 - - 1.457 ms
::1 - OPTIONS /users/loginCheck HTTP/1.1 200 21 - 0.197 ms
::1 - GET /users/loginCheck HTTP/1.1 200 - - 0.953 ms
::1 - OPTIONS /users/2/allocations/?showPast=false HTTP/1.1 200 8 - 0.272 ms
::1 - GET /users/2/allocations/?showPast=false HTTP/1.1 304 - - 6.285 ms
::1 - OPTIONS /allocations/7 HTTP/1.1 200 21 - 0.199 ms
::1 - GET /allocations/7 HTTP/1.1 304 - - 3.229 ms
::1 - OPTIONS /allocations/7/files HTTP/1.1 200 13 - 0.211 ms
::1 - OPTIONS /lessons/6/files HTTP/1.1 200 8 - 0.282 ms
::1 - GET /allocations/7/files HTTP/1.1 304 - - 3.898 ms
::1 - GET /lessons/6/files HTTP/1.1 304 - - 3.353 ms
::1 - OPTIONS /allocations/5 HTTP/1.1 200 21 - 0.198 ms
::1 - GET /allocations/5 HTTP/1.1 304 - - 6.130 ms
::1 - OPTIONS /allocations/5/files HTTP/1.1 200 13 - 0.177 ms
::1 - OPTIONS /lessons/3/files HTTP/1.1 200 8 - 0.158 ms
::1 - GET /allocations/5/files HTTP/1.1 304 - - 4.037 ms
::1 - GET /lessons/3/files HTTP/1.1 304 - - 5.364 ms
::1 - OPTIONS /users/loginCheck HTTP/1.1 200 21 - 5.542 ms
::1 - GET /users/loginCheck HTTP/1.1 200 - - 13.859 ms
::1 - OPTIONS /users/2/allocations/?showPast=false HTTP/1.1 200 8 - 1.212 ms
::1 - GET /users/2/allocations/?showPast=false HTTP/1.1 304 - - 13.979 ms
::1 - GET /users/loginCheck HTTP/1.1 200 - - 1.846 ms
::1 - GET /users/2/allocations/?showPast=false HTTP/1.1 304 - - 10.920 ms
::1 - POST /reset HTTP/1.1 200 - - 233.324 ms
::1 - POST /resample HTTP/1.1 201 - - 71.183 ms
::1 - PATCH /allocations/1/feedback HTTP/1.1 401 13 - 7.926 ms
::1 - POST /users/login HTTP/1.1 200 162 - 83.842 ms
::1 - POST /users/login HTTP/1.1 200 176 - 72.069 ms
::1 - PATCH /allocations/1/feedback HTTP/1.1 401 13 - 1.430 ms
::1 - PATCH /allocations/1/feedback HTTP/1.1 200 - - 14.259 ms
::1 - GET /allocations/1 HTTP/1.1 200 923 - 5.850 ms
::1 - GET /allocations/1 HTTP/1.1 200 923 - 5.513 ms
::1 - GET /allocations/1 HTTP/1.1 200 923 - 15.086 ms
::1 - GET /allocations/1 HTTP/1.1 200 923 - 26.624 ms
::1 - GET /allocations/1 HTTP/1.1 200 949 - 16.512 ms
::1 - OPTIONS /users/loginCheck HTTP/1.1 200 21 - 2.837 ms
::1 - GET /users/loginCheck HTTP/1.1 401 13 - 7.618 ms
::1 - GET /users/loginCheck HTTP/1.1 401 13 - 1.628 ms
::1 - OPTIONS /users/login HTTP/1.1 200 26 - 0.714 ms
::1 - POST /users/login HTTP/1.1 200 156 - 84.385 ms
::1 - OPTIONS /users/loginCheck HTTP/1.1 200 21 - 0.224 ms
::1 - GET /users/loginCheck HTTP/1.1 200 - - 1.195 ms
::1 - OPTIONS /users/2/allocations/?showPast=false HTTP/1.1 200 8 - 0.236 ms
::1 - GET /users/2/allocations/?showPast=false HTTP/1.1 200 2 - 3.270 ms
::1 - GET /users/loginCheck HTTP/1.1 200 - - 1.030 ms
::1 - OPTIONS /lessons?taughtCount=true HTTP/1.1 200 13 - 0.230 ms
::1 - OPTIONS /users HTTP/1.1 200 8 - 0.234 ms
::1 - OPTIONS /allocations?showPast=false HTTP/1.1 200 13 - 0.978 ms
::1 - GET /users HTTP/1.1 304 - - 7.633 ms
::1 - GET /lessons?taughtCount=true HTTP/1.1 200 38336 - 17.113 ms
::1 - GET /allocations?showPast=false HTTP/1.1 200 1040 - 21.233 ms
::1 - GET /users HTTP/1.1 304 - - 1.787 ms
::1 - OPTIONS /allocations/1 HTTP/1.1 200 21 - 0.218 ms
::1 - GET /allocations/1 HTTP/1.1 200 949 - 6.135 ms
::1 - OPTIONS /allocations/1/files HTTP/1.1 200 13 - 0.215 ms
::1 - GET /allocations/1/files HTTP/1.1 304 - - 3.108 ms
::1 - OPTIONS /allocations/1/files?filename=Drill+Lesson+Crib+Cards.docx&allocationId=1 HTTP/1.1 200 13 - 0.260 ms
::1 - POST /allocations/1/files?filename=Drill+Lesson+Crib+Cards.docx&allocationId=1 HTTP/1.1 200 12 - 21.999 ms
::1 - OPTIONS /allocations/1/files HTTP/1.1 200 13 - 0.248 ms
::1 - GET /allocations/1/files HTTP/1.1 200 104 - 3.096 ms
::1 - OPTIONS /allocations/1 HTTP/1.1 200 21 - 0.430 ms
::1 - OPTIONS /storage/1/isArchived HTTP/1.1 200 8 - 0.308 ms
::1 - GET /storage/1/isArchived HTTP/1.1 200 20 - 4.277 ms
::1 - GET /allocations/1 HTTP/1.1 200 952 - 12.955 ms
::1 - OPTIONS /allocations/1/state HTTP/1.1 200 5 - 0.204 ms
::1 - PATCH /allocations/1/state HTTP/1.1 200 - - 13.365 ms
::1 - GET /allocations/1 HTTP/1.1 200 944 - 6.105 ms
::1 - OPTIONS /allocations/1/feedback HTTP/1.1 200 5 - 0.182 ms
::1 - PATCH /allocations/1/feedback HTTP/1.1 200 - - 4.442 ms
::1 - OPTIONS /users HTTP/1.1 200 8 - 0.181 ms
::1 - GET /users HTTP/1.1 304 - - 1.784 ms
::1 - OPTIONS /allocations/1 HTTP/1.1 200 21 - 0.187 ms
::1 - GET /allocations/1 HTTP/1.1 200 949 - 4.856 ms
::1 - OPTIONS /allocations/1/files HTTP/1.1 200 13 - 0.181 ms
::1 - GET /allocations/1/files HTTP/1.1 304 - - 2.164 ms
::1 - OPTIONS /storage/1/isArchived HTTP/1.1 200 8 - 0.188 ms
::1 - OPTIONS /storage/1/isArchived HTTP/1.1 200 8 - 0.377 ms
::1 - GET /storage/1/isArchived HTTP/1.1 304 - - 2.017 ms
::1 - GET /storage/1/isArchived HTTP/1.1 304 - - 1.361 ms
::1 - OPTIONS /allocations/1/feedback HTTP/1.1 200 5 - 0.177 ms
::1 - PATCH /allocations/1/feedback HTTP/1.1 200 - - 6.150 ms
::1 - OPTIONS /users/loginCheck HTTP/1.1 200 21 - 0.189 ms
::1 - GET /users/loginCheck HTTP/1.1 200 - - 0.899 ms
::1 - OPTIONS /lessons?taughtCount=true HTTP/1.1 200 13 - 0.214 ms
::1 - OPTIONS /users HTTP/1.1 200 8 - 0.178 ms
::1 - OPTIONS /allocations?showPast=false HTTP/1.1 200 13 - 0.303 ms
::1 - GET /users HTTP/1.1 304 - - 4.477 ms
::1 - GET /allocations?showPast=false HTTP/1.1 200 1035 - 10.598 ms
::1 - GET /lessons?taughtCount=true HTTP/1.1 304 - - 20.729 ms
::1 - GET /users HTTP/1.1 304 - - 2.072 ms
::1 - OPTIONS /allocations/1 HTTP/1.1 200 21 - 0.175 ms
::1 - GET /allocations/1 HTTP/1.1 200 950 - 3.722 ms
::1 - OPTIONS /allocations/1/files HTTP/1.1 200 13 - 0.210 ms
::1 - GET /allocations/1/files HTTP/1.1 304 - - 2.322 ms
::1 - OPTIONS /storage/1/isArchived HTTP/1.1 200 8 - 0.195 ms
::1 - OPTIONS /storage/1/isArchived HTTP/1.1 200 8 - 0.191 ms
::1 - GET /storage/1/isArchived HTTP/1.1 304 - - 1.406 ms
::1 - GET /storage/1/isArchived HTTP/1.1 304 - - 1.752 ms
::1 - OPTIONS /users/loginCheck HTTP/1.1 200 21 - 0.180 ms
::1 - GET /users/loginCheck HTTP/1.1 200 - - 0.904 ms
::1 - OPTIONS /lessons?taughtCount=true HTTP/1.1 200 13 - 0.189 ms
::1 - OPTIONS /users HTTP/1.1 200 8 - 0.188 ms
::1 - OPTIONS /allocations?showPast=false HTTP/1.1 200 13 - 0.288 ms
::1 - GET /users HTTP/1.1 304 - - 5.012 ms
::1 - GET /lessons?taughtCount=true HTTP/1.1 304 - - 16.688 ms
::1 - GET /allocations?showPast=false HTTP/1.1 304 - - 24.399 ms
::1 - GET /users HTTP/1.1 304 - - 1.931 ms
::1 - OPTIONS /allocations/1 HTTP/1.1 200 21 - 0.189 ms
::1 - GET /allocations/1 HTTP/1.1 304 - - 4.857 ms
::1 - OPTIONS /allocations/1/files HTTP/1.1 200 13 - 0.870 ms
::1 - GET /allocations/1/files HTTP/1.1 304 - - 2.092 ms
::1 - OPTIONS /storage/1/isArchived HTTP/1.1 200 8 - 0.178 ms
::1 - OPTIONS /storage/1/isArchived HTTP/1.1 200 8 - 0.131 ms
::1 - GET /storage/1/isArchived HTTP/1.1 304 - - 1.568 ms
::1 - GET /storage/1/isArchived HTTP/1.1 304 - - 1.360 ms
::1 - OPTIONS /allocations/1/feedback HTTP/1.1 200 5 - 0.155 ms
::1 - PATCH /allocations/1/feedback HTTP/1.1 200 - - 11.068 ms
::1 - OPTIONS /users/loginCheck HTTP/1.1 200 21 - 0.167 ms
::1 - GET /users/loginCheck HTTP/1.1 200 - - 0.669 ms
::1 - OPTIONS /users/2/allocations/?showPast=false HTTP/1.1 200 8 - 0.165 ms
::1 - GET /users/2/allocations/?showPast=false HTTP/1.1 304 - - 1.634 ms
::1 - OPTIONS /users/2/allocations/?showPast=true HTTP/1.1 200 8 - 0.160 ms
::1 - GET /users/2/allocations/?showPast=true HTTP/1.1 304 - - 1.399 ms
::1 - GET /users/2/allocations/?showPast=false HTTP/1.1 304 - - 1.626 ms
::1 - GET /users/loginCheck HTTP/1.1 200 - - 0.694 ms
::1 - OPTIONS /lessons?taughtCount=true HTTP/1.1 200 13 - 0.167 ms
::1 - OPTIONS /users HTTP/1.1 200 8 - 0.174 ms
::1 - OPTIONS /allocations?showPast=false HTTP/1.1 200 13 - 0.254 ms
::1 - GET /users HTTP/1.1 304 - - 4.065 ms
::1 - GET /allocations?showPast=false HTTP/1.1 304 - - 7.531 ms
::1 - GET /lessons?taughtCount=true HTTP/1.1 304 - - 19.211 ms
::1 - GET /users HTTP/1.1 304 - - 2.533 ms
::1 - OPTIONS /allocations/2 HTTP/1.1 200 21 - 0.178 ms
::1 - GET /allocations/2 HTTP/1.1 200 890 - 3.241 ms
::1 - OPTIONS /allocations/2/files HTTP/1.1 200 13 - 0.155 ms
::1 - GET /allocations/2/files HTTP/1.1 200 44 - 2.221 ms
::1 - PATCH /allocations/2 HTTP/1.1 200 - - 21.371 ms
::1 - GET /allocations/2 HTTP/1.1 200 938 - 8.524 ms
::1 - OPTIONS /users/loginCheck HTTP/1.1 200 21 - 0.161 ms
::1 - GET /users/loginCheck HTTP/1.1 200 - - 0.745 ms
::1 - OPTIONS /users/2/allocations/?showPast=false HTTP/1.1 200 8 - 0.167 ms
::1 - GET /users/2/allocations/?showPast=false HTTP/1.1 200 316 - 3.066 ms
::1 - OPTIONS /allocations/2 HTTP/1.1 200 21 - 0.269 ms
::1 - GET /allocations/2 HTTP/1.1 304 - - 7.081 ms
::1 - OPTIONS /allocations/2/files HTTP/1.1 200 13 - 0.193 ms
::1 - OPTIONS /lessons/1/files HTTP/1.1 200 8 - 0.178 ms
::1 - GET /allocations/2/files HTTP/1.1 304 - - 3.686 ms
::1 - GET /lessons/1/files HTTP/1.1 304 - - 4.021 ms
::1 - OPTIONS /lessons/1/instructor-edit HTTP/1.1 200 5 - 0.150 ms
::1 - PATCH /lessons/1/instructor-edit HTTP/1.1 400 77 - 1.477 ms
::1 - PATCH /lessons/1/instructor-edit HTTP/1.1 400 77 - 1.486 ms
::1 - PATCH /lessons/1/instructor-edit HTTP/1.1 400 77 - 5.420 ms
::1 - PATCH /lessons/1/instructor-edit HTTP/1.1 400 77 - 1.341 ms
::1 - OPTIONS /lessons/1/instructor-edit HTTP/1.1 200 5 - 0.148 ms
::1 - PATCH /lessons/1/instructor-edit HTTP/1.1 400 77 - 1.272 ms
::1 - OPTIONS /allocations/2 HTTP/1.1 200 21 - 0.166 ms
::1 - GET /allocations/2 HTTP/1.1 304 - - 4.001 ms
::1 - OPTIONS /allocations/2/files HTTP/1.1 200 13 - 0.174 ms
::1 - OPTIONS /lessons/1/files HTTP/1.1 200 8 - 0.140 ms
::1 - GET /allocations/2/files HTTP/1.1 304 - - 2.948 ms
::1 - GET /lessons/1/files HTTP/1.1 304 - - 2.529 ms
::1 - OPTIONS /allocations/2 HTTP/1.1 200 21 - 0.158 ms
::1 - GET /allocations/2 HTTP/1.1 304 - - 3.733 ms
::1 - OPTIONS /allocations/2/files HTTP/1.1 200 13 - 0.188 ms
::1 - OPTIONS /lessons/1/files HTTP/1.1 200 8 - 0.151 ms
::1 - GET /allocations/2/files HTTP/1.1 304 - - 2.932 ms
::1 - GET /lessons/1/files HTTP/1.1 304 - - 2.671 ms
::1 - OPTIONS /lessons/1/instructor-edit HTTP/1.1 200 5 - 0.149 ms
::1 - PATCH /lessons/1/instructor-edit HTTP/1.1 400 77 - 1.255 ms
::1 - OPTIONS /allocations/2 HTTP/1.1 200 21 - 0.294 ms
::1 - GET /allocations/2 HTTP/1.1 304 - - 7.550 ms
::1 - OPTIONS /allocations/2/files HTTP/1.1 200 13 - 0.204 ms
::1 - OPTIONS /lessons/1/files HTTP/1.1 200 8 - 0.221 ms
::1 - GET /lessons/1/files HTTP/1.1 304 - - 2.069 ms
::1 - GET /allocations/2/files HTTP/1.1 304 - - 3.504 ms
::1 - OPTIONS /lessons/1/instructor-edit HTTP/1.1 200 5 - 0.153 ms
::1 - PATCH /lessons/1/instructor-edit HTTP/1.1 400 77 - 1.680 ms
::1 - PATCH /lessons/1/instructor-edit HTTP/1.1 400 77 - 1.293 ms
::1 - PATCH /lessons/1/instructor-edit HTTP/1.1 400 77 - 1.293 ms
::1 - OPTIONS /allocations/2 HTTP/1.1 200 21 - 0.181 ms
::1 - GET /allocations/2 HTTP/1.1 304 - - 5.283 ms
::1 - OPTIONS /allocations/2/files HTTP/1.1 200 13 - 0.182 ms
::1 - OPTIONS /lessons/1/files HTTP/1.1 200 8 - 0.221 ms
::1 - GET /allocations/2/files HTTP/1.1 304 - - 3.392 ms
::1 - GET /lessons/1/files HTTP/1.1 304 - - 3.002 ms
::1 - OPTIONS /lessons/1/instructor-edit HTTP/1.1 200 5 - 0.158 ms
::1 - PATCH /lessons/1/instructor-edit HTTP/1.1 400 77 - 1.253 ms
::1 - PATCH /lessons/1/instructor-edit HTTP/1.1 400 77 - 1.261 ms
::1 - PATCH /lessons/1/instructor-edit HTTP/1.1 400 77 - 1.267 ms
::1 - PATCH /lessons/1/instructor-edit HTTP/1.1 400 77 - 1.995 ms
::1 - PATCH /lessons/1/instructor-edit HTTP/1.1 400 77 - 1.174 ms
::1 - PATCH /lessons/1/instructor-edit HTTP/1.1 400 77 - 1.252 ms
::1 - PATCH /lessons/1/instructor-edit HTTP/1.1 400 77 - 1.331 ms
::1 - OPTIONS /allocations/2 HTTP/1.1 200 21 - 0.175 ms
::1 - GET /allocations/2 HTTP/1.1 304 - - 4.180 ms
::1 - OPTIONS /allocations/2/files HTTP/1.1 200 13 - 0.183 ms
::1 - OPTIONS /lessons/1/files HTTP/1.1 200 8 - 0.227 ms
::1 - GET /allocations/2/files HTTP/1.1 304 - - 3.948 ms
::1 - GET /lessons/1/files HTTP/1.1 304 - - 3.399 ms
::1 - OPTIONS /lessons/1/instructor-edit HTTP/1.1 200 5 - 0.186 ms
::1 - PATCH /lessons/1/instructor-edit HTTP/1.1 400 77 - 1.240 ms
::1 - OPTIONS /allocations/2 HTTP/1.1 200 21 - 0.172 ms
::1 - GET /allocations/2 HTTP/1.1 304 - - 3.451 ms
::1 - OPTIONS /allocations/2/files HTTP/1.1 200 13 - 0.221 ms
::1 - OPTIONS /lessons/1/files HTTP/1.1 200 8 - 0.159 ms
::1 - GET /allocations/2/files HTTP/1.1 304 - - 2.656 ms
::1 - GET /lessons/1/files HTTP/1.1 304 - - 2.492 ms
::1 - OPTIONS /lessons/1/instructor-edit HTTP/1.1 200 5 - 0.146 ms
::1 - PATCH /lessons/1/instructor-edit HTTP/1.1 200 14 - 3.645 ms
::1 - OPTIONS /users/loginCheck HTTP/1.1 200 21 - 0.160 ms
::1 - GET /users/loginCheck HTTP/1.1 200 - - 0.885 ms
::1 - OPTIONS /lessons?taughtCount=true HTTP/1.1 200 13 - 0.156 ms
::1 - OPTIONS /users HTTP/1.1 200 8 - 0.155 ms
::1 - OPTIONS /allocations?showPast=false HTTP/1.1 200 13 - 0.217 ms
::1 - GET /users HTTP/1.1 304 - - 3.088 ms
::1 - GET /allocations?showPast=false HTTP/1.1 200 1083 - 8.149 ms
::1 - GET /lessons?taughtCount=true HTTP/1.1 304 - - 18.093 ms
::1 - OPTIONS /allocations HTTP/1.1 200 13 - 0.154 ms
::1 - POST /allocations HTTP/1.1 200 18 - 21.693 ms
::1 - OPTIONS /allocations?showPast=false HTTP/1.1 200 13 - 0.164 ms
::1 - GET /allocations?showPast=false HTTP/1.1 200 1332 - 6.198 ms
::1 - OPTIONS /users/loginCheck HTTP/1.1 200 21 - 0.281 ms
::1 - GET /users/loginCheck HTTP/1.1 200 - - 1.149 ms
::1 - OPTIONS /users/2/allocations/?showPast=false HTTP/1.1 200 8 - 0.163 ms
::1 - GET /users/2/allocations/?showPast=false HTTP/1.1 200 588 - 5.517 ms
::1 - OPTIONS /allocations/2 HTTP/1.1 200 21 - 0.158 ms
::1 - GET /allocations/2 HTTP/1.1 200 945 - 4.002 ms
::1 - OPTIONS /allocations/2/files HTTP/1.1 200 13 - 0.171 ms
::1 - OPTIONS /lessons/1/files HTTP/1.1 200 8 - 0.183 ms
::1 - GET /allocations/2/files HTTP/1.1 304 - - 3.304 ms
::1 - GET /lessons/1/files HTTP/1.1 304 - - 2.229 ms
::1 - OPTIONS /lessons/1/instructor-edit HTTP/1.1 200 5 - 0.154 ms
::1 - PATCH /lessons/1/instructor-edit HTTP/1.1 200 14 - 11.617 ms
::1 - OPTIONS /lessons/1/instructor-edit HTTP/1.1 200 5 - 0.155 ms
::1 - PATCH /lessons/1/instructor-edit HTTP/1.1 200 14 - 11.170 ms
::1 - PATCH /lessons/1/instructor-edit HTTP/1.1 200 14 - 5.271 ms
::1 - OPTIONS /users/loginCheck HTTP/1.1 200 21 - 0.159 ms
::1 - GET /users/loginCheck HTTP/1.1 200 - - 0.662 ms
::1 - OPTIONS /lessons?taughtCount=true HTTP/1.1 200 13 - 0.189 ms
::1 - OPTIONS /users HTTP/1.1 200 8 - 0.157 ms
::1 - OPTIONS /allocations?showPast=false HTTP/1.1 200 13 - 0.282 ms
::1 - GET /users HTTP/1.1 304 - - 2.269 ms
::1 - GET /allocations?showPast=false HTTP/1.1 304 - - 10.451 ms
::1 - GET /lessons?taughtCount=true HTTP/1.1 200 38336 - 16.000 ms
::1 - OPTIONS /allocations HTTP/1.1 200 13 - 0.162 ms
::1 - POST /allocations HTTP/1.1 200 18 - 14.766 ms
::1 - OPTIONS /allocations?showPast=false HTTP/1.1 200 13 - 0.155 ms
::1 - GET /allocations?showPast=false HTTP/1.1 200 1585 - 6.706 ms
::1 - OPTIONS /allocations HTTP/1.1 200 13 - 0.165 ms
::1 - POST /allocations HTTP/1.1 200 18 - 15.757 ms
::1 - OPTIONS /allocations?showPast=false HTTP/1.1 200 13 - 0.531 ms
::1 - GET /allocations?showPast=false HTTP/1.1 200 1839 - 19.601 ms
::1 - OPTIONS /lessons?taughtCount=true HTTP/1.1 200 13 - 0.178 ms
::1 - OPTIONS /users HTTP/1.1 200 8 - 0.137 ms
::1 - OPTIONS /allocations?showPast=false HTTP/1.1 200 13 - 0.138 ms
::1 - GET /users HTTP/1.1 304 - - 1.685 ms
::1 - GET /allocations?showPast=false HTTP/1.1 200 1839 - 9.077 ms
::1 - GET /lessons?taughtCount=true HTTP/1.1 200 38336 - 13.690 ms
::1 - OPTIONS /users/loginCheck HTTP/1.1 200 21 - 0.189 ms
::1 - GET /users/loginCheck HTTP/1.1 200 - - 0.666 ms
::1 - OPTIONS /users/2/allocations/?showPast=false HTTP/1.1 200 8 - 0.162 ms
::1 - GET /users/2/allocations/?showPast=false HTTP/1.1 304 - - 6.422 ms
::1 - OPTIONS /allocations/2 HTTP/1.1 200 21 - 0.164 ms
::1 - GET /allocations/2 HTTP/1.1 200 964 - 3.352 ms
::1 - OPTIONS /allocations/2/files HTTP/1.1 200 13 - 0.175 ms
::1 - OPTIONS /lessons/1/files HTTP/1.1 200 8 - 0.144 ms
::1 - GET /allocations/2/files HTTP/1.1 304 - - 2.868 ms
::1 - GET /lessons/1/files HTTP/1.1 304 - - 2.345 ms
::1 - OPTIONS /lessons/1/instructor-edit HTTP/1.1 200 5 - 0.161 ms
::1 - PATCH /lessons/1/instructor-edit HTTP/1.1 200 14 - 5.106 ms
::1 - PATCH /lessons/1/instructor-edit HTTP/1.1 200 14 - 5.439 ms
::1 - OPTIONS /allocations/5 HTTP/1.1 200 21 - 0.159 ms
::1 - GET /allocations/5 HTTP/1.1 200 597 - 2.734 ms
::1 - OPTIONS /allocations/5/files HTTP/1.1 200 13 - 0.176 ms
::1 - OPTIONS /lessons/5/files HTTP/1.1 200 8 - 0.154 ms
::1 - GET /lessons/5/files HTTP/1.1 200 2 - 2.310 ms
::1 - GET /allocations/5/files HTTP/1.1 200 44 - 3.751 ms
::1 - OPTIONS /lessons/5/instructor-edit HTTP/1.1 200 5 - 0.152 ms
::1 - PATCH /lessons/5/instructor-edit HTTP/1.1 200 14 - 11.066 ms
::1 - PATCH /lessons/5/instructor-edit HTTP/1.1 200 14 - 11.219 ms
::1 - PATCH /lessons/5/instructor-edit HTTP/1.1 200 14 - 3.189 ms
::1 - OPTIONS /lessons/5/instructor-edit HTTP/1.1 200 5 - 0.565 ms
::1 - PATCH /lessons/5/instructor-edit HTTP/1.1 200 14 - 6.005 ms
