::1 - PATCH /lessons/5/instructor-edit HTTP/1.1 200 14 - 3.056 ms
::1 - PATCH /lessons/5/instructor-edit HTTP/1.1 200 14 - 8.790 ms
::1 - OPTIONS /lessons/5/instructor-edit HTTP/1.1 200 5 - 0.152 ms
::1 - PATCH /lessons/5/instructor-edit HTTP/1.1 200 14 - 10.816 ms
::1 - PATCH /lessons/5/instructor-edit HTTP/1.1 200 14 - 3.264 ms
::1 - PATCH /lessons/5/instructor-edit HTTP/1.1 200 14 - 3.058 ms
::1 - PATCH /lessons/5/instructor-edit HTTP/1.1 200 14 - 12.409 ms
::1 - OPTIONS /users/loginCheck HTTP/1.1 200 21 - 0.166 ms
::1 - GET /users/loginCheck HTTP/1.1 200 - - 0.940 ms
::1 - OPTIONS /lessons?taughtCount=true HTTP/1.1 200 13 - 0.164 ms
::1 - OPTIONS /users HTTP/1.1 200 8 - 0.145 ms
::1 - OPTIONS /allocations?showPast=false HTTP/1.1 200 13 - 0.213 ms
::1 - GET /users HTTP/1.1 304 - - 1.792 ms
::1 - GET /lessons?taughtCount=true HTTP/1.1 304 - - 8.471 ms
::1 - GET /allocations?showPast=false HTTP/1.1 200 1839 - 14.953 ms
::1 - OPTIONS /allocations HTTP/1.1 200 13 - 0.245 ms
::1 - POST /allocations HTTP/1.1 200 18 - 13.174 ms
::1 - OPTIONS /allocations?showPast=false HTTP/1.1 200 13 - 0.155 ms
::1 - GET /allocations?showPast=false HTTP/1.1 200 2093 - 10.127 ms
::1 - OPTIONS /allocations HTTP/1.1 200 13 - 0.271 ms
::1 - POST /allocations HTTP/1.1 200 18 - 16.216 ms
::1 - OPTIONS /allocations?showPast=false HTTP/1.1 200 13 - 0.180 ms
::1 - GET /allocations?showPast=false HTTP/1.1 200 2346 - 10.674 ms
::1 - OPTIONS /users/loginCheck HTTP/1.1 200 21 - 2.897 ms
::1 - GET /users/loginCheck HTTP/1.1 200 - - 40.018 ms
::1 - OPTIONS /users/2/allocations/?showPast=false HTTP/1.1 200 8 - 0.734 ms
::1 - GET /users/2/allocations/?showPast=false HTTP/1.1 304 - - 15.977 ms
::1 - OPTIONS /allocations/2 HTTP/1.1 200 21 - 0.247 ms
::1 - GET /allocations/2 HTTP/1.1 200 975 - 6.006 ms
::1 - OPTIONS /allocations/2/files HTTP/1.1 200 13 - 0.408 ms
::1 - OPTIONS /lessons/1/files HTTP/1.1 200 8 - 0.209 ms
::1 - GET /allocations/2/files HTTP/1.1 304 - - 4.738 ms
::1 - GET /lessons/1/files HTTP/1.1 304 - - 8.732 ms
::1 - OPTIONS /allocations/2/files?filename=Academic+Transcript+UC+S1+2021+-+verified.pdf&allocationId=2 HTTP/1.1 200 13 - 0.233 ms
::1 - POST /allocations/2/files?filename=Academic+Transcript+UC+S1+2021+-+verified.pdf&allocationId=2 HTTP/1.1 200 12 - 45.415 ms
::1 - OPTIONS /allocations/2/files HTTP/1.1 200 13 - 0.197 ms
::1 - OPTIONS /lessons/1/files HTTP/1.1 200 8 - 0.164 ms
::1 - GET /allocations/2/files HTTP/1.1 200 120 - 5.090 ms
::1 - GET /lessons/1/files HTTP/1.1 304 - - 3.746 ms
::1 - OPTIONS /allocations/2 HTTP/1.1 200 21 - 0.199 ms
::1 - GET /allocations/2 HTTP/1.1 200 978 - 4.984 ms
::1 - OPTIONS /allocations/2/files HTTP/1.1 200 13 - 0.238 ms
::1 - OPTIONS /lessons/1/files HTTP/1.1 200 8 - 0.184 ms
::1 - GET /lessons/1/files HTTP/1.1 304 - - 3.988 ms
::1 - GET /allocations/2/files HTTP/1.1 304 - - 5.955 ms
::1 - OPTIONS /users/loginCheck HTTP/1.1 200 21 - 0.213 ms
::1 - GET /users/loginCheck HTTP/1.1 200 - - 0.776 ms
::1 - OPTIONS /lessons?taughtCount=true HTTP/1.1 200 13 - 0.191 ms
::1 - OPTIONS /users HTTP/1.1 200 8 - 0.179 ms
::1 - OPTIONS /allocations?showPast=false HTTP/1.1 200 13 - 0.297 ms
::1 - GET /users HTTP/1.1 304 - - 4.100 ms
::1 - GET /lessons?taughtCount=true HTTP/1.1 200 38336 - 19.033 ms
::1 - GET /allocations?showPast=false HTTP/1.1 200 2349 - 26.474 ms
::1 - GET /users HTTP/1.1 304 - - 1.673 ms
::1 - OPTIONS /allocations/2 HTTP/1.1 200 21 - 0.189 ms
::1 - GET /allocations/2 HTTP/1.1 304 - - 5.377 ms
::1 - OPTIONS /allocations/2/files HTTP/1.1 200 13 - 0.183 ms
::1 - GET /allocations/2/files HTTP/1.1 304 - - 2.494 ms
::1 - OPTIONS /storage/2/isArchived HTTP/1.1 200 8 - 0.188 ms
::1 - OPTIONS /storage/2/isArchived HTTP/1.1 200 8 - 0.279 ms
::1 - GET /storage/2/isArchived HTTP/1.1 200 20 - 1.792 ms
::1 - GET /storage/2/isArchived HTTP/1.1 304 - - 1.511 ms
::1 - OPTIONS /allocations/2/state HTTP/1.1 200 5 - 0.202 ms
::1 - PATCH /allocations/2/state HTTP/1.1 200 - - 24.288 ms
::1 - GET /allocations/2 HTTP/1.1 200 970 - 4.728 ms
::1 - OPTIONS /allocations/2/state HTTP/1.1 200 5 - 0.171 ms
::1 - PATCH /allocations/2/state HTTP/1.1 200 - - 5.007 ms
::1 - OPTIONS /allocations/2 HTTP/1.1 200 21 - 0.205 ms
::1 - GET /allocations/2 HTTP/1.1 200 970 - 5.304 ms
::1 - OPTIONS /users/loginCheck HTTP/1.1 200 21 - 0.186 ms
::1 - GET /users/loginCheck HTTP/1.1 200 - - 0.704 ms
::1 - OPTIONS /users/2/allocations/?showPast=false HTTP/1.1 200 8 - 0.201 ms
::1 - GET /users/2/allocations/?showPast=false HTTP/1.1 200 583 - 3.666 ms
::1 - GET /allocations/2 HTTP/1.1 304 - - 4.699 ms
::1 - OPTIONS /allocations/2/files HTTP/1.1 200 13 - 0.196 ms
::1 - OPTIONS /lessons/1/files HTTP/1.1 200 8 - 0.171 ms
::1 - GET /allocations/2/files HTTP/1.1 304 - - 3.073 ms
::1 - GET /lessons/1/files HTTP/1.1 304 - - 4.872 ms
::1 - GET /users/loginCheck HTTP/1.1 200 - - 0.722 ms
::1 - OPTIONS /lessons?taughtCount=true HTTP/1.1 200 13 - 0.179 ms
::1 - OPTIONS /users HTTP/1.1 200 8 - 0.236 ms
::1 - OPTIONS /allocations?showPast=false HTTP/1.1 200 13 - 0.293 ms
::1 - GET /users HTTP/1.1 304 - - 6.089 ms
::1 - GET /lessons?taughtCount=true HTTP/1.1 304 - - 22.837 ms
::1 - GET /allocations?showPast=false HTTP/1.1 200 2341 - 23.172 ms
::1 - GET /users HTTP/1.1 304 - - 2.201 ms
::1 - OPTIONS /allocations/1 HTTP/1.1 200 21 - 0.179 ms
::1 - GET /allocations/1 HTTP/1.1 200 1008 - 4.265 ms
::1 - OPTIONS /allocations/1/files HTTP/1.1 200 13 - 0.202 ms
::1 - GET /allocations/1/files HTTP/1.1 304 - - 2.258 ms
::1 - OPTIONS /storage/1/isArchived HTTP/1.1 200 8 - 0.167 ms
::1 - OPTIONS /storage/1/isArchived HTTP/1.1 200 8 - 0.255 ms
::1 - GET /storage/1/isArchived HTTP/1.1 304 - - 1.168 ms
::1 - GET /storage/1/isArchived HTTP/1.1 304 - - 1.506 ms
::1 - OPTIONS /users HTTP/1.1 200 8 - 0.252 ms
::1 - GET /users HTTP/1.1 304 - - 2.563 ms
::1 - OPTIONS /allocations/2 HTTP/1.1 200 21 - 0.152 ms
::1 - GET /allocations/2 HTTP/1.1 304 - - 3.998 ms
::1 - OPTIONS /allocations/2/files HTTP/1.1 200 13 - 0.156 ms
::1 - GET /allocations/2/files HTTP/1.1 304 - - 2.226 ms
::1 - OPTIONS /storage/2/isArchived HTTP/1.1 200 8 - 0.251 ms
::1 - OPTIONS /storage/2/isArchived HTTP/1.1 200 8 - 0.135 ms
::1 - GET /storage/2/isArchived HTTP/1.1 304 - - 1.173 ms
::1 - GET /storage/2/isArchived HTTP/1.1 304 - - 2.072 ms
::1 - OPTIONS /allocations/2/state HTTP/1.1 200 5 - 0.199 ms
::1 - PATCH /allocations/2/state HTTP/1.1 200 - - 6.700 ms
::1 - GET /allocations/2 HTTP/1.1 200 970 - 4.321 ms
::1 - OPTIONS /allocations/2/feedback HTTP/1.1 200 5 - 0.151 ms
::1 - PATCH /allocations/2/feedback HTTP/1.1 200 - - 4.430 ms
::1 - OPTIONS /users/loginCheck HTTP/1.1 200 21 - 0.163 ms
::1 - GET /users/loginCheck HTTP/1.1 200 - - 0.746 ms
::1 - OPTIONS /users/2/allocations/?showPast=false HTTP/1.1 200 8 - 0.165 ms
::1 - GET /users/2/allocations/?showPast=false HTTP/1.1 200 583 - 4.534 ms
::1 - OPTIONS /allocations/2 HTTP/1.1 200 21 - 0.160 ms
::1 - GET /allocations/2 HTTP/1.1 200 977 - 3.992 ms
::1 - OPTIONS /allocations/2/files HTTP/1.1 200 13 - 0.170 ms
::1 - OPTIONS /lessons/1/files HTTP/1.1 200 8 - 0.187 ms
::1 - GET /allocations/2/files HTTP/1.1 304 - - 4.399 ms
::1 - GET /lessons/1/files HTTP/1.1 304 - - 3.603 ms
::1 - OPTIONS /users/loginCheck HTTP/1.1 200 21 - 0.289 ms
::1 - GET /users/loginCheck HTTP/1.1 200 - - 1.189 ms
::1 - OPTIONS /lessons?taughtCount=true HTTP/1.1 200 13 - 0.159 ms
::1 - OPTIONS /users HTTP/1.1 200 8 - 0.187 ms
::1 - OPTIONS /allocations?showPast=false HTTP/1.1 200 13 - 0.535 ms
::1 - GET /users HTTP/1.1 304 - - 2.938 ms
::1 - GET /allocations?showPast=false HTTP/1.1 200 2341 - 13.872 ms
::1 - GET /lessons?taughtCount=true HTTP/1.1 304 - - 18.476 ms
::1 - GET /users HTTP/1.1 304 - - 1.385 ms
::1 - OPTIONS /allocations/2 HTTP/1.1 200 21 - 0.185 ms
::1 - GET /allocations/2 HTTP/1.1 304 - - 4.343 ms
::1 - OPTIONS /allocations/2/files HTTP/1.1 200 13 - 0.160 ms
::1 - GET /allocations/2/files HTTP/1.1 304 - - 2.366 ms
::1 - OPTIONS /storage/2/isArchived HTTP/1.1 200 8 - 0.169 ms
::1 - OPTIONS /storage/2/isArchived HTTP/1.1 200 8 - 0.225 ms
::1 - GET /storage/2/isArchived HTTP/1.1 304 - - 1.329 ms
::1 - GET /storage/2/isArchived HTTP/1.1 304 - - 1.535 ms
::1 - OPTIONS /allocations/2/state HTTP/1.1 200 5 - 0.258 ms
::1 - PATCH /allocations/2/state HTTP/1.1 200 - - 3.691 ms
::1 - GET /allocations/2 HTTP/1.1 200 977 - 5.510 ms
::1 - OPTIONS /users/loginCheck HTTP/1.1 200 21 - 0.267 ms
::1 - GET /users/loginCheck HTTP/1.1 200 - - 2.322 ms
::1 - OPTIONS /users/2/allocations/?showPast=false HTTP/1.1 200 8 - 0.152 ms
::1 - GET /users/2/allocations/?showPast=false HTTP/1.1 200 583 - 3.484 ms
::1 - OPTIONS /allocations/2 HTTP/1.1 200 21 - 0.181 ms
::1 - GET /allocations/2 HTTP/1.1 304 - - 4.196 ms
::1 - OPTIONS /allocations/2/files HTTP/1.1 200 13 - 0.168 ms
::1 - OPTIONS /lessons/1/files HTTP/1.1 200 8 - 0.142 ms
::1 - GET /allocations/2/files HTTP/1.1 304 - - 3.313 ms
::1 - GET /lessons/1/files HTTP/1.1 304 - - 2.665 ms
::1 - OPTIONS /allocations/2 HTTP/1.1 200 21 - 0.177 ms
::1 - GET /allocations/2 HTTP/1.1 304 - - 5.479 ms
::1 - OPTIONS /allocations/2/files HTTP/1.1 200 13 - 0.176 ms
::1 - OPTIONS /lessons/1/files HTTP/1.1 200 8 - 0.157 ms
::1 - GET /allocations/2/files HTTP/1.1 304 - - 3.535 ms
::1 - GET /lessons/1/files HTTP/1.1 304 - - 3.290 ms
::1 - OPTIONS /users/loginCheck HTTP/1.1 200 21 - 0.204 ms
::1 - GET /users/loginCheck HTTP/1.1 200 - - 0.762 ms
::1 - OPTIONS /lessons?taughtCount=true HTTP/1.1 200 13 - 0.165 ms
::1 - OPTIONS /users HTTP/1.1 200 8 - 0.271 ms
::1 - OPTIONS /allocations?showPast=false HTTP/1.1 200 13 - 0.291 ms
::1 - GET /users HTTP/1.1 304 - - 3.678 ms
::1 - GET /lessons?taughtCount=true HTTP/1.1 304 - - 10.943 ms
::1 - GET /allocations?showPast=false HTTP/1.1 200 2341 - 20.351 ms
::1 - GET /users HTTP/1.1 304 - - 2.337 ms
::1 - OPTIONS /allocations/2 HTTP/1.1 200 21 - 0.160 ms
::1 - GET /allocations/2 HTTP/1.1 304 - - 4.844 ms
::1 - OPTIONS /allocations/2/files HTTP/1.1 200 13 - 0.159 ms
::1 - GET /allocations/2/files HTTP/1.1 304 - - 2.079 ms
::1 - OPTIONS /storage/2/isArchived HTTP/1.1 200 8 - 0.176 ms
::1 - OPTIONS /storage/2/isArchived HTTP/1.1 200 8 - 0.235 ms
::1 - GET /storage/2/isArchived HTTP/1.1 304 - - 1.356 ms
::1 - GET /storage/2/isArchived HTTP/1.1 304 - - 1.218 ms
::1 - OPTIONS /allocations/2/state HTTP/1.1 200 5 - 0.183 ms
::1 - PATCH /allocations/2/state HTTP/1.1 200 - - 11.773 ms
::1 - GET /allocations/2 HTTP/1.1 200 977 - 5.681 ms
::1 - OPTIONS /allocations/2/feedback HTTP/1.1 200 5 - 0.158 ms
::1 - PATCH /allocations/2/feedback HTTP/1.1 200 - - 9.006 ms
::1 - OPTIONS /users/loginCheck HTTP/1.1 200 21 - 0.222 ms
::1 - GET /users/loginCheck HTTP/1.1 200 - - 0.706 ms
::1 - OPTIONS /users/2/allocations/?showPast=false HTTP/1.1 200 8 - 0.289 ms
::1 - GET /users/2/allocations/?showPast=false HTTP/1.1 200 583 - 5.305 ms
::1 - OPTIONS /allocations/2 HTTP/1.1 200 21 - 0.157 ms
::1 - GET /allocations/2 HTTP/1.1 200 1021 - 3.873 ms
::1 - OPTIONS /allocations/2/files HTTP/1.1 200 13 - 0.162 ms
::1 - OPTIONS /lessons/1/files HTTP/1.1 200 8 - 0.146 ms
::1 - GET /allocations/2/files HTTP/1.1 304 - - 4.091 ms
::1 - GET /lessons/1/files HTTP/1.1 304 - - 3.783 ms
::1 - OPTIONS /allocations/2 HTTP/1.1 200 21 - 0.161 ms
::1 - GET /allocations/2 HTTP/1.1 304 - - 3.689 ms
::1 - OPTIONS /allocations/2/files HTTP/1.1 200 13 - 0.198 ms
::1 - OPTIONS /lessons/1/files HTTP/1.1 200 8 - 0.207 ms
::1 - GET /allocations/2/files HTTP/1.1 304 - - 3.299 ms
::1 - GET /lessons/1/files HTTP/1.1 304 - - 2.493 ms
::1 - OPTIONS /users/loginCheck HTTP/1.1 200 21 - 0.155 ms
::1 - GET /users/loginCheck HTTP/1.1 200 - - 0.634 ms
::1 - OPTIONS /lessons?taughtCount=true HTTP/1.1 200 13 - 0.229 ms
::1 - OPTIONS /users HTTP/1.1 200 8 - 0.154 ms
::1 - OPTIONS /allocations?showPast=false HTTP/1.1 200 13 - 0.268 ms
::1 - GET /users HTTP/1.1 304 - - 3.207 ms
::1 - GET /lessons?taughtCount=true HTTP/1.1 304 - - 10.984 ms
::1 - GET /allocations?showPast=false HTTP/1.1 200 2341 - 18.514 ms
::1 - GET /users HTTP/1.1 304 - - 1.321 ms
::1 - OPTIONS /allocations/8 HTTP/1.1 200 21 - 0.170 ms
::1 - GET /allocations/8 HTTP/1.1 200 664 - 3.982 ms
::1 - OPTIONS /allocations/8/files HTTP/1.1 200 13 - 0.172 ms
::1 - GET /allocations/8/files HTTP/1.1 200 44 - 2.312 ms
::1 - OPTIONS /allocations/8/state HTTP/1.1 200 5 - 0.200 ms
::1 - PATCH /allocations/8/state HTTP/1.1 200 - - 12.183 ms
::1 - GET /allocations/8 HTTP/1.1 200 664 - 2.964 ms
::1 - OPTIONS /allocations/8/feedback HTTP/1.1 200 5 - 0.159 ms
::1 - PATCH /allocations/8/feedback HTTP/1.1 200 - - 5.357 ms
