::1 - OPTIONS /users/loginCheck HTTP/1.1 200 21 - 1.541 ms
::1 - GET /users/loginCheck HTTP/1.1 200 - - 6.736 ms
::1 - GET /users/loginCheck HTTP/1.1 200 - - 1.137 ms
::1 - OPTIONS /users/2/allocations/?showPast=false HTTP/1.1 200 8 - 0.949 ms
::1 - GET /users/2/allocations/?showPast=false HTTP/1.1 304 - - 21.729 ms
::1 - GET /users/loginCheck HTTP/1.1 200 - - 1.549 ms
::1 - POST /users/logout HTTP/1.1 400 31 - 0.907 ms
::1 - GET /users/loginCheck HTTP/1.1 401 13 - 14.920 ms
::1 - OPTIONS /users/login HTTP/1.1 200 26 - 0.994 ms
::1 - POST /users/login HTTP/1.1 200 164 - 109.479 ms
::1 - OPTIONS /users/loginCheck HTTP/1.1 200 21 - 0.710 ms
::1 - GET /users/loginCheck HTTP/1.1 200 - - 0.947 ms
::1 - OPTIONS /users/19/allocations/?showPast=false HTTP/1.1 200 8 - 1.082 ms
::1 - GET /users/19/allocations/?showPast=false HTTP/1.1 304 - - 12.237 ms
::1 - OPTIONS /users/loginCheck HTTP/1.1 200 21 - 0.871 ms
::1 - GET /users/loginCheck HTTP/1.1 200 - - 1.617 ms
::1 - OPTIONS /users/loginCheck HTTP/1.1 200 21 - 0.869 ms
::1 - GET /users/loginCheck HTTP/1.1 200 - - 3.198 ms
::1 - OPTIONS /users/loginCheck HTTP/1.1 200 21 - 1.618 ms
::1 - GET /users/loginCheck HTTP/1.1 200 - - 2.278 ms
::1 - OPTIONS /users/loginCheck HTTP/1.1 200 21 - 1.348 ms
::1 - GET /users/loginCheck HTTP/1.1 200 - - 1.230 ms
::1 - OPTIONS /users/logout HTTP/1.1 200 26 - 0.876 ms
::1 - POST /users/logout HTTP/1.1 200 - - 5.060 ms
::1 - GET /users/loginCheck HTTP/1.1 401 13 - 1.934 ms
::1 - OPTIONS /users/login HTTP/1.1 200 26 - 0.862 ms
::1 - POST /users/login HTTP/1.1 200 156 - 175.632 ms
::1 - OPTIONS /users/loginCheck HTTP/1.1 200 21 - 1.138 ms
::1 - GET /users/loginCheck HTTP/1.1 200 - - 2.383 ms
::1 - OPTIONS /users/2/allocations/?showPast=false HTTP/1.1 200 8 - 1.053 ms
::1 - GET /users/2/allocations/?showPast=false HTTP/1.1 304 - - 15.769 ms
::1 - GET /users/loginCheck HTTP/1.1 200 - - 1.266 ms
::1 - OPTIONS /users/login HTTP/1.1 200 26 - 6.442 ms
::1 - POST /users/login HTTP/1.1 200 156 - 221.683 ms
::1 - OPTIONS /users/loginCheck HTTP/1.1 200 21 - 2.007 ms
::1 - GET /users/loginCheck HTTP/1.1 200 - - 3.522 ms
::1 - OPTIONS /users/2/allocations/?showPast=false HTTP/1.1 200 8 - 1.281 ms
::1 - GET /users/2/allocations/?showPast=false HTTP/1.1 304 - - 24.932 ms
::1 - GET /users/loginCheck HTTP/1.1 200 - - 1.436 ms
::1 - OPTIONS /users/loginCheck HTTP/1.1 200 21 - 1.252 ms
::1 - GET /users/loginCheck HTTP/1.1 200 - - 1.981 ms
::1 - OPTIONS /users/loginCheck HTTP/1.1 200 21 - 1.619 ms
::1 - GET /users/loginCheck HTTP/1.1 200 - - 1.526 ms
::1 - OPTIONS /users/loginCheck HTTP/1.1 200 21 - 0.913 ms
::1 - GET /users/loginCheck HTTP/1.1 200 - - 2.138 ms
::1 - OPTIONS /users/loginCheck HTTP/1.1 200 21 - 0.971 ms
::1 - GET /users/loginCheck HTTP/1.1 200 - - 1.616 ms
::1 - OPTIONS /users/loginCheck HTTP/1.1 200 21 - 0.892 ms
::1 - GET /users/loginCheck HTTP/1.1 200 - - 1.563 ms
::1 - OPTIONS /users/loginCheck HTTP/1.1 200 21 - 1.303 ms
::1 - GET /users/loginCheck HTTP/1.1 200 - - 2.096 ms
::1 - OPTIONS /users/loginCheck HTTP/1.1 200 21 - 1.049 ms
::1 - GET /users/loginCheck HTTP/1.1 200 - - 3.715 ms
::1 - OPTIONS /users/loginCheck HTTP/1.1 200 21 - 0.989 ms
::1 - GET /users/loginCheck HTTP/1.1 200 - - 1.925 ms
::1 - OPTIONS /users/loginCheck HTTP/1.1 200 21 - 1.113 ms
::1 - GET /users/loginCheck HTTP/1.1 200 - - 2.226 ms
::1 - OPTIONS /users/loginCheck HTTP/1.1 200 21 - 1.152 ms
::1 - GET /users/loginCheck HTTP/1.1 200 - - 1.688 ms
::1 - OPTIONS /users/loginCheck HTTP/1.1 200 21 - 1.388 ms
::1 - GET /users/loginCheck HTTP/1.1 200 - - 3.115 ms
::1 - OPTIONS /users/loginCheck HTTP/1.1 200 21 - 1.643 ms
::1 - GET /users/loginCheck HTTP/1.1 200 - - 2.364 ms
::1 - OPTIONS /users/loginCheck HTTP/1.1 200 21 - 1.643 ms
::1 - GET /users/loginCheck HTTP/1.1 200 - - 1.143 ms
::1 - OPTIONS /users/loginCheck HTTP/1.1 200 21 - 0.856 ms
::1 - GET /users/loginCheck HTTP/1.1 200 - - 0.974 ms
::1 - OPTIONS /users/loginCheck HTTP/1.1 200 21 - 1.817 ms
::1 - GET /users/loginCheck HTTP/1.1 200 - - 3.107 ms
::1 - OPTIONS /users/loginCheck HTTP/1.1 200 21 - 0.959 ms
::1 - GET /users/loginCheck HTTP/1.1 200 - - 1.781 ms
::1 - OPTIONS /users/loginCheck HTTP/1.1 200 21 - 1.193 ms
::1 - GET /users/loginCheck HTTP/1.1 200 - - 1.312 ms
::1 - OPTIONS /users/loginCheck HTTP/1.1 200 21 - 1.342 ms
::1 - GET /users/loginCheck HTTP/1.1 200 - - 1.199 ms
