::1 - GET /users/loginCheck HTTP/1.1 401 13 - 25.494 ms
::1 - GET /users/loginCheck HTTP/1.1 401 13 - 5.754 ms
::1 - OPTIONS /users/login HTTP/1.1 200 26 - 1.835 ms
::1 - POST /users/login HTTP/1.1 200 164 - 228.194 ms
::1 - OPTIONS /users/loginCheck HTTP/1.1 200 21 - 2.296 ms
::1 - GET /users/loginCheck HTTP/1.1 200 - - 3.841 ms
::1 - OPTIONS /users/19/allocations/?showPast=false HTTP/1.1 200 8 - 1.382 ms
::1 - GET /users/19/allocations/?showPast=false HTTP/1.1 304 - - 25.125 ms
::1 - OPTIONS /users/logout HTTP/1.1 200 26 - 0.668 ms
::1 - POST /users/logout HTTP/1.1 200 - - 16.505 ms
::1 - GET /users/loginCheck HTTP/1.1 401 13 - 2.286 ms
::1 - OPTIONS /users/login HTTP/1.1 200 26 - 0.547 ms
::1 - POST /users/login HTTP/1.1 200 156 - 195.200 ms
::1 - OPTIONS /users/loginCheck HTTP/1.1 200 21 - 0.892 ms
::1 - GET /users/loginCheck HTTP/1.1 200 - - 2.881 ms
::1 - OPTIONS /users/2/allocations/?showPast=false HTTP/1.1 200 8 - 0.674 ms
::1 - GET /users/2/allocations/?showPast=false HTTP/1.1 304 - - 11.127 ms
::1 - GET /users/loginCheck HTTP/1.1 200 - - 2.041 ms
::1 - OPTIONS /lessons?taughtCount=true HTTP/1.1 200 13 - 0.510 ms
::1 - OPTIONS /users HTTP/1.1 200 8 - 0.507 ms
::1 - OPTIONS /allocations?showPast=false HTTP/1.1 200 13 - 0.507 ms
::1 - GET /users HTTP/1.1 304 - - 18.366 ms
::1 - GET /lessons?taughtCount=true HTTP/1.1 304 - - 40.292 ms
::1 - GET /allocations?showPast=false HTTP/1.1 200 1585 - 49.360 ms
::1 - OPTIONS /allocations HTTP/1.1 200 13 - 0.354 ms
::1 - POST /allocations HTTP/1.1 200 19 - 39.734 ms
::1 - OPTIONS /allocations?showPast=false HTTP/1.1 200 13 - 0.762 ms
::1 - POST /allocations HTTP/1.1 200 19 - 13.724 ms
::1 - GET /allocations?showPast=false HTTP/1.1 200 1906 - 44.126 ms
::1 - GET /allocations?showPast=false HTTP/1.1 304 - - 26.009 ms
::1 - OPTIONS /users/loginCheck HTTP/1.1 200 21 - 0.602 ms
::1 - GET /users/loginCheck HTTP/1.1 200 - - 1.727 ms
::1 - OPTIONS /lessons?taughtCount=true HTTP/1.1 200 13 - 0.391 ms
::1 - OPTIONS /users HTTP/1.1 200 8 - 0.357 ms
::1 - OPTIONS /allocations?showPast=false HTTP/1.1 200 13 - 0.491 ms
::1 - GET /users HTTP/1.1 304 - - 5.506 ms
::1 - GET /lessons?taughtCount=true HTTP/1.1 200 38336 - 26.716 ms
::1 - GET /allocations?showPast=false HTTP/1.1 304 - - 45.006 ms
::1 - OPTIONS /allocations?showPast=true HTTP/1.1 200 13 - 0.504 ms
::1 - GET /allocations?showPast=true HTTP/1.1 200 757 - 11.450 ms
::1 - OPTIONS /allocations?showPast=false HTTP/1.1 200 13 - 0.333 ms
::1 - GET /allocations?showPast=false HTTP/1.1 304 - - 27.060 ms
::1 - OPTIONS /users/loginCheck HTTP/1.1 200 21 - 0.679 ms
::1 - GET /users/loginCheck HTTP/1.1 200 - - 1.842 ms
::1 - OPTIONS /lessons?taughtCount=true HTTP/1.1 200 13 - 0.521 ms
::1 - OPTIONS /users HTTP/1.1 200 8 - 0.292 ms
::1 - OPTIONS /allocations?showPast=false HTTP/1.1 200 13 - 0.451 ms
::1 - GET /users HTTP/1.1 304 - - 15.057 ms
::1 - GET /lessons?taughtCount=true HTTP/1.1 304 - - 36.426 ms
::1 - GET /allocations?showPast=false HTTP/1.1 304 - - 49.554 ms
::1 - OPTIONS /allocations HTTP/1.1 200 13 - 0.533 ms
::1 - POST /allocations HTTP/1.1 200 19 - 12.451 ms
::1 - OPTIONS /allocations?showPast=false HTTP/1.1 200 13 - 1.180 ms
::1 - GET /allocations?showPast=false HTTP/1.1 200 2166 - 53.109 ms
::1 - OPTIONS /allocations HTTP/1.1 200 13 - 0.320 ms
::1 - POST /allocations HTTP/1.1 200 19 - 10.362 ms
::1 - OPTIONS /allocations?showPast=false HTTP/1.1 200 13 - 0.650 ms
::1 - POST /allocations HTTP/1.1 200 19 - 11.279 ms
::1 - GET /allocations?showPast=false HTTP/1.1 200 2419 - 59.978 ms
::1 - GET /allocations?showPast=false HTTP/1.1 304 - - 48.254 ms
::1 - OPTIONS /allocations HTTP/1.1 200 13 - 0.436 ms
::1 - POST /allocations HTTP/1.1 200 19 - 16.767 ms
::1 - OPTIONS /allocations?showPast=false HTTP/1.1 200 13 - 1.082 ms
::1 - POST /allocations HTTP/1.1 200 19 - 22.210 ms
::1 - GET /allocations?showPast=false HTTP/1.1 200 2660 - 70.495 ms
::1 - GET /allocations?showPast=false HTTP/1.1 200 2660 - 63.507 ms
::1 - OPTIONS /users/loginCheck HTTP/1.1 200 21 - 0.341 ms
::1 - GET /users/loginCheck HTTP/1.1 200 - - 1.235 ms
::1 - OPTIONS /lessons?taughtCount=true HTTP/1.1 200 13 - 0.243 ms
::1 - OPTIONS /users HTTP/1.1 200 8 - 0.314 ms
::1 - OPTIONS /allocations?showPast=false HTTP/1.1 200 13 - 0.452 ms
::1 - GET /users HTTP/1.1 304 - - 7.081 ms
::1 - GET /lessons?taughtCount=true HTTP/1.1 200 38336 - 27.289 ms
::1 - GET /allocations?showPast=false HTTP/1.1 304 - - 44.884 ms
::1 - OPTIONS /allocations HTTP/1.1 200 13 - 0.222 ms
::1 - POST /allocations HTTP/1.1 200 19 - 21.475 ms
::1 - OPTIONS /allocations?showPast=false HTTP/1.1 200 13 - 0.746 ms
::1 - GET /allocations?showPast=false HTTP/1.1 200 2904 - 71.036 ms
::1 - OPTIONS /users/loginCheck HTTP/1.1 200 21 - 0.337 ms
::1 - GET /users/loginCheck HTTP/1.1 200 - - 1.546 ms
::1 - OPTIONS /lessons?taughtCount=true HTTP/1.1 200 13 - 0.247 ms
::1 - OPTIONS /users HTTP/1.1 200 8 - 0.252 ms
::1 - OPTIONS /allocations?showPast=false HTTP/1.1 200 13 - 0.298 ms
::1 - GET /users HTTP/1.1 304 - - 6.240 ms
::1 - GET /lessons?taughtCount=true HTTP/1.1 200 38336 - 23.924 ms
::1 - GET /allocations?showPast=false HTTP/1.1 304 - - 33.579 ms
::1 - OPTIONS /lessons?taughtCount=true HTTP/1.1 200 13 - 0.390 ms
::1 - OPTIONS /users HTTP/1.1 200 8 - 0.546 ms
::1 - OPTIONS /allocations?showPast=false HTTP/1.1 200 13 - 0.291 ms
::1 - GET /users HTTP/1.1 304 - - 4.509 ms
::1 - GET /lessons?taughtCount=true HTTP/1.1 304 - - 17.269 ms
::1 - GET /allocations?showPast=false HTTP/1.1 304 - - 32.354 ms
::1 - OPTIONS /allocations/17 HTTP/1.1 200 21 - 0.316 ms
::1 - DELETE /allocations/17 HTTP/1.1 200 - - 23.417 ms
::1 - OPTIONS /allocations/12 HTTP/1.1 200 21 - 0.277 ms
::1 - DELETE /allocations/12 HTTP/1.1 200 - - 8.964 ms
::1 - OPTIONS /lessons?taughtCount=true HTTP/1.1 200 13 - 0.352 ms
::1 - OPTIONS /users HTTP/1.1 200 8 - 0.363 ms
::1 - OPTIONS /allocations?showPast=false HTTP/1.1 200 13 - 0.373 ms
::1 - GET /users HTTP/1.1 304 - - 6.051 ms
::1 - GET /lessons?taughtCount=true HTTP/1.1 200 38336 - 31.540 ms
::1 - GET /allocations?showPast=false HTTP/1.1 200 2400 - 37.952 ms
::1 - OPTIONS /allocations HTTP/1.1 200 13 - 0.250 ms
::1 - POST /allocations HTTP/1.1 200 19 - 19.411 ms
::1 - OPTIONS /allocations?showPast=false HTTP/1.1 200 13 - 0.740 ms
::1 - POST /allocations HTTP/1.1 200 19 - 21.767 ms
::1 - POST /allocations HTTP/1.1 200 19 - 11.429 ms
::1 - GET /allocations?showPast=false HTTP/1.1 200 2657 - 79.556 ms
::1 - GET /allocations?showPast=false HTTP/1.1 304 - - 58.660 ms
::1 - GET /allocations?showPast=false HTTP/1.1 304 - - 51.120 ms
::1 - OPTIONS /lessons?taughtCount=true HTTP/1.1 200 13 - 0.506 ms
::1 - OPTIONS /users HTTP/1.1 200 8 - 0.468 ms
::1 - OPTIONS /allocations?showPast=false HTTP/1.1 200 13 - 0.467 ms
::1 - GET /users HTTP/1.1 304 - - 5.902 ms
::1 - GET /lessons?taughtCount=true HTTP/1.1 200 38336 - 40.526 ms
::1 - GET /allocations?showPast=false HTTP/1.1 304 - - 53.836 ms
::1 - OPTIONS /users/loginCheck HTTP/1.1 200 21 - 0.267 ms
::1 - GET /users/loginCheck HTTP/1.1 200 - - 2.469 ms
::1 - OPTIONS /lessons?taughtCount=true HTTP/1.1 200 13 - 0.245 ms
::1 - OPTIONS /users HTTP/1.1 200 8 - 0.251 ms
::1 - OPTIONS /allocations?showPast=false HTTP/1.1 200 13 - 0.252 ms
::1 - GET /users HTTP/1.1 304 - - 3.852 ms
::1 - GET /lessons?taughtCount=true HTTP/1.1 304 - - 23.954 ms
::1 - GET /allocations?showPast=false HTTP/1.1 304 - - 37.024 ms
::1 - OPTIONS /allocations/9 HTTP/1.1 200 21 - 0.270 ms
::1 - DELETE /allocations/9 HTTP/1.1 200 - - 11.261 ms
::1 - OPTIONS /lessons?taughtCount=true HTTP/1.1 200 13 - 0.202 ms
::1 - OPTIONS /users HTTP/1.1 200 8 - 0.198 ms
::1 - OPTIONS /allocations?showPast=false HTTP/1.1 200 13 - 0.350 ms
::1 - GET /users HTTP/1.1 304 - - 2.940 ms
::1 - GET /lessons?taughtCount=true HTTP/1.1 200 38336 - 14.455 ms
::1 - GET /allocations?showPast=false HTTP/1.1 200 2404 - 25.980 ms
::1 - OPTIONS /lessons?taughtCount=true HTTP/1.1 200 13 - 0.323 ms
::1 - OPTIONS /users HTTP/1.1 200 8 - 0.207 ms
::1 - OPTIONS /allocations?showPast=false HTTP/1.1 200 13 - 0.232 ms
::1 - GET /users HTTP/1.1 304 - - 4.113 ms
::1 - GET /lessons?taughtCount=true HTTP/1.1 304 - - 24.685 ms
::1 - GET /allocations?showPast=false HTTP/1.1 304 - - 29.943 ms
::1 - OPTIONS /lessons?taughtCount=true HTTP/1.1 200 13 - 0.228 ms
::1 - OPTIONS /users HTTP/1.1 200 8 - 0.198 ms
::1 - OPTIONS /allocations?showPast=false HTTP/1.1 200 13 - 0.190 ms
::1 - GET /users HTTP/1.1 304 - - 2.883 ms
::1 - GET /lessons?taughtCount=true HTTP/1.1 304 - - 12.024 ms
::1 - GET /allocations?showPast=false HTTP/1.1 304 - - 19.713 ms
::1 - OPTIONS /users/loginCheck HTTP/1.1 200 21 - 0.401 ms
::1 - GET /users/loginCheck HTTP/1.1 200 - - 2.327 ms
::1 - OPTIONS /lessons?taughtCount=true HTTP/1.1 200 13 - 0.596 ms
::1 - OPTIONS /users HTTP/1.1 200 8 - 0.504 ms
::1 - OPTIONS /allocations?showPast=false HTTP/1.1 200 13 - 0.509 ms
::1 - GET /users HTTP/1.1 304 - - 7.778 ms
::1 - GET /lessons?taughtCount=true HTTP/1.1 304 - - 31.985 ms
::1 - GET /allocations?showPast=false HTTP/1.1 304 - - 50.932 ms
::1 - OPTIONS /lessons?taughtCount=true HTTP/1.1 200 13 - 1.093 ms
::1 - OPTIONS /users HTTP/1.1 200 8 - 0.546 ms
::1 - OPTIONS /allocations?showPast=false HTTP/1.1 200 13 - 0.495 ms
::1 - GET /users HTTP/1.1 304 - - 8.128 ms
::1 - GET /lessons?taughtCount=true HTTP/1.1 304 - - 45.878 ms
::1 - GET /allocations?showPast=false HTTP/1.1 304 - - 55.357 ms
::1 - OPTIONS /lessons?taughtCount=true HTTP/1.1 200 13 - 0.722 ms
::1 - OPTIONS /users HTTP/1.1 200 8 - 0.502 ms
::1 - OPTIONS /allocations?showPast=false HTTP/1.1 200 13 - 0.530 ms
::1 - GET /users HTTP/1.1 304 - - 10.783 ms
::1 - GET /lessons?taughtCount=true HTTP/1.1 304 - - 62.569 ms
::1 - GET /allocations?showPast=false HTTP/1.1 304 - - 59.336 ms
::1 - OPTIONS /lessons?taughtCount=true HTTP/1.1 200 13 - 0.391 ms
::1 - OPTIONS /users HTTP/1.1 200 8 - 0.392 ms
::1 - OPTIONS /allocations?showPast=false HTTP/1.1 200 13 - 0.373 ms
::1 - GET /users HTTP/1.1 304 - - 5.244 ms
::1 - GET /lessons?taughtCount=true HTTP/1.1 304 - - 23.622 ms
::1 - GET /allocations?showPast=false HTTP/1.1 304 - - 35.642 ms
::1 - OPTIONS /users/loginCheck HTTP/1.1 200 21 - 0.308 ms
::1 - GET /users/loginCheck HTTP/1.1 200 - - 1.175 ms
::1 - OPTIONS /lessons/allLessonsDropdownItems HTTP/1.1 200 21 - 0.247 ms
::1 - OPTIONS /lessons HTTP/1.1 200 13 - 0.243 ms
::1 - GET /lessons HTTP/1.1 200 29678 - 4.899 ms
::1 - GET /lessons/allLessonsDropdownItems HTTP/1.1 304 - - 16.735 ms
::1 - GET /users/loginCheck HTTP/1.1 200 - - 1.540 ms
::1 - OPTIONS /users HTTP/1.1 200 8 - 0.259 ms
::1 - GET /users HTTP/1.1 304 - - 4.784 ms
::1 - OPTIONS /users/loginCheck HTTP/1.1 200 21 - 0.369 ms
::1 - GET /users/loginCheck HTTP/1.1 200 - - 1.032 ms
::1 - OPTIONS /lessons?taughtCount=true HTTP/1.1 200 13 - 0.418 ms
::1 - OPTIONS /users HTTP/1.1 200 8 - 0.331 ms
::1 - OPTIONS /allocations?showPast=false HTTP/1.1 200 13 - 0.306 ms
::1 - GET /users HTTP/1.1 304 - - 4.622 ms
::1 - GET /lessons?taughtCount=true HTTP/1.1 304 - - 20.036 ms
::1 - GET /allocations?showPast=false HTTP/1.1 304 - - 34.683 ms
::1 - GET /users/loginCheck HTTP/1.1 200 - - 1.048 ms
::1 - GET /users HTTP/1.1 304 - - 4.283 ms
::1 - OPTIONS /users/loginCheck HTTP/1.1 200 21 - 0.285 ms
::1 - GET /users/loginCheck HTTP/1.1 200 - - 0.989 ms
::1 - OPTIONS /users/2/allocations/?showPast=false HTTP/1.1 200 8 - 0.303 ms
::1 - GET /users/2/allocations/?showPast=false HTTP/1.1 304 - - 9.474 ms
::1 - OPTIONS /users/loginCheck HTTP/1.1 200 21 - 0.447 ms
::1 - GET /users/loginCheck HTTP/1.1 200 - - 1.564 ms
::1 - OPTIONS /lessons/allLessonsDropdownItems HTTP/1.1 200 21 - 0.393 ms
::1 - OPTIONS /lessons HTTP/1.1 200 13 - 0.381 ms
::1 - GET /lessons HTTP/1.1 304 - - 7.685 ms
::1 - GET /lessons/allLessonsDropdownItems HTTP/1.1 304 - - 31.981 ms
::1 - GET /users/loginCheck HTTP/1.1 200 - - 1.525 ms
::1 - OPTIONS /lessons?taughtCount=true HTTP/1.1 200 13 - 0.275 ms
::1 - OPTIONS /users HTTP/1.1 200 8 - 0.378 ms
::1 - OPTIONS /allocations?showPast=false HTTP/1.1 200 13 - 0.245 ms
::1 - GET /users HTTP/1.1 304 - - 4.904 ms
::1 - GET /lessons?taughtCount=true HTTP/1.1 304 - - 17.744 ms
::1 - GET /allocations?showPast=false HTTP/1.1 200 2404 - 29.227 ms
::1 - GET /users/loginCheck HTTP/1.1 200 - - 2.075 ms
::1 - GET /users HTTP/1.1 304 - - 3.411 ms
::1 - OPTIONS /users/loginCheck HTTP/1.1 200 21 - 0.450 ms
::1 - GET /users/loginCheck HTTP/1.1 200 - - 1.356 ms
::1 - OPTIONS /lessons/allLessonsDropdownItems HTTP/1.1 200 21 - 0.396 ms
::1 - OPTIONS /lessons HTTP/1.1 200 13 - 0.531 ms
::1 - GET /lessons HTTP/1.1 304 - - 8.373 ms
::1 - GET /lessons/allLessonsDropdownItems HTTP/1.1 304 - - 21.346 ms
::1 - GET /users/loginCheck HTTP/1.1 200 - - 1.130 ms
::1 - OPTIONS /lessons?taughtCount=true HTTP/1.1 200 13 - 0.259 ms
::1 - OPTIONS /users HTTP/1.1 200 8 - 0.356 ms
::1 - OPTIONS /allocations?showPast=false HTTP/1.1 200 13 - 0.294 ms
::1 - GET /users HTTP/1.1 304 - - 5.916 ms
::1 - GET /lessons?taughtCount=true HTTP/1.1 304 - - 24.374 ms
::1 - GET /allocations?showPast=false HTTP/1.1 304 - - 33.860 ms
::1 - OPTIONS /allocations HTTP/1.1 200 13 - 0.430 ms
::1 - POST /allocations HTTP/1.1 200 19 - 9.845 ms
::1 - OPTIONS /allocations?showPast=false HTTP/1.1 200 13 - 0.310 ms
::1 - GET /allocations?showPast=false HTTP/1.1 200 2667 - 21.043 ms
::1 - OPTIONS /lessons?taughtCount=true HTTP/1.1 200 13 - 0.357 ms
::1 - OPTIONS /users HTTP/1.1 200 8 - 0.414 ms
::1 - GET /users HTTP/1.1 304 - - 4.407 ms
::1 - GET /lessons?taughtCount=true HTTP/1.1 200 38336 - 28.524 ms
::1 - OPTIONS /allocations HTTP/1.1 200 13 - 0.282 ms
::1 - POST /allocations HTTP/1.1 200 19 - 19.256 ms
::1 - OPTIONS /allocations?showPast=false HTTP/1.1 200 13 - 1.046 ms
::1 - POST /allocations HTTP/1.1 200 19 - 34.689 ms
::1 - GET /allocations?showPast=false HTTP/1.1 200 2911 - 67.704 ms
::1 - GET /allocations?showPast=false HTTP/1.1 200 3167 - 49.975 ms
::1 - OPTIONS /allocations HTTP/1.1 200 13 - 0.304 ms
::1 - POST /allocations HTTP/1.1 200 19 - 20.372 ms
::1 - OPTIONS /allocations?showPast=false HTTP/1.1 200 13 - 0.759 ms
::1 - GET /allocations?showPast=false HTTP/1.1 200 3420 - 56.018 ms
::1 - OPTIONS /allocations HTTP/1.1 200 13 - 0.316 ms
::1 - POST /allocations HTTP/1.1 200 19 - 20.775 ms
::1 - OPTIONS /allocations?showPast=false HTTP/1.1 200 13 - 0.656 ms
::1 - GET /allocations?showPast=false HTTP/1.1 200 3677 - 71.554 ms
::1 - OPTIONS /users/loginCheck HTTP/1.1 200 21 - 0.503 ms
::1 - GET /users/loginCheck HTTP/1.1 200 - - 1.233 ms
::1 - OPTIONS /lessons?taughtCount=true HTTP/1.1 200 13 - 0.335 ms
::1 - OPTIONS /users HTTP/1.1 200 8 - 0.523 ms
::1 - OPTIONS /allocations?showPast=false HTTP/1.1 200 13 - 0.297 ms
::1 - GET /users HTTP/1.1 304 - - 4.236 ms
::1 - GET /lessons?taughtCount=true HTTP/1.1 200 38336 - 23.555 ms
::1 - GET /allocations?showPast=false HTTP/1.1 304 - - 43.818 ms
::1 - OPTIONS /users/loginCheck HTTP/1.1 200 21 - 0.571 ms
::1 - GET /users/loginCheck HTTP/1.1 200 - - 2.500 ms
::1 - OPTIONS /lessons?taughtCount=true HTTP/1.1 200 13 - 0.395 ms
::1 - OPTIONS /users HTTP/1.1 200 8 - 0.593 ms
::1 - OPTIONS /allocations?showPast=false HTTP/1.1 200 13 - 0.382 ms
::1 - GET /users HTTP/1.1 304 - - 9.240 ms
::1 - GET /lessons?taughtCount=true HTTP/1.1 304 - - 26.545 ms
::1 - GET /allocations?showPast=false HTTP/1.1 304 - - 60.810 ms
::1 - OPTIONS /users/loginCheck HTTP/1.1 200 21 - 0.569 ms
::1 - GET /users/loginCheck HTTP/1.1 200 - - 2.584 ms
::1 - OPTIONS /lessons?taughtCount=true HTTP/1.1 200 13 - 0.581 ms
::1 - OPTIONS /users HTTP/1.1 200 8 - 0.788 ms
::1 - OPTIONS /allocations?showPast=false HTTP/1.1 200 13 - 0.981 ms
::1 - GET /users HTTP/1.1 304 - - 10.832 ms
::1 - GET /lessons?taughtCount=true HTTP/1.1 304 - - 43.186 ms
::1 - GET /allocations?showPast=false HTTP/1.1 200 3677 - 83.358 ms
::1 - OPTIONS /users/loginCheck HTTP/1.1 200 21 - 0.333 ms
::1 - GET /users/loginCheck HTTP/1.1 200 - - 1.135 ms
::1 - OPTIONS /lessons?taughtCount=true HTTP/1.1 200 13 - 0.740 ms
::1 - OPTIONS /users HTTP/1.1 200 8 - 0.910 ms
::1 - OPTIONS /allocations?showPast=false HTTP/1.1 200 13 - 0.683 ms
::1 - GET /users HTTP/1.1 304 - - 11.320 ms
::1 - GET /lessons?taughtCount=true HTTP/1.1 304 - - 49.197 ms
::1 - GET /allocations?showPast=false HTTP/1.1 200 3677 - 94.255 ms
::1 - OPTIONS /users/loginCheck HTTP/1.1 200 21 - 0.448 ms
::1 - GET /users/loginCheck HTTP/1.1 200 - - 1.445 ms
::1 - OPTIONS /lessons?taughtCount=true HTTP/1.1 200 13 - 0.557 ms
::1 - OPTIONS /users HTTP/1.1 200 8 - 0.958 ms
::1 - OPTIONS /allocations?showPast=false HTTP/1.1 200 13 - 1.068 ms
::1 - GET /users HTTP/1.1 304 - - 10.775 ms
::1 - GET /lessons?taughtCount=true HTTP/1.1 304 - - 51.431 ms
::1 - GET /allocations?showPast=false HTTP/1.1 304 - - 67.935 ms
::1 - OPTIONS /users/loginCheck HTTP/1.1 200 21 - 0.537 ms
::1 - GET /users/loginCheck HTTP/1.1 200 - - 2.227 ms
::1 - OPTIONS /lessons?taughtCount=true HTTP/1.1 200 13 - 0.340 ms
::1 - OPTIONS /users HTTP/1.1 200 8 - 0.374 ms
::1 - OPTIONS /allocations?showPast=false HTTP/1.1 200 13 - 0.231 ms
::1 - GET /users HTTP/1.1 304 - - 3.534 ms
::1 - GET /lessons?taughtCount=true HTTP/1.1 304 - - 22.014 ms
::1 - GET /allocations?showPast=false HTTP/1.1 304 - - 36.731 ms
::1 - GET /users/loginCheck HTTP/1.1 200 - - 2.464 ms
::1 - GET /users HTTP/1.1 304 - - 9.002 ms
::1 - GET /lessons?taughtCount=true HTTP/1.1 304 - - 39.691 ms
::1 - GET /allocations?showPast=false HTTP/1.1 304 - - 67.617 ms
::1 - OPTIONS /users/loginCheck HTTP/1.1 200 21 - 0.436 ms
::1 - GET /users/loginCheck HTTP/1.1 200 - - 1.740 ms
::1 - OPTIONS /lessons?taughtCount=true HTTP/1.1 200 13 - 0.220 ms
::1 - OPTIONS /users HTTP/1.1 200 8 - 0.227 ms
::1 - OPTIONS /allocations?showPast=false HTTP/1.1 200 13 - 0.368 ms
::1 - GET /users HTTP/1.1 304 - - 4.997 ms
::1 - GET /lessons?taughtCount=true HTTP/1.1 304 - - 19.539 ms
::1 - GET /allocations?showPast=false HTTP/1.1 200 3677 - 37.247 ms
::1 - OPTIONS /users/loginCheck HTTP/1.1 200 21 - 0.367 ms
::1 - GET /users/loginCheck HTTP/1.1 200 - - 0.897 ms
::1 - OPTIONS /lessons?taughtCount=true HTTP/1.1 200 13 - 0.251 ms
::1 - OPTIONS /users HTTP/1.1 200 8 - 0.400 ms
::1 - OPTIONS /allocations?showPast=false HTTP/1.1 200 13 - 0.394 ms
::1 - GET /users HTTP/1.1 304 - - 5.544 ms
::1 - GET /lessons?taughtCount=true HTTP/1.1 304 - - 16.348 ms
::1 - GET /allocations?showPast=false HTTP/1.1 200 3677 - 34.669 ms
::1 - OPTIONS /users/loginCheck HTTP/1.1 200 21 - 0.541 ms
::1 - GET /users/loginCheck HTTP/1.1 200 - - 9.522 ms
::1 - OPTIONS /lessons?taughtCount=true HTTP/1.1 200 13 - 0.285 ms
::1 - OPTIONS /users HTTP/1.1 200 8 - 0.326 ms
::1 - OPTIONS /allocations?showPast=false HTTP/1.1 200 13 - 0.410 ms
::1 - GET /users HTTP/1.1 304 - - 5.433 ms
::1 - GET /lessons?taughtCount=true HTTP/1.1 304 - - 25.792 ms
::1 - GET /allocations?showPast=false HTTP/1.1 304 - - 40.348 ms
::1 - OPTIONS /users/loginCheck HTTP/1.1 200 21 - 0.347 ms
::1 - GET /users/loginCheck HTTP/1.1 200 - - 2.048 ms
::1 - OPTIONS /lessons?taughtCount=true HTTP/1.1 200 13 - 0.242 ms
::1 - OPTIONS /users HTTP/1.1 200 8 - 0.218 ms
::1 - OPTIONS /allocations?showPast=false HTTP/1.1 200 13 - 0.237 ms
::1 - GET /users HTTP/1.1 304 - - 4.240 ms
::1 - GET /lessons?taughtCount=true HTTP/1.1 304 - - 15.042 ms
::1 - GET /allocations?showPast=false HTTP/1.1 304 - - 33.373 ms
::1 - OPTIONS /users/loginCheck HTTP/1.1 200 21 - 0.422 ms
::1 - GET /users/loginCheck HTTP/1.1 200 - - 1.685 ms
::1 - OPTIONS /lessons?taughtCount=true HTTP/1.1 200 13 - 0.335 ms
::1 - OPTIONS /users HTTP/1.1 200 8 - 1.155 ms
::1 - OPTIONS /allocations?showPast=false HTTP/1.1 200 13 - 0.457 ms
::1 - GET /users HTTP/1.1 304 - - 4.462 ms
::1 - GET /lessons?taughtCount=true HTTP/1.1 304 - - 15.220 ms
::1 - GET /allocations?showPast=false HTTP/1.1 304 - - 33.567 ms
::1 - OPTIONS /users/loginCheck HTTP/1.1 200 21 - 0.367 ms
::1 - GET /users/loginCheck HTTP/1.1 200 - - 0.852 ms
::1 - OPTIONS /lessons?taughtCount=true HTTP/1.1 200 13 - 0.287 ms
::1 - OPTIONS /users HTTP/1.1 200 8 - 0.233 ms
::1 - OPTIONS /allocations?showPast=false HTTP/1.1 200 13 - 0.286 ms
::1 - GET /users HTTP/1.1 304 - - 4.012 ms
::1 - GET /lessons?taughtCount=true HTTP/1.1 304 - - 16.798 ms
::1 - GET /allocations?showPast=false HTTP/1.1 304 - - 38.374 ms
::1 - OPTIONS /users/loginCheck HTTP/1.1 200 21 - 0.355 ms
::1 - GET /users/loginCheck HTTP/1.1 200 - - 1.453 ms
::1 - OPTIONS /lessons?taughtCount=true HTTP/1.1 200 13 - 0.217 ms
::1 - OPTIONS /users HTTP/1.1 200 8 - 0.224 ms
::1 - OPTIONS /allocations?showPast=false HTTP/1.1 200 13 - 0.438 ms
::1 - GET /users HTTP/1.1 304 - - 2.678 ms
::1 - GET /lessons?taughtCount=true HTTP/1.1 304 - - 20.543 ms
::1 - GET /allocations?showPast=false HTTP/1.1 304 - - 30.806 ms
::1 - OPTIONS /users/loginCheck HTTP/1.1 200 21 - 0.523 ms
::1 - GET /users/loginCheck HTTP/1.1 200 - - 2.930 ms
::1 - OPTIONS /lessons?taughtCount=true HTTP/1.1 200 13 - 0.362 ms
::1 - OPTIONS /users HTTP/1.1 200 8 - 0.358 ms
::1 - OPTIONS /allocations?showPast=false HTTP/1.1 200 13 - 0.683 ms
::1 - GET /users HTTP/1.1 304 - - 6.343 ms
::1 - GET /lessons?taughtCount=true HTTP/1.1 304 - - 23.723 ms
::1 - GET /allocations?showPast=false HTTP/1.1 304 - - 59.933 ms
::1 - OPTIONS /users/loginCheck HTTP/1.1 200 21 - 0.517 ms
::1 - GET /users/loginCheck HTTP/1.1 200 - - 1.561 ms
::1 - OPTIONS /lessons?taughtCount=true HTTP/1.1 200 13 - 0.633 ms
::1 - OPTIONS /users HTTP/1.1 200 8 - 0.410 ms
::1 - OPTIONS /allocations?showPast=false HTTP/1.1 200 13 - 0.384 ms
::1 - GET /users HTTP/1.1 304 - - 8.237 ms
::1 - GET /lessons?taughtCount=true HTTP/1.1 304 - - 30.804 ms
::1 - GET /allocations?showPast=false HTTP/1.1 304 - - 49.878 ms
::1 - OPTIONS /users/loginCheck HTTP/1.1 200 21 - 0.401 ms
::1 - GET /users/loginCheck HTTP/1.1 200 - - 1.820 ms
::1 - OPTIONS /lessons?taughtCount=true HTTP/1.1 200 13 - 0.821 ms
::1 - OPTIONS /users HTTP/1.1 200 8 - 0.775 ms
::1 - OPTIONS /allocations?showPast=false HTTP/1.1 200 13 - 0.995 ms
::1 - GET /users HTTP/1.1 304 - - 8.169 ms
::1 - GET /lessons?taughtCount=true HTTP/1.1 304 - - 44.244 ms
::1 - GET /allocations?showPast=false HTTP/1.1 200 3677 - 85.057 ms
::1 - OPTIONS /users/loginCheck HTTP/1.1 200 21 - 0.527 ms
::1 - GET /users/loginCheck HTTP/1.1 200 - - 2.286 ms
::1 - OPTIONS /lessons?taughtCount=true HTTP/1.1 200 13 - 0.213 ms
::1 - OPTIONS /users HTTP/1.1 200 8 - 0.254 ms
::1 - OPTIONS /allocations?showPast=false HTTP/1.1 200 13 - 0.224 ms
::1 - GET /users HTTP/1.1 304 - - 4.155 ms
::1 - GET /lessons?taughtCount=true HTTP/1.1 304 - - 23.715 ms
::1 - GET /allocations?showPast=false HTTP/1.1 200 3677 - 34.292 ms
::1 - OPTIONS /lessons?taughtCount=true HTTP/1.1 200 13 - 0.426 ms
::1 - OPTIONS /users HTTP/1.1 200 8 - 0.456 ms
::1 - OPTIONS /allocations?showPast=false HTTP/1.1 200 13 - 0.523 ms
::1 - GET /users HTTP/1.1 304 - - 5.699 ms
::1 - GET /lessons?taughtCount=true HTTP/1.1 304 - - 28.715 ms
::1 - GET /allocations?showPast=false HTTP/1.1 304 - - 44.881 ms
::1 - OPTIONS /users/loginCheck HTTP/1.1 200 21 - 0.172 ms
::1 - GET /users/loginCheck HTTP/1.1 200 - - 1.880 ms
::1 - GET /users HTTP/1.1 304 - - 4.471 ms
::1 - GET /lessons?taughtCount=true HTTP/1.1 304 - - 27.941 ms
::1 - GET /allocations?showPast=false HTTP/1.1 304 - - 45.874 ms
::1 - OPTIONS /users/loginCheck HTTP/1.1 200 21 - 0.343 ms
::1 - GET /users/loginCheck HTTP/1.1 200 - - 1.462 ms
::1 - OPTIONS /lessons?taughtCount=true HTTP/1.1 200 13 - 0.286 ms
::1 - OPTIONS /users HTTP/1.1 200 8 - 0.221 ms
::1 - OPTIONS /allocations?showPast=false HTTP/1.1 200 13 - 0.246 ms
::1 - GET /users HTTP/1.1 304 - - 3.371 ms
::1 - GET /lessons?taughtCount=true HTTP/1.1 304 - - 22.388 ms
::1 - GET /allocations?showPast=false HTTP/1.1 304 - - 34.607 ms
::1 - OPTIONS /users/loginCheck HTTP/1.1 200 21 - 0.227 ms
::1 - GET /users/loginCheck HTTP/1.1 200 - - 1.047 ms
::1 - OPTIONS /lessons?taughtCount=true HTTP/1.1 200 13 - 0.244 ms
::1 - OPTIONS /users HTTP/1.1 200 8 - 0.305 ms
::1 - OPTIONS /allocations?showPast=false HTTP/1.1 200 13 - 0.395 ms
::1 - GET /users HTTP/1.1 304 - - 4.850 ms
::1 - GET /lessons?taughtCount=true HTTP/1.1 304 - - 22.584 ms
::1 - GET /allocations?showPast=false HTTP/1.1 304 - - 36.737 ms
::1 - OPTIONS /lessons?taughtCount=true HTTP/1.1 200 13 - 0.589 ms
::1 - OPTIONS /users HTTP/1.1 200 8 - 0.568 ms
::1 - OPTIONS /allocations?showPast=false HTTP/1.1 200 13 - 0.520 ms
::1 - GET /users HTTP/1.1 304 - - 7.120 ms
::1 - GET /lessons?taughtCount=true HTTP/1.1 304 - - 42.222 ms
::1 - GET /allocations?showPast=false HTTP/1.1 304 - - 62.572 ms
::1 - OPTIONS /lessons?taughtCount=true HTTP/1.1 200 13 - 0.308 ms
::1 - OPTIONS /users HTTP/1.1 200 8 - 0.255 ms
::1 - OPTIONS /allocations?showPast=false HTTP/1.1 200 13 - 0.264 ms
::1 - GET /users HTTP/1.1 304 - - 5.245 ms
::1 - GET /lessons?taughtCount=true HTTP/1.1 304 - - 18.282 ms
::1 - GET /allocations?showPast=false HTTP/1.1 304 - - 35.109 ms
::1 - OPTIONS /users/loginCheck HTTP/1.1 200 21 - 0.245 ms
::1 - GET /users/loginCheck HTTP/1.1 200 - - 1.656 ms
::1 - GET /users HTTP/1.1 304 - - 4.887 ms
::1 - GET /lessons?taughtCount=true HTTP/1.1 304 - - 26.021 ms
::1 - GET /allocations?showPast=false HTTP/1.1 304 - - 40.706 ms
::1 - OPTIONS /lessons?taughtCount=true HTTP/1.1 200 13 - 0.618 ms
::1 - OPTIONS /users HTTP/1.1 200 8 - 0.576 ms
::1 - OPTIONS /allocations?showPast=false HTTP/1.1 200 13 - 0.773 ms
::1 - GET /users HTTP/1.1 304 - - 9.019 ms
::1 - GET /lessons?taughtCount=true HTTP/1.1 304 - - 39.195 ms
::1 - GET /allocations?showPast=false HTTP/1.1 304 - - 69.933 ms
::1 - OPTIONS /users/loginCheck HTTP/1.1 200 21 - 0.574 ms
::1 - GET /users/loginCheck HTTP/1.1 200 - - 2.917 ms
::1 - GET /users HTTP/1.1 304 - - 5.798 ms
::1 - GET /lessons?taughtCount=true HTTP/1.1 304 - - 24.887 ms
::1 - GET /allocations?showPast=false HTTP/1.1 304 - - 53.444 ms
::1 - OPTIONS /lessons?taughtCount=true HTTP/1.1 200 13 - 0.380 ms
::1 - OPTIONS /users HTTP/1.1 200 8 - 0.231 ms
::1 - OPTIONS /allocations?showPast=false HTTP/1.1 200 13 - 0.408 ms
::1 - GET /users HTTP/1.1 304 - - 3.972 ms
::1 - GET /lessons?taughtCount=true HTTP/1.1 304 - - 23.142 ms
::1 - GET /allocations?showPast=false HTTP/1.1 304 - - 30.141 ms
::1 - OPTIONS /users/loginCheck HTTP/1.1 200 21 - 0.416 ms
::1 - GET /users/loginCheck HTTP/1.1 200 - - 1.828 ms
::1 - GET /users HTTP/1.1 304 - - 8.273 ms
::1 - GET /lessons?taughtCount=true HTTP/1.1 304 - - 39.120 ms
::1 - GET /allocations?showPast=false HTTP/1.1 304 - - 72.514 ms
::1 - OPTIONS /users/loginCheck HTTP/1.1 200 21 - 0.363 ms
::1 - GET /users/loginCheck HTTP/1.1 200 - - 1.130 ms
::1 - OPTIONS /lessons?taughtCount=true HTTP/1.1 200 13 - 0.254 ms
::1 - OPTIONS /users HTTP/1.1 200 8 - 0.348 ms
::1 - OPTIONS /allocations?showPast=false HTTP/1.1 200 13 - 0.403 ms
::1 - GET /users HTTP/1.1 304 - - 4.740 ms
::1 - GET /lessons?taughtCount=true HTTP/1.1 304 - - 19.571 ms
::1 - GET /allocations?showPast=false HTTP/1.1 304 - - 40.308 ms
::1 - OPTIONS /users/loginCheck HTTP/1.1 200 21 - 0.240 ms
::1 - GET /users/loginCheck HTTP/1.1 200 - - 0.939 ms
::1 - OPTIONS /lessons?taughtCount=true HTTP/1.1 200 13 - 0.256 ms
::1 - OPTIONS /users HTTP/1.1 200 8 - 0.188 ms
::1 - OPTIONS /allocations?showPast=false HTTP/1.1 200 13 - 0.500 ms
::1 - GET /users HTTP/1.1 304 - - 5.473 ms
::1 - GET /lessons?taughtCount=true HTTP/1.1 304 - - 24.806 ms
::1 - GET /allocations?showPast=false HTTP/1.1 304 - - 35.156 ms
::1 - OPTIONS /users/loginCheck HTTP/1.1 200 21 - 0.175 ms
::1 - GET /users/loginCheck HTTP/1.1 200 - - 3.387 ms
::1 - OPTIONS /lessons?taughtCount=true HTTP/1.1 200 13 - 0.583 ms
::1 - OPTIONS /users HTTP/1.1 200 8 - 0.569 ms
::1 - OPTIONS /allocations?showPast=false HTTP/1.1 200 13 - 0.684 ms
::1 - GET /users HTTP/1.1 304 - - 7.744 ms
::1 - GET /lessons?taughtCount=true HTTP/1.1 304 - - 27.908 ms
::1 - GET /allocations?showPast=false HTTP/1.1 304 - - 44.491 ms
::1 - OPTIONS /lessons?taughtCount=true HTTP/1.1 200 13 - 0.236 ms
::1 - OPTIONS /users HTTP/1.1 200 8 - 0.307 ms
::1 - OPTIONS /allocations?showPast=false HTTP/1.1 200 13 - 0.965 ms
::1 - GET /users HTTP/1.1 304 - - 3.676 ms
::1 - GET /lessons?taughtCount=true HTTP/1.1 304 - - 22.884 ms
::1 - GET /allocations?showPast=false HTTP/1.1 304 - - 29.242 ms
::1 - OPTIONS /lessons?taughtCount=true HTTP/1.1 200 13 - 0.341 ms
::1 - OPTIONS /users HTTP/1.1 200 8 - 0.480 ms
::1 - GET /users HTTP/1.1 304 - - 3.575 ms
::1 - GET /lessons?taughtCount=true HTTP/1.1 304 - - 18.438 ms
::1 - GET /users HTTP/1.1 304 - - 2.748 ms
::1 - GET /lessons?taughtCount=true HTTP/1.1 304 - - 14.432 ms
::1 - OPTIONS /users/loginCheck HTTP/1.1 200 21 - 0.565 ms
::1 - GET /users/loginCheck HTTP/1.1 200 - - 1.414 ms
::1 - OPTIONS /lessons?taughtCount=true HTTP/1.1 200 13 - 0.443 ms
::1 - OPTIONS /users HTTP/1.1 200 8 - 0.566 ms
::1 - OPTIONS /allocations?showPast=false HTTP/1.1 200 13 - 0.346 ms
::1 - GET /users HTTP/1.1 304 - - 5.655 ms
::1 - GET /lessons?taughtCount=true HTTP/1.1 304 - - 19.183 ms
::1 - GET /allocations?showPast=false HTTP/1.1 304 - - 35.327 ms
::1 - OPTIONS /users/loginCheck HTTP/1.1 200 21 - 0.522 ms
::1 - GET /users/loginCheck HTTP/1.1 200 - - 1.810 ms
::1 - OPTIONS /lessons?taughtCount=true HTTP/1.1 200 13 - 0.412 ms
::1 - OPTIONS /users HTTP/1.1 200 8 - 0.542 ms
::1 - OPTIONS /allocations?showPast=false HTTP/1.1 200 13 - 0.663 ms
::1 - GET /users HTTP/1.1 304 - - 4.643 ms
::1 - GET /lessons?taughtCount=true HTTP/1.1 304 - - 33.307 ms
::1 - GET /allocations?showPast=false HTTP/1.1 304 - - 49.885 ms
::1 - OPTIONS /lessons?taughtCount=true HTTP/1.1 200 13 - 0.515 ms
::1 - OPTIONS /users HTTP/1.1 200 8 - 0.781 ms
::1 - GET /users HTTP/1.1 304 - - 4.108 ms
::1 - GET /lessons?taughtCount=true HTTP/1.1 304 - - 23.318 ms
::1 - OPTIONS /lessons?taughtCount=true HTTP/1.1 200 13 - 0.344 ms
::1 - OPTIONS /users HTTP/1.1 200 8 - 0.661 ms
::1 - GET /users HTTP/1.1 304 - - 2.474 ms
::1 - GET /lessons?taughtCount=true HTTP/1.1 304 - - 19.197 ms
::1 - OPTIONS /lessons?taughtCount=true HTTP/1.1 200 13 - 0.436 ms
::1 - OPTIONS /users HTTP/1.1 200 8 - 0.412 ms
::1 - GET /users HTTP/1.1 304 - - 3.285 ms
::1 - GET /lessons?taughtCount=true HTTP/1.1 304 - - 28.861 ms
::1 - GET /users HTTP/1.1 304 - - 2.289 ms
::1 - OPTIONS /allocations/21 HTTP/1.1 200 21 - 0.585 ms
::1 - GET /allocations/21 HTTP/1.1 200 543 - 8.684 ms
::1 - OPTIONS /allocations/21/files HTTP/1.1 200 13 - 0.811 ms
::1 - GET /allocations/21/files HTTP/1.1 200 44 - 5.319 ms
::1 - OPTIONS /users/loginCheck HTTP/1.1 200 21 - 0.311 ms
::1 - OPTIONS /lessons?taughtCount=true HTTP/1.1 200 13 - 0.543 ms
::1 - OPTIONS /users HTTP/1.1 200 8 - 0.513 ms
::1 - OPTIONS /allocations?showPast=false HTTP/1.1 200 13 - 1.076 ms
::1 - OPTIONS /lessons?taughtCount=true HTTP/1.1 200 13 - 0.349 ms
::1 - OPTIONS /users HTTP/1.1 200 8 - 0.384 ms
::1 - GET /users HTTP/1.1 304 - - 10.021 ms
::1 - GET /lessons?taughtCount=true HTTP/1.1 304 - - 31.037 ms
::1 - GET /users HTTP/1.1 304 - - 3.104 ms
::1 - GET /lessons?taughtCount=true HTTP/1.1 304 - - 16.808 ms
::1 - GET /users HTTP/1.1 304 - - 4.600 ms
::1 - GET /lessons?taughtCount=true HTTP/1.1 304 - - 14.928 ms
::1 - GET /users HTTP/1.1 304 - - 2.484 ms
::1 - GET /lessons?taughtCount=true HTTP/1.1 304 - - 14.647 ms
::1 - GET /users HTTP/1.1 304 - - 2.295 ms
::1 - GET /lessons?taughtCount=true HTTP/1.1 304 - - 13.741 ms
::1 - GET /users HTTP/1.1 304 - - 2.415 ms
::1 - OPTIONS /allocations/21 HTTP/1.1 200 21 - 0.333 ms
::1 - GET /allocations/21 HTTP/1.1 304 - - 5.343 ms
::1 - OPTIONS /allocations/21/files HTTP/1.1 200 13 - 0.318 ms
::1 - GET /allocations/21/files HTTP/1.1 304 - - 4.106 ms
::1 - OPTIONS /lessons?taughtCount=true HTTP/1.1 200 13 - 0.404 ms
::1 - OPTIONS /users HTTP/1.1 200 8 - 0.398 ms
::1 - GET /users HTTP/1.1 304 - - 3.641 ms
::1 - GET /lessons?taughtCount=true HTTP/1.1 304 - - 30.742 ms
::1 - OPTIONS /lessons?taughtCount=true HTTP/1.1 200 13 - 0.657 ms
::1 - OPTIONS /users HTTP/1.1 200 8 - 0.589 ms
::1 - GET /users HTTP/1.1 304 - - 3.299 ms
::1 - GET /lessons?taughtCount=true HTTP/1.1 304 - - 19.507 ms
::1 - OPTIONS /lessons?taughtCount=true HTTP/1.1 200 13 - 0.254 ms
::1 - OPTIONS /users HTTP/1.1 200 8 - 0.265 ms
::1 - GET /users HTTP/1.1 304 - - 2.837 ms
::1 - GET /lessons?taughtCount=true HTTP/1.1 304 - - 22.921 ms
::1 - OPTIONS /lessons?taughtCount=true HTTP/1.1 200 13 - 0.319 ms
::1 - OPTIONS /users HTTP/1.1 200 8 - 0.374 ms
::1 - GET /users HTTP/1.1 304 - - 3.205 ms
::1 - GET /lessons?taughtCount=true HTTP/1.1 304 - - 20.716 ms
::1 - OPTIONS /lessons?taughtCount=true HTTP/1.1 200 13 - 0.522 ms
::1 - OPTIONS /users HTTP/1.1 200 8 - 0.636 ms
::1 - GET /users HTTP/1.1 304 - - 3.678 ms
::1 - GET /lessons?taughtCount=true HTTP/1.1 304 - - 32.879 ms
::1 - OPTIONS /lessons?taughtCount=true HTTP/1.1 200 13 - 0.590 ms
::1 - OPTIONS /users HTTP/1.1 200 8 - 0.451 ms
::1 - GET /users HTTP/1.1 304 - - 5.883 ms
::1 - GET /lessons?taughtCount=true HTTP/1.1 304 - - 38.671 ms
::1 - OPTIONS /allocations HTTP/1.1 200 13 - 0.334 ms
::1 - POST /allocations HTTP/1.1 200 19 - 10.741 ms
::1 - OPTIONS /allocations?showPast=false HTTP/1.1 200 13 - 0.845 ms
::1 - POST /allocations HTTP/1.1 409 60 - 20.038 ms
::1 - GET /allocations?showPast=false HTTP/1.1 200 3930 - 83.994 ms
::1 - OPTIONS /allocations HTTP/1.1 200 13 - 0.275 ms
::1 - POST /allocations HTTP/1.1 200 19 - 19.798 ms
::1 - OPTIONS /allocations?showPast=false HTTP/1.1 200 13 - 0.540 ms
::1 - POST /allocations HTTP/1.1 409 59 - 38.712 ms
::1 - GET /allocations?showPast=false HTTP/1.1 200 4172 - 86.492 ms
::1 - OPTIONS /users/loginCheck HTTP/1.1 200 21 - 0.572 ms
::1 - GET /users/loginCheck HTTP/1.1 200 - - 0.970 ms
::1 - OPTIONS /lessons?taughtCount=true HTTP/1.1 200 13 - 0.222 ms
::1 - OPTIONS /users HTTP/1.1 200 8 - 0.219 ms
::1 - OPTIONS /allocations?showPast=false HTTP/1.1 200 13 - 0.347 ms
::1 - GET /users HTTP/1.1 304 - - 3.300 ms
::1 - GET /lessons?taughtCount=true HTTP/1.1 200 38336 - 22.435 ms
::1 - GET /allocations?showPast=false HTTP/1.1 304 - - 39.287 ms
::1 - OPTIONS /lessons?taughtCount=true HTTP/1.1 200 13 - 0.149 ms
::1 - OPTIONS /users HTTP/1.1 200 8 - 0.152 ms
::1 - GET /users HTTP/1.1 304 - - 1.230 ms
::1 - GET /lessons?taughtCount=true HTTP/1.1 304 - - 7.234 ms
::1 - OPTIONS /allocations HTTP/1.1 200 13 - 0.163 ms
::1 - POST /allocations HTTP/1.1 200 19 - 15.820 ms
::1 - OPTIONS /allocations?showPast=false HTTP/1.1 200 13 - 0.186 ms
::1 - POST /allocations HTTP/1.1 409 63 - 3.724 ms
::1 - GET /allocations?showPast=false HTTP/1.1 200 4425 - 22.802 ms
::1 - OPTIONS /lessons?taughtCount=true HTTP/1.1 200 13 - 0.166 ms
::1 - OPTIONS /users HTTP/1.1 200 8 - 0.200 ms
::1 - GET /users HTTP/1.1 304 - - 1.815 ms
::1 - GET /lessons?taughtCount=true HTTP/1.1 200 38336 - 9.841 ms
::1 - OPTIONS /lessons?taughtCount=true HTTP/1.1 200 13 - 0.164 ms
::1 - OPTIONS /users HTTP/1.1 200 8 - 0.263 ms
::1 - GET /users HTTP/1.1 304 - - 1.602 ms
::1 - GET /lessons?taughtCount=true HTTP/1.1 304 - - 9.803 ms
::1 - OPTIONS /users/loginCheck HTTP/1.1 200 21 - 0.205 ms
::1 - OPTIONS /lessons?taughtCount=true HTTP/1.1 200 13 - 0.240 ms
::1 - OPTIONS /users HTTP/1.1 200 8 - 0.210 ms
::1 - OPTIONS /allocations?showPast=false HTTP/1.1 200 13 - 0.176 ms
::1 - OPTIONS /allocations HTTP/1.1 200 13 - 0.167 ms
::1 - POST /allocations HTTP/1.1 200 19 - 9.895 ms
::1 - OPTIONS /allocations?showPast=false HTTP/1.1 200 13 - 0.347 ms
::1 - GET /allocations?showPast=false HTTP/1.1 200 4680 - 22.995 ms
::1 - OPTIONS /allocations HTTP/1.1 200 13 - 0.209 ms
::1 - POST /allocations HTTP/1.1 200 19 - 10.392 ms
::1 - OPTIONS /allocations?showPast=false HTTP/1.1 200 13 - 0.158 ms
::1 - POST /allocations HTTP/1.1 409 60 - 6.391 ms
::1 - GET /allocations?showPast=false HTTP/1.1 200 4933 - 25.009 ms
::1 - OPTIONS /users/loginCheck HTTP/1.1 200 21 - 0.170 ms
::1 - GET /users/loginCheck HTTP/1.1 200 - - 0.675 ms
::1 - OPTIONS /lessons?taughtCount=true HTTP/1.1 200 13 - 0.261 ms
::1 - OPTIONS /users HTTP/1.1 200 8 - 0.250 ms
::1 - OPTIONS /allocations?showPast=false HTTP/1.1 200 13 - 0.252 ms
::1 - GET /users HTTP/1.1 304 - - 1.932 ms
::1 - GET /lessons?taughtCount=true HTTP/1.1 200 38336 - 10.728 ms
::1 - GET /allocations?showPast=false HTTP/1.1 304 - - 27.137 ms
::1 - OPTIONS /lessons?taughtCount=true HTTP/1.1 200 13 - 0.167 ms
::1 - OPTIONS /users HTTP/1.1 200 8 - 0.205 ms
::1 - GET /users HTTP/1.1 304 - - 1.540 ms
::1 - GET /lessons?taughtCount=true HTTP/1.1 304 - - 14.926 ms
::1 - OPTIONS /allocations HTTP/1.1 200 13 - 0.156 ms
::1 - POST /allocations HTTP/1.1 200 19 - 5.997 ms
::1 - POST /allocations HTTP/1.1 409 63 - 2.569 ms
::1 - OPTIONS /allocations?showPast=false HTTP/1.1 200 13 - 0.263 ms
::1 - GET /allocations?showPast=false HTTP/1.1 200 5192 - 23.368 ms
::1 - OPTIONS /allocations?confirm=true HTTP/1.1 200 13 - 0.161 ms
::1 - POST /allocations?confirm=true HTTP/1.1 200 19 - 5.039 ms
::1 - GET /allocations?showPast=false HTTP/1.1 304 - - 21.334 ms
::1 - OPTIONS /allocations HTTP/1.1 200 13 - 0.189 ms
::1 - POST /allocations HTTP/1.1 200 19 - 15.048 ms
::1 - POST /allocations HTTP/1.1 409 68 - 4.194 ms
::1 - OPTIONS /allocations?showPast=false HTTP/1.1 200 13 - 0.223 ms
::1 - GET /allocations?showPast=false HTTP/1.1 200 5434 - 32.439 ms
::1 - OPTIONS /allocations?confirm=true HTTP/1.1 200 13 - 0.258 ms
::1 - POST /allocations?confirm=true HTTP/1.1 200 19 - 13.360 ms
::1 - GET /allocations?showPast=false HTTP/1.1 304 - - 23.635 ms
::1 - OPTIONS /users/loginCheck HTTP/1.1 200 21 - 0.182 ms
::1 - GET /users/loginCheck HTTP/1.1 200 - - 0.940 ms
::1 - OPTIONS /lessons?taughtCount=true HTTP/1.1 200 13 - 0.209 ms
::1 - OPTIONS /users HTTP/1.1 200 8 - 0.177 ms
::1 - OPTIONS /allocations?showPast=false HTTP/1.1 200 13 - 0.186 ms
::1 - GET /users HTTP/1.1 304 - - 3.386 ms
::1 - GET /lessons?taughtCount=true HTTP/1.1 200 38336 - 18.112 ms
::1 - GET /allocations?showPast=false HTTP/1.1 304 - - 27.855 ms
::1 - OPTIONS /lessons?taughtCount=true HTTP/1.1 200 13 - 0.183 ms
::1 - OPTIONS /users HTTP/1.1 200 8 - 0.183 ms
::1 - GET /users HTTP/1.1 304 - - 1.548 ms
::1 - GET /lessons?taughtCount=true HTTP/1.1 304 - - 8.232 ms
::1 - OPTIONS /users/loginCheck HTTP/1.1 200 21 - 0.159 ms
::1 - GET /users/loginCheck HTTP/1.1 200 - - 0.677 ms
::1 - OPTIONS /allocations?showPast=false HTTP/1.1 200 13 - 0.143 ms
::1 - GET /users HTTP/1.1 304 - - 3.262 ms
::1 - GET /lessons?taughtCount=true HTTP/1.1 304 - - 11.704 ms
::1 - GET /allocations?showPast=false HTTP/1.1 304 - - 32.429 ms
::1 - OPTIONS /allocations HTTP/1.1 200 13 - 0.198 ms
::1 - POST /allocations HTTP/1.1 200 19 - 13.248 ms
::1 - POST /allocations HTTP/1.1 409 73 - 2.747 ms
::1 - OPTIONS /allocations?showPast=false HTTP/1.1 200 13 - 0.176 ms
::1 - GET /allocations?showPast=false HTTP/1.1 200 5691 - 28.475 ms
::1 - OPTIONS /allocations?confirm=true HTTP/1.1 200 13 - 0.215 ms
::1 - POST /allocations?confirm=true HTTP/1.1 200 19 - 11.736 ms
::1 - OPTIONS /allocations?showPast=false HTTP/1.1 200 13 - 0.157 ms
::1 - GET /allocations?showPast=false HTTP/1.1 304 - - 23.199 ms
::1 - OPTIONS /lessons?taughtCount=true HTTP/1.1 200 13 - 0.162 ms
::1 - OPTIONS /users HTTP/1.1 200 8 - 0.222 ms
::1 - GET /users HTTP/1.1 304 - - 2.274 ms
::1 - GET /lessons?taughtCount=true HTTP/1.1 200 38336 - 14.840 ms
::1 - OPTIONS /allocations HTTP/1.1 200 13 - 0.173 ms
::1 - POST /allocations HTTP/1.1 200 19 - 14.727 ms
::1 - POST /allocations HTTP/1.1 409 61 - 2.750 ms
::1 - OPTIONS /allocations?showPast=false HTTP/1.1 200 13 - 0.304 ms
::1 - GET /allocations?showPast=false HTTP/1.1 200 5943 - 31.674 ms
::1 - OPTIONS /allocations?confirm=true HTTP/1.1 200 13 - 0.264 ms
::1 - POST /allocations?confirm=true HTTP/1.1 200 19 - 15.021 ms
::1 - GET /allocations?showPast=false HTTP/1.1 200 6199 - 32.535 ms
::1 - OPTIONS /lessons?taughtCount=true HTTP/1.1 200 13 - 0.151 ms
::1 - OPTIONS /users HTTP/1.1 200 8 - 0.158 ms
::1 - GET /users HTTP/1.1 304 - - 10.181 ms
::1 - GET /lessons?taughtCount=true HTTP/1.1 200 38336 - 17.102 ms
::1 - OPTIONS /users/loginCheck HTTP/1.1 200 21 - 0.235 ms
::1 - GET /users/loginCheck HTTP/1.1 200 - - 0.718 ms
::1 - OPTIONS /lessons?taughtCount=true HTTP/1.1 200 13 - 0.384 ms
::1 - OPTIONS /users HTTP/1.1 200 8 - 0.226 ms
::1 - OPTIONS /allocations?showPast=false HTTP/1.1 200 13 - 0.249 ms
::1 - GET /users HTTP/1.1 304 - - 2.950 ms
::1 - GET /lessons?taughtCount=true HTTP/1.1 304 - - 11.937 ms
::1 - GET /allocations?showPast=false HTTP/1.1 304 - - 39.109 ms
::1 - OPTIONS /lessons?taughtCount=true HTTP/1.1 200 13 - 0.149 ms
::1 - OPTIONS /users HTTP/1.1 200 8 - 0.130 ms
::1 - GET /users HTTP/1.1 304 - - 1.698 ms
::1 - GET /lessons?taughtCount=true HTTP/1.1 304 - - 9.471 ms
::1 - OPTIONS /lessons?taughtCount=true HTTP/1.1 200 13 - 0.257 ms
::1 - OPTIONS /users HTTP/1.1 200 8 - 0.276 ms
::1 - GET /users HTTP/1.1 304 - - 1.988 ms
::1 - GET /lessons?taughtCount=true HTTP/1.1 304 - - 10.119 ms
::1 - OPTIONS /lessons?taughtCount=true HTTP/1.1 200 13 - 0.219 ms
::1 - OPTIONS /users HTTP/1.1 200 8 - 0.203 ms
::1 - GET /users HTTP/1.1 304 - - 1.988 ms
::1 - GET /lessons?taughtCount=true HTTP/1.1 304 - - 10.402 ms
::1 - OPTIONS /lessons?taughtCount=true HTTP/1.1 200 13 - 0.165 ms
::1 - OPTIONS /users HTTP/1.1 200 8 - 0.153 ms
::1 - GET /users HTTP/1.1 304 - - 1.575 ms
::1 - GET /lessons?taughtCount=true HTTP/1.1 304 - - 14.812 ms
::1 - OPTIONS /lessons?taughtCount=true HTTP/1.1 200 13 - 0.163 ms
::1 - OPTIONS /users HTTP/1.1 200 8 - 0.220 ms
::1 - GET /users HTTP/1.1 304 - - 1.378 ms
::1 - GET /lessons?taughtCount=true HTTP/1.1 304 - - 15.348 ms
::1 - OPTIONS /lessons?taughtCount=true HTTP/1.1 200 13 - 0.270 ms
::1 - OPTIONS /users HTTP/1.1 200 8 - 0.303 ms
::1 - GET /users HTTP/1.1 304 - - 1.581 ms
::1 - GET /lessons?taughtCount=true HTTP/1.1 304 - - 10.512 ms
::1 - OPTIONS /lessons?taughtCount=true HTTP/1.1 200 13 - 0.172 ms
::1 - OPTIONS /users HTTP/1.1 200 8 - 0.153 ms
::1 - GET /users HTTP/1.1 304 - - 1.839 ms
::1 - GET /lessons?taughtCount=true HTTP/1.1 304 - - 9.071 ms
::1 - OPTIONS /lessons?taughtCount=true HTTP/1.1 200 13 - 0.174 ms
::1 - OPTIONS /users HTTP/1.1 200 8 - 0.201 ms
::1 - GET /users HTTP/1.1 304 - - 1.616 ms
::1 - GET /lessons?taughtCount=true HTTP/1.1 304 - - 15.793 ms
::1 - OPTIONS /lessons?taughtCount=true HTTP/1.1 200 13 - 0.187 ms
::1 - OPTIONS /users HTTP/1.1 200 8 - 0.231 ms
::1 - GET /users HTTP/1.1 304 - - 1.534 ms
::1 - GET /lessons?taughtCount=true HTTP/1.1 304 - - 10.926 ms
::1 - OPTIONS /lessons?taughtCount=true HTTP/1.1 200 13 - 0.232 ms
::1 - OPTIONS /users HTTP/1.1 200 8 - 0.189 ms
::1 - GET /users HTTP/1.1 304 - - 1.667 ms
::1 - GET /lessons?taughtCount=true HTTP/1.1 304 - - 7.935 ms
::1 - OPTIONS /lessons?taughtCount=true HTTP/1.1 200 13 - 0.152 ms
::1 - OPTIONS /users HTTP/1.1 200 8 - 0.220 ms
::1 - GET /users HTTP/1.1 304 - - 1.425 ms
::1 - GET /lessons?taughtCount=true HTTP/1.1 304 - - 15.248 ms
::1 - OPTIONS /lessons?taughtCount=true HTTP/1.1 200 13 - 0.204 ms
::1 - OPTIONS /users HTTP/1.1 200 8 - 0.273 ms
::1 - GET /users HTTP/1.1 304 - - 1.720 ms
::1 - GET /lessons?taughtCount=true HTTP/1.1 304 - - 15.109 ms
::1 - OPTIONS /lessons?taughtCount=true HTTP/1.1 200 13 - 0.164 ms
::1 - OPTIONS /users HTTP/1.1 200 8 - 0.236 ms
::1 - GET /users HTTP/1.1 304 - - 1.669 ms
::1 - GET /lessons?taughtCount=true HTTP/1.1 304 - - 9.564 ms
::1 - OPTIONS /lessons?taughtCount=true HTTP/1.1 200 13 - 0.153 ms
::1 - OPTIONS /users HTTP/1.1 200 8 - 0.154 ms
::1 - GET /users HTTP/1.1 304 - - 1.275 ms
::1 - GET /lessons?taughtCount=true HTTP/1.1 304 - - 9.059 ms
::1 - OPTIONS /lessons?taughtCount=true HTTP/1.1 200 13 - 0.197 ms
::1 - OPTIONS /users HTTP/1.1 200 8 - 0.125 ms
::1 - GET /users HTTP/1.1 304 - - 2.114 ms
::1 - GET /lessons?taughtCount=true HTTP/1.1 304 - - 7.854 ms
