::1 - OPTIONS /users/loginCheck HTTP/1.1 200 21 - 0.603 ms
::1 - GET /users/loginCheck HTTP/1.1 200 - - 3.163 ms
::1 - OPTIONS /lessons/allLessonsDropdownItems HTTP/1.1 200 21 - 0.611 ms
::1 - OPTIONS /lessons HTTP/1.1 200 13 - 0.960 ms
::1 - GET /lessons HTTP/1.1 304 - - 8.737 ms
::1 - GET /lessons/allLessonsDropdownItems HTTP/1.1 304 - - 10.793 ms
::1 - OPTIONS /users/loginCheck HTTP/1.1 200 21 - 0.451 ms
::1 - GET /users/loginCheck HTTP/1.1 200 - - 0.797 ms
::1 - OPTIONS /lessons?taughtCount=true HTTP/1.1 200 13 - 0.742 ms
::1 - OPTIONS /users HTTP/1.1 200 8 - 0.917 ms
::1 - OPTIONS /allocations?showPast=false HTTP/1.1 200 13 - 0.683 ms
::1 - GET /users HTTP/1.1 200 2392 - 5.225 ms
::1 - GET /lessons?taughtCount=true HTTP/1.1 304 - - 15.704 ms
::1 - GET /allocations?showPast=false HTTP/1.1 200 1683 - 24.122 ms
::1 - OPTIONS /allocations/21 HTTP/1.1 200 21 - 0.544 ms
::1 - GET /allocations/21 HTTP/1.1 304 - - 5.850 ms
::1 - OPTIONS /allocations/21/files HTTP/1.1 200 13 - 0.460 ms
::1 - OPTIONS /lessons/8/files HTTP/1.1 200 8 - 0.505 ms
::1 - GET /allocations/21/files HTTP/1.1 200 38 - 4.141 ms
::1 - GET /lessons/8/files HTTP/1.1 304 - - 4.377 ms
::1 - OPTIONS /allocations/21/files?filename=17SQN+lesson+plan+template.docx&allocationId=21 HTTP/1.1 200 13 - 0.484 ms
::1 - POST /allocations/21/files?filename=17SQN+lesson+plan+template.docx&allocationId=21 HTTP/1.1 200 13 - 19.050 ms
::1 - OPTIONS /allocations/21/files HTTP/1.1 200 13 - 0.631 ms
::1 - OPTIONS /lessons/8/files HTTP/1.1 200 8 - 0.599 ms
::1 - GET /allocations/21/files HTTP/1.1 200 102 - 5.382 ms
::1 - GET /lessons/8/files HTTP/1.1 304 - - 4.551 ms
::1 - OPTIONS /allocations/20 HTTP/1.1 200 21 - 0.470 ms
::1 - GET /allocations/20 HTTP/1.1 304 - - 14.620 ms
::1 - OPTIONS /allocations/20/files HTTP/1.1 200 13 - 0.567 ms
::1 - OPTIONS /lessons/3/files HTTP/1.1 200 8 - 0.769 ms
::1 - GET /lessons/3/files HTTP/1.1 304 - - 3.637 ms
::1 - GET /allocations/20/files HTTP/1.1 200 38 - 6.209 ms
::1 - OPTIONS /allocations/20/files?filename=17SQN+lesson+plan+template.docx&allocationId=20 HTTP/1.1 200 13 - 0.576 ms
::1 - POST /allocations/20/files?filename=17SQN+lesson+plan+template.docx&allocationId=20 HTTP/1.1 200 13 - 11.807 ms
::1 - OPTIONS /allocations/20/files HTTP/1.1 200 13 - 0.672 ms
::1 - OPTIONS /lessons/3/files HTTP/1.1 200 8 - 0.707 ms
::1 - GET /lessons/3/files HTTP/1.1 304 - - 2.621 ms
::1 - GET /allocations/20/files HTTP/1.1 200 102 - 4.901 ms
::1 - OPTIONS /allocations/20/files?filename=17SQN+lesson+plan+template.docx&allocationId=20 HTTP/1.1 200 13 - 0.457 ms
::1 - POST /allocations/20/files?filename=17SQN+lesson+plan+template.docx&allocationId=20 HTTP/1.1 200 13 - 14.764 ms
::1 - OPTIONS /allocations/20/files HTTP/1.1 200 13 - 0.554 ms
::1 - OPTIONS /lessons/3/files HTTP/1.1 200 8 - 0.668 ms
::1 - GET /lessons/3/files HTTP/1.1 304 - - 3.811 ms
::1 - GET /allocations/20/files HTTP/1.1 200 167 - 6.337 ms
::1 - OPTIONS /allocations/19 HTTP/1.1 200 21 - 0.485 ms
::1 - GET /allocations/19 HTTP/1.1 304 - - 2.619 ms
::1 - OPTIONS /allocations/19/files HTTP/1.1 200 13 - 0.547 ms
::1 - OPTIONS /lessons/1/files HTTP/1.1 200 8 - 0.958 ms
::1 - GET /allocations/19/files HTTP/1.1 304 - - 3.045 ms
::1 - GET /lessons/1/files HTTP/1.1 304 - - 3.177 ms
::1 - OPTIONS /allocations/19/files?filename=17SQN+lesson+plan+template.docx&allocationId=19 HTTP/1.1 200 13 - 1.265 ms
::1 - POST /allocations/19/files?filename=17SQN+lesson+plan+template.docx&allocationId=19 HTTP/1.1 200 13 - 8.902 ms
::1 - OPTIONS /allocations/19/files HTTP/1.1 200 13 - 0.623 ms
::1 - OPTIONS /lessons/1/files HTTP/1.1 200 8 - 0.375 ms
::1 - GET /allocations/19/files HTTP/1.1 200 170 - 2.984 ms
::1 - GET /lessons/1/files HTTP/1.1 304 - - 3.478 ms
::1 - OPTIONS /allocations/19/files/25 HTTP/1.1 200 6 - 0.725 ms
::1 - DELETE /allocations/19/files/25 HTTP/1.1 200 - - 9.961 ms
::1 - OPTIONS /allocations/19/files/29 HTTP/1.1 200 6 - 0.485 ms
::1 - DELETE /allocations/19/files/29 HTTP/1.1 200 - - 8.444 ms
::1 - OPTIONS /allocations/19/files?filename=17SQN+lesson+plan+template.docx&allocationId=19 HTTP/1.1 200 13 - 0.450 ms
::1 - POST /allocations/19/files?filename=17SQN+lesson+plan+template.docx&allocationId=19 HTTP/1.1 200 13 - 12.438 ms
::1 - OPTIONS /allocations/19/files HTTP/1.1 200 13 - 0.627 ms
::1 - OPTIONS /lessons/1/files HTTP/1.1 200 8 - 0.776 ms
::1 - GET /allocations/19/files HTTP/1.1 200 102 - 2.469 ms
::1 - GET /lessons/1/files HTTP/1.1 304 - - 2.688 ms
::1 - OPTIONS /allocations/19/files/30 HTTP/1.1 200 6 - 0.493 ms
::1 - DELETE /allocations/19/files/30 HTTP/1.1 200 - - 8.358 ms
::1 - OPTIONS /allocations/19/files?filename=17SQN+lesson+plan+template.docx&allocationId=19 HTTP/1.1 200 13 - 0.480 ms
::1 - POST /allocations/19/files?filename=17SQN+lesson+plan+template.docx&allocationId=19 HTTP/1.1 200 13 - 17.353 ms
::1 - OPTIONS /allocations/19/files HTTP/1.1 200 13 - 0.545 ms
::1 - OPTIONS /lessons/1/files HTTP/1.1 200 8 - 0.437 ms
::1 - GET /allocations/19/files HTTP/1.1 200 102 - 2.184 ms
::1 - GET /lessons/1/files HTTP/1.1 304 - - 2.133 ms
::1 - OPTIONS /allocations/19/files?filename=Drill+Lesson+Crib+Cards.docx&allocationId=19 HTTP/1.1 200 13 - 0.464 ms
::1 - POST /allocations/19/files?filename=Drill+Lesson+Crib+Cards.docx&allocationId=19 HTTP/1.1 200 13 - 8.541 ms
::1 - OPTIONS /allocations/19/files HTTP/1.1 200 13 - 0.409 ms
::1 - OPTIONS /lessons/1/files HTTP/1.1 200 8 - 0.394 ms
::1 - GET /lessons/1/files HTTP/1.1 304 - - 3.711 ms
::1 - GET /allocations/19/files HTTP/1.1 200 164 - 4.894 ms
::1 - OPTIONS /allocations/19 HTTP/1.1 200 21 - 0.471 ms
::1 - GET /allocations/19 HTTP/1.1 304 - - 2.301 ms
::1 - OPTIONS /allocations/19/files HTTP/1.1 200 13 - 0.796 ms
::1 - OPTIONS /lessons/1/files HTTP/1.1 200 8 - 0.384 ms
::1 - GET /allocations/19/files HTTP/1.1 304 - - 2.437 ms
::1 - GET /lessons/1/files HTTP/1.1 304 - - 2.284 ms
::1 - OPTIONS /allocations/19/files/31 HTTP/1.1 200 6 - 0.443 ms
::1 - DELETE /allocations/19/files/31 HTTP/1.1 200 - - 7.524 ms
::1 - OPTIONS /allocations/19/files/32 HTTP/1.1 200 6 - 0.430 ms
::1 - DELETE /allocations/19/files/32 HTTP/1.1 200 - - 12.047 ms
::1 - OPTIONS /allocations/19/files?filename=Drill+Lesson+Crib+Cards.docx&allocationId=19 HTTP/1.1 200 13 - 0.774 ms
::1 - POST /allocations/19/files?filename=Drill+Lesson+Crib+Cards.docx&allocationId=19 HTTP/1.1 200 13 - 12.878 ms
::1 - OPTIONS /allocations/19/files HTTP/1.1 200 13 - 0.432 ms
::1 - OPTIONS /lessons/1/files HTTP/1.1 200 8 - 0.491 ms
::1 - GET /lessons/1/files HTTP/1.1 304 - - 2.008 ms
::1 - GET /allocations/19/files HTTP/1.1 200 99 - 3.454 ms
::1 - OPTIONS /users/loginCheck HTTP/1.1 200 21 - 0.576 ms
::1 - GET /users/loginCheck HTTP/1.1 200 - - 0.833 ms
::1 - OPTIONS /lessons?taughtCount=true HTTP/1.1 200 13 - 0.547 ms
::1 - OPTIONS /users HTTP/1.1 200 8 - 0.412 ms
::1 - OPTIONS /allocations?showPast=false HTTP/1.1 200 13 - 0.655 ms
::1 - GET /users HTTP/1.1 304 - - 3.785 ms
::1 - GET /lessons?taughtCount=true HTTP/1.1 304 - - 21.478 ms
::1 - GET /allocations?showPast=false HTTP/1.1 200 1689 - 30.205 ms
::1 - OPTIONS /allocations/21 HTTP/1.1 200 21 - 0.454 ms
::1 - GET /allocations/21 HTTP/1.1 200 656 - 4.224 ms
::1 - OPTIONS /allocations/21/files HTTP/1.1 200 13 - 0.547 ms
::1 - OPTIONS /lessons/8/files HTTP/1.1 200 8 - 0.588 ms
::1 - GET /lessons/8/files HTTP/1.1 304 - - 1.616 ms
::1 - GET /allocations/21/files HTTP/1.1 304 - - 3.107 ms
::1 - OPTIONS /users/loginCheck HTTP/1.1 200 21 - 5.148 ms
::1 - GET /users/loginCheck HTTP/1.1 200 - - 7.642 ms
::1 - OPTIONS /lessons?taughtCount=true HTTP/1.1 200 13 - 1.540 ms
::1 - OPTIONS /users HTTP/1.1 200 8 - 1.216 ms
::1 - OPTIONS /allocations?showPast=false HTTP/1.1 200 13 - 0.500 ms
::1 - GET /users HTTP/1.1 304 - - 9.326 ms
::1 - GET /lessons?taughtCount=true HTTP/1.1 304 - - 14.272 ms
::1 - GET /allocations?showPast=false HTTP/1.1 304 - - 30.435 ms
::1 - OPTIONS /allocations/18 HTTP/1.1 200 21 - 1.280 ms
::1 - GET /allocations/18 HTTP/1.1 304 - - 5.880 ms
::1 - OPTIONS /allocations/18/files HTTP/1.1 200 13 - 0.573 ms
::1 - OPTIONS /lessons/4/files HTTP/1.1 200 8 - 0.594 ms
::1 - GET /lessons/4/files HTTP/1.1 304 - - 4.481 ms
::1 - GET /allocations/18/files HTTP/1.1 200 98 - 6.859 ms
::1 - OPTIONS /allocations/18/files/24 HTTP/1.1 200 6 - 0.524 ms
::1 - DELETE /allocations/18/files/24 HTTP/1.1 200 - - 14.652 ms
::1 - OPTIONS /allocations/18/files?filename=Drill+Lesson+Crib+Cards.docx&allocationId=18 HTTP/1.1 200 13 - 0.543 ms
::1 - POST /allocations/18/files?filename=Drill+Lesson+Crib+Cards.docx&allocationId=18 HTTP/1.1 200 13 - 11.986 ms
::1 - OPTIONS /allocations/18/files HTTP/1.1 200 13 - 0.700 ms
::1 - OPTIONS /lessons/4/files HTTP/1.1 200 8 - 0.642 ms
::1 - GET /lessons/4/files HTTP/1.1 304 - - 2.530 ms
::1 - GET /allocations/18/files HTTP/1.1 200 105 - 4.065 ms
::1 - OPTIONS /allocations/18/files?filename=2.+Squad+Handling.docx&allocationId=18 HTTP/1.1 200 13 - 0.481 ms
::1 - OPTIONS /allocations/18/files?filename=Drill+Lesson+Crib+Cards.docx&allocationId=18 HTTP/1.1 200 13 - 1.550 ms
::1 - OPTIONS /allocations/18/files?filename=3.+Coaching+%26+Fault+Checking.docx&allocationId=18 HTTP/1.1 200 13 - 1.698 ms
::1 - POST /allocations/18/files?filename=2.+Squad+Handling.docx&allocationId=18 HTTP/1.1 200 13 - 12.858 ms
::1 - POST /allocations/18/files?filename=Drill+Lesson+Crib+Cards.docx&allocationId=18 HTTP/1.1 200 13 - 14.484 ms
::1 - POST /allocations/18/files?filename=3.+Coaching+%26+Fault+Checking.docx&allocationId=18 HTTP/1.1 200 13 - 14.497 ms
::1 - OPTIONS /allocations/18/files HTTP/1.1 200 13 - 1.363 ms
::1 - OPTIONS /lessons/4/files HTTP/1.1 200 8 - 1.601 ms
::1 - GET /allocations/18/files HTTP/1.1 200 290 - 4.608 ms
::1 - GET /lessons/4/files HTTP/1.1 304 - - 3.888 ms
::1 - GET /allocations/18/files HTTP/1.1 304 - - 5.502 ms
::1 - GET /lessons/4/files HTTP/1.1 304 - - 4.734 ms
::1 - GET /allocations/18/files HTTP/1.1 304 - - 7.518 ms
::1 - GET /lessons/4/files HTTP/1.1 304 - - 5.052 ms
::1 - OPTIONS /storage/36 HTTP/1.1 200 15 - 0.729 ms
::1 - GET /storage/36 HTTP/1.1 200 15016 - 4.485 ms
::1 - OPTIONS /storage/34 HTTP/1.1 200 15 - 0.565 ms
::1 - GET /storage/34 HTTP/1.1 200 15016 - 1.914 ms
::1 - OPTIONS /allocations/18/files/35 HTTP/1.1 200 6 - 0.509 ms
::1 - DELETE /allocations/18/files/35 HTTP/1.1 200 - - 11.074 ms
::1 - OPTIONS /allocations/18/files/36 HTTP/1.1 200 6 - 0.483 ms
::1 - DELETE /allocations/18/files/36 HTTP/1.1 200 - - 16.625 ms
::1 - OPTIONS /allocations/18/files/34 HTTP/1.1 200 6 - 0.594 ms
::1 - DELETE /allocations/18/files/34 HTTP/1.1 200 - - 7.058 ms
::1 - OPTIONS /allocations/18/files/37 HTTP/1.1 200 6 - 0.484 ms
::1 - DELETE /allocations/18/files/37 HTTP/1.1 200 - - 10.027 ms
::1 - OPTIONS /allocations/19 HTTP/1.1 200 21 - 1.198 ms
::1 - GET /allocations/19 HTTP/1.1 304 - - 3.503 ms
::1 - OPTIONS /allocations/19/files HTTP/1.1 200 13 - 0.691 ms
::1 - OPTIONS /lessons/1/files HTTP/1.1 200 8 - 0.447 ms
::1 - GET /allocations/19/files HTTP/1.1 200 105 - 4.020 ms
::1 - GET /lessons/1/files HTTP/1.1 304 - - 3.608 ms
