::1 - OPTIONS /users/loginCheck HTTP/1.1 200 21 - 1.928 ms
::1 - GET /users/loginCheck HTTP/1.1 200 - - 10.993 ms
::1 - OPTIONS /users/2/allocations/?showPast=false HTTP/1.1 200 8 - 0.222 ms
::1 - GET /users/2/allocations/?showPast=false HTTP/1.1 200 587 - 5.165 ms
::1 - OPTIONS /allocations/26 HTTP/1.1 200 21 - 0.216 ms
::1 - GET /allocations/26 HTTP/1.1 200 580 - 3.461 ms
::1 - OPTIONS /allocations/26/files HTTP/1.1 200 13 - 0.184 ms
::1 - OPTIONS /lessons/3/files HTTP/1.1 200 8 - 0.240 ms
::1 - GET /allocations/26/files HTTP/1.1 200 44 - 3.747 ms
::1 - GET /lessons/3/files HTTP/1.1 200 2 - 8.720 ms
::1 - OPTIONS /allocations/26/files?filename=handout_mini_recruit_presentation.pdf&allocationId=26 HTTP/1.1 200 13 - 0.232 ms
::1 - OPTIONS /allocations/26/files?filename=NZCF-8-Recruit-2021.pdf&allocationId=26 HTTP/1.1 200 13 - 0.163 ms
::1 - OPTIONS /allocations/26/files?filename=Recruit+contact+details.docx&allocationId=26 HTTP/1.1 200 13 - 0.133 ms
::1 - OPTIONS /allocations/26/files?filename=recruiting+flyer+2021.docx&allocationId=26 HTTP/1.1 200 13 - 0.142 ms
::1 - OPTIONS /allocations/26/files?filename=Recruiting+Presentation+Format.docx&allocationId=26 HTTP/1.1 200 13 - 0.123 ms
::1 - OPTIONS /allocations/26/files?filename=recruiting+presentation+v3.pptx&allocationId=26 HTTP/1.1 200 13 - 0.175 ms
::1 - OPTIONS /allocations/26/files?filename=temporary_info_sheet.docx&allocationId=26 HTTP/1.1 200 13 - 0.153 ms
::1 - POST /allocations/26/files?filename=Recruiting+Presentation+Format.docx&allocationId=26 HTTP/1.1 200 12 - 18.386 ms
::1 - POST /allocations/26/files?filename=Recruit+contact+details.docx&allocationId=26 HTTP/1.1 200 12 - 29.752 ms
::1 - POST /allocations/26/files?filename=temporary_info_sheet.docx&allocationId=26 HTTP/1.1 200 12 - 14.773 ms
::1 - OPTIONS /allocations/26/files HTTP/1.1 200 13 - 0.303 ms
::1 - OPTIONS /lessons/3/files HTTP/1.1 200 8 - 0.239 ms
::1 - GET /allocations/26/files HTTP/1.1 200 285 - 13.199 ms
::1 - POST /allocations/26/files?filename=NZCF-8-Recruit-2021.pdf&allocationId=26 HTTP/1.1 200 12 - 76.315 ms
::1 - GET /lessons/3/files HTTP/1.1 304 - - 22.409 ms
::1 - GET /allocations/26/files HTTP/1.1 304 - - 8.913 ms
::1 - POST /allocations/26/files?filename=recruiting+flyer+2021.docx&allocationId=26 HTTP/1.1 200 12 - 93.737 ms
::1 - GET /lessons/3/files HTTP/1.1 304 - - 9.860 ms
::1 - GET /allocations/26/files HTTP/1.1 200 344 - 13.028 ms
::1 - GET /lessons/3/files HTTP/1.1 304 - - 2.369 ms
::1 - GET /allocations/26/files HTTP/1.1 304 - - 3.686 ms
::1 - GET /lessons/3/files HTTP/1.1 304 - - 4.318 ms
::1 - GET /allocations/26/files HTTP/1.1 304 - - 3.736 ms
::1 - GET /lessons/3/files HTTP/1.1 304 - - 3.060 ms
::1 - POST /allocations/26/files?filename=handout_mini_recruit_presentation.pdf&allocationId=26 HTTP/1.1 200 12 - 576.119 ms
::1 - GET /lessons/3/files HTTP/1.1 304 - - 3.190 ms
::1 - GET /allocations/26/files HTTP/1.1 200 413 - 5.222 ms
::1 - POST /allocations/26/files?filename=recruiting+presentation+v3.pptx&allocationId=26 HTTP/1.1 413 1791 - 1141.904 ms
::1 - OPTIONS /users/loginCheck HTTP/1.1 200 21 - 1.184 ms
::1 - GET /users/loginCheck HTTP/1.1 200 - - 2.304 ms
::1 - OPTIONS /users/2/allocations/?showPast=false HTTP/1.1 200 8 - 0.341 ms
::1 - GET /users/2/allocations/?showPast=false HTTP/1.1 200 595 - 5.037 ms
::1 - OPTIONS /users/loginCheck HTTP/1.1 200 21 - 0.407 ms
::1 - GET /users/loginCheck HTTP/1.1 200 - - 1.236 ms
::1 - OPTIONS /lessons?taughtCount=true HTTP/1.1 200 13 - 0.237 ms
::1 - OPTIONS /users HTTP/1.1 200 8 - 0.214 ms
::1 - OPTIONS /allocations?showPast=false HTTP/1.1 200 13 - 0.352 ms
::1 - GET /users HTTP/1.1 200 2268 - 3.447 ms
::1 - GET /lessons?taughtCount=true HTTP/1.1 200 38336 - 11.501 ms
::1 - GET /allocations?showPast=false HTTP/1.1 200 6207 - 28.670 ms
::1 - OPTIONS /allocations HTTP/1.1 200 13 - 0.186 ms
::1 - POST /allocations HTTP/1.1 409 60 - 6.743 ms
::1 - POST /allocations HTTP/1.1 200 19 - 18.504 ms
::1 - OPTIONS /allocations?showPast=false HTTP/1.1 200 13 - 0.188 ms
::1 - GET /allocations?showPast=false HTTP/1.1 200 6576 - 28.588 ms
::1 - OPTIONS /allocations?confirm=true HTTP/1.1 200 13 - 0.171 ms
::1 - POST /allocations?confirm=true HTTP/1.1 200 19 - 10.030 ms
::1 - GET /allocations?showPast=false HTTP/1.1 200 6945 - 22.654 ms
::1 - OPTIONS /lessons?taughtCount=true HTTP/1.1 200 13 - 0.180 ms
::1 - OPTIONS /users HTTP/1.1 200 8 - 0.296 ms
::1 - GET /users HTTP/1.1 304 - - 1.997 ms
::1 - GET /lessons?taughtCount=true HTTP/1.1 200 38336 - 9.456 ms
::1 - GET /users HTTP/1.1 304 - - 1.251 ms
::1 - GET /lessons?taughtCount=true HTTP/1.1 304 - - 7.633 ms
::1 - OPTIONS /allocations HTTP/1.1 200 13 - 0.180 ms
::1 - POST /allocations HTTP/1.1 200 19 - 14.147 ms
::1 - OPTIONS /allocations?showPast=false HTTP/1.1 200 13 - 0.261 ms
::1 - GET /allocations?showPast=false HTTP/1.1 200 7247 - 33.377 ms
::1 - OPTIONS /allocations HTTP/1.1 200 13 - 0.206 ms
::1 - POST /allocations HTTP/1.1 200 19 - 6.895 ms
::1 - POST /allocations HTTP/1.1 409 63 - 2.621 ms
::1 - OPTIONS /allocations?showPast=false HTTP/1.1 200 13 - 0.374 ms
::1 - GET /allocations?showPast=false HTTP/1.1 200 7508 - 38.426 ms
::1 - OPTIONS /allocations?confirm=true HTTP/1.1 200 13 - 0.241 ms
::1 - POST /allocations?confirm=true HTTP/1.1 200 19 - 5.790 ms
::1 - GET /allocations?showPast=false HTTP/1.1 200 7773 - 32.200 ms
::1 - OPTIONS /lessons?taughtCount=true HTTP/1.1 200 13 - 0.196 ms
::1 - OPTIONS /users HTTP/1.1 200 8 - 0.200 ms
::1 - GET /users HTTP/1.1 304 - - 1.501 ms
::1 - GET /lessons?taughtCount=true HTTP/1.1 200 38336 - 8.131 ms
::1 - OPTIONS /allocations HTTP/1.1 200 13 - 0.207 ms
::1 - POST /allocations HTTP/1.1 200 19 - 14.702 ms
::1 - OPTIONS /allocations?showPast=false HTTP/1.1 200 13 - 0.181 ms
::1 - GET /allocations?showPast=false HTTP/1.1 200 8025 - 29.655 ms
::1 - OPTIONS /allocations HTTP/1.1 200 13 - 0.186 ms
::1 - POST /allocations HTTP/1.1 409 70 - 2.339 ms
::1 - OPTIONS /allocations?showPast=false HTTP/1.1 200 13 - 0.213 ms
::1 - GET /allocations?showPast=false HTTP/1.1 304 - - 28.800 ms
::1 - OPTIONS /allocations?confirm=true HTTP/1.1 200 13 - 0.167 ms
::1 - POST /allocations?confirm=true HTTP/1.1 200 19 - 15.021 ms
::1 - GET /allocations?showPast=false HTTP/1.1 200 8278 - 36.072 ms
::1 - OPTIONS /allocations HTTP/1.1 200 13 - 0.178 ms
::1 - POST /allocations HTTP/1.1 200 19 - 10.179 ms
::1 - POST /allocations HTTP/1.1 409 70 - 3.447 ms
::1 - OPTIONS /allocations?showPast=false HTTP/1.1 200 13 - 0.263 ms
::1 - GET /allocations?showPast=false HTTP/1.1 200 8587 - 44.062 ms
::1 - OPTIONS /allocations?confirm=true HTTP/1.1 200 13 - 0.162 ms
::1 - POST /allocations?confirm=true HTTP/1.1 200 19 - 14.607 ms
::1 - GET /allocations?showPast=false HTTP/1.1 200 8899 - 42.995 ms
::1 - OPTIONS /lessons?taughtCount=true HTTP/1.1 200 13 - 0.159 ms
::1 - OPTIONS /users HTTP/1.1 200 8 - 0.138 ms
::1 - GET /users HTTP/1.1 304 - - 1.225 ms
::1 - GET /lessons?taughtCount=true HTTP/1.1 200 38336 - 6.900 ms
::1 - OPTIONS /lessons?taughtCount=true HTTP/1.1 200 13 - 0.171 ms
::1 - OPTIONS /users HTTP/1.1 200 8 - 0.132 ms
::1 - GET /users HTTP/1.1 304 - - 1.575 ms
::1 - GET /lessons?taughtCount=true HTTP/1.1 304 - - 14.385 ms
::1 - OPTIONS /allocations HTTP/1.1 200 13 - 0.283 ms
::1 - POST /allocations HTTP/1.1 200 19 - 9.165 ms
::1 - POST /allocations HTTP/1.1 409 63 - 2.697 ms
::1 - OPTIONS /allocations?showPast=false HTTP/1.1 200 13 - 0.153 ms
::1 - GET /allocations?showPast=false HTTP/1.1 200 9204 - 31.432 ms
::1 - OPTIONS /lessons?taughtCount=true HTTP/1.1 200 13 - 0.182 ms
::1 - OPTIONS /users HTTP/1.1 200 8 - 0.248 ms
::1 - GET /users HTTP/1.1 304 - - 1.292 ms
::1 - GET /lessons?taughtCount=true HTTP/1.1 200 38336 - 9.387 ms
::1 - OPTIONS /lessons?taughtCount=true HTTP/1.1 200 13 - 0.187 ms
::1 - OPTIONS /users HTTP/1.1 200 8 - 0.237 ms
::1 - GET /users HTTP/1.1 304 - - 1.532 ms
::1 - GET /lessons?taughtCount=true HTTP/1.1 304 - - 15.443 ms
::1 - OPTIONS /allocations HTTP/1.1 200 13 - 0.162 ms
::1 - POST /allocations HTTP/1.1 200 19 - 21.092 ms
::1 - POST /allocations HTTP/1.1 409 60 - 3.685 ms
::1 - OPTIONS /allocations?showPast=false HTTP/1.1 200 13 - 0.150 ms
::1 - GET /allocations?showPast=false HTTP/1.1 200 9499 - 37.843 ms
::1 - OPTIONS /allocations?confirm=true HTTP/1.1 200 13 - 0.147 ms
::1 - POST /allocations?confirm=true HTTP/1.1 200 19 - 14.613 ms
::1 - GET /allocations?showPast=false HTTP/1.1 200 9804 - 38.588 ms
::1 - OPTIONS /users/loginCheck HTTP/1.1 200 21 - 0.205 ms
::1 - GET /users/loginCheck HTTP/1.1 200 - - 0.984 ms
::1 - OPTIONS /lessons?taughtCount=true HTTP/1.1 200 13 - 0.147 ms
::1 - OPTIONS /users HTTP/1.1 200 8 - 0.145 ms
::1 - OPTIONS /allocations?showPast=false HTTP/1.1 200 13 - 0.148 ms
::1 - GET /users HTTP/1.1 304 - - 2.505 ms
::1 - GET /lessons?taughtCount=true HTTP/1.1 200 38336 - 16.591 ms
::1 - GET /allocations?showPast=false HTTP/1.1 304 - - 47.708 ms
::1 - GET /users/loginCheck HTTP/1.1 200 - - 0.671 ms
::1 - GET /users HTTP/1.1 304 - - 1.631 ms
::1 - GET /lessons?taughtCount=true HTTP/1.1 304 - - 13.414 ms
::1 - GET /allocations?showPast=false HTTP/1.1 304 - - 44.260 ms
::1 - OPTIONS /lessons?taughtCount=true HTTP/1.1 200 13 - 0.216 ms
::1 - OPTIONS /users HTTP/1.1 200 8 - 0.274 ms
::1 - GET /users HTTP/1.1 304 - - 2.110 ms
::1 - GET /lessons?taughtCount=true HTTP/1.1 304 - - 17.150 ms
::1 - OPTIONS /lessons?taughtCount=true HTTP/1.1 200 13 - 0.140 ms
::1 - OPTIONS /users HTTP/1.1 200 8 - 0.116 ms
::1 - GET /users HTTP/1.1 304 - - 1.278 ms
::1 - GET /lessons?taughtCount=true HTTP/1.1 304 - - 9.009 ms
::1 - OPTIONS /allocations HTTP/1.1 200 13 - 0.206 ms
::1 - POST /allocations HTTP/1.1 409 63 - 2.517 ms
::1 - OPTIONS /allocations?showPast=false HTTP/1.1 200 13 - 0.147 ms
::1 - GET /allocations?showPast=false HTTP/1.1 304 - - 39.151 ms
::1 - OPTIONS /allocations?confirm=true HTTP/1.1 200 13 - 0.177 ms
::1 - POST /allocations?confirm=true HTTP/1.1 200 19 - 13.305 ms
::1 - OPTIONS /allocations?showPast=false HTTP/1.1 200 13 - 0.207 ms
::1 - GET /allocations?showPast=false HTTP/1.1 200 10065 - 44.515 ms
::1 - OPTIONS /lessons?taughtCount=true HTTP/1.1 200 13 - 0.217 ms
::1 - OPTIONS /users HTTP/1.1 200 8 - 0.183 ms
::1 - GET /users HTTP/1.1 304 - - 1.533 ms
::1 - GET /lessons?taughtCount=true HTTP/1.1 200 38336 - 9.730 ms
::1 - OPTIONS /allocations HTTP/1.1 200 13 - 0.170 ms
::1 - POST /allocations HTTP/1.1 409 63 - 4.018 ms
::1 - OPTIONS /allocations?showPast=false HTTP/1.1 200 13 - 0.142 ms
::1 - GET /allocations?showPast=false HTTP/1.1 304 - - 37.474 ms
::1 - OPTIONS /allocations?confirm=true HTTP/1.1 200 13 - 0.152 ms
::1 - POST /allocations?confirm=true HTTP/1.1 200 19 - 15.724 ms
::1 - GET /allocations?showPast=false HTTP/1.1 200 10372 - 39.531 ms
::1 - OPTIONS /lessons?taughtCount=true HTTP/1.1 200 13 - 0.144 ms
::1 - OPTIONS /users HTTP/1.1 200 8 - 0.184 ms
::1 - GET /users HTTP/1.1 304 - - 1.537 ms
::1 - GET /lessons?taughtCount=true HTTP/1.1 200 38337 - 7.382 ms
::1 - OPTIONS /allocations HTTP/1.1 200 13 - 0.157 ms
::1 - POST /allocations HTTP/1.1 200 19 - 14.166 ms
::1 - OPTIONS /allocations?showPast=false HTTP/1.1 200 13 - 0.154 ms
::1 - GET /allocations?showPast=false HTTP/1.1 200 10626 - 47.261 ms
::1 - OPTIONS /allocations HTTP/1.1 200 13 - 0.157 ms
::1 - POST /allocations HTTP/1.1 200 19 - 19.633 ms
::1 - POST /allocations HTTP/1.1 200 19 - 8.492 ms
::1 - OPTIONS /allocations?showPast=false HTTP/1.1 200 13 - 0.143 ms
::1 - GET /allocations?showPast=false HTTP/1.1 200 11238 - 47.692 ms
::1 - OPTIONS /lessons?taughtCount=true HTTP/1.1 200 13 - 0.158 ms
::1 - OPTIONS /users HTTP/1.1 200 8 - 0.139 ms
::1 - GET /users HTTP/1.1 304 - - 1.535 ms
::1 - GET /lessons?taughtCount=true HTTP/1.1 200 38337 - 8.867 ms
::1 - OPTIONS /allocations HTTP/1.1 200 13 - 0.160 ms
::1 - POST /allocations HTTP/1.1 200 19 - 16.617 ms
::1 - OPTIONS /allocations?showPast=false HTTP/1.1 200 13 - 0.153 ms
::1 - GET /allocations?showPast=false HTTP/1.1 200 11543 - 45.316 ms
::1 - OPTIONS /users HTTP/1.1 200 8 - 0.157 ms
::1 - GET /users HTTP/1.1 304 - - 1.379 ms
::1 - OPTIONS /allocations/31 HTTP/1.1 200 21 - 0.177 ms
::1 - GET /allocations/31 HTTP/1.1 200 1079 - 2.547 ms
::1 - OPTIONS /allocations/31/files HTTP/1.1 200 13 - 0.253 ms
::1 - GET /allocations/31/files HTTP/1.1 200 44 - 10.682 ms
::1 - OPTIONS /allocations/31 HTTP/1.1 200 21 - 0.172 ms
::1 - PATCH /allocations/31 HTTP/1.1 409 63 - 3.919 ms
::1 - OPTIONS /allocations/31?confirm=true HTTP/1.1 200 21 - 0.153 ms
::1 - PATCH /allocations/31?confirm=true HTTP/1.1 200 - - 12.671 ms
::1 - GET /allocations/31 HTTP/1.1 200 1131 - 3.727 ms
::1 - OPTIONS /users HTTP/1.1 200 8 - 0.167 ms
::1 - GET /users HTTP/1.1 304 - - 1.763 ms
::1 - OPTIONS /allocations/28 HTTP/1.1 200 21 - 0.213 ms
::1 - GET /allocations/28 HTTP/1.1 200 494 - 2.585 ms
::1 - OPTIONS /allocations/28/files HTTP/1.1 200 13 - 0.192 ms
::1 - GET /allocations/28/files HTTP/1.1 200 44 - 2.038 ms
::1 - OPTIONS /allocations/28 HTTP/1.1 200 21 - 0.156 ms
::1 - PATCH /allocations/28 HTTP/1.1 400 20 - 0.757 ms
::1 - PATCH /allocations/28 HTTP/1.1 400 20 - 0.934 ms
::1 - PATCH /allocations/28 HTTP/1.1 400 20 - 0.866 ms
::1 - PATCH /allocations/28 HTTP/1.1 400 20 - 0.948 ms
::1 - OPTIONS /allocations/28 HTTP/1.1 200 21 - 0.166 ms
::1 - PATCH /allocations/28 HTTP/1.1 400 20 - 0.849 ms
::1 - PATCH /allocations/28 HTTP/1.1 400 20 - 0.927 ms
::1 - PATCH /allocations/28 HTTP/1.1 400 20 - 0.875 ms
::1 - PATCH /allocations/28 HTTP/1.1 400 20 - 0.913 ms
::1 - OPTIONS /allocations/28 HTTP/1.1 200 21 - 0.161 ms
::1 - PATCH /allocations/28 HTTP/1.1 400 20 - 0.958 ms
::1 - OPTIONS /allocations/28 HTTP/1.1 200 21 - 3.686 ms
::1 - PATCH /allocations/28 HTTP/1.1 400 20 - 24.542 ms
::1 - PATCH /allocations/28 HTTP/1.1 400 20 - 2.407 ms
::1 - PATCH /allocations/28 HTTP/1.1 400 20 - 1.228 ms
::1 - OPTIONS /allocations/28 HTTP/1.1 200 21 - 3.095 ms
::1 - PATCH /allocations/28 HTTP/1.1 400 20 - 18.152 ms
::1 - OPTIONS /allocations/28 HTTP/1.1 200 21 - 6.199 ms
::1 - PATCH /allocations/28 HTTP/1.1 400 20 - 24.179 ms
::1 - OPTIONS /allocations/28 HTTP/1.1 200 21 - 4.261 ms
::1 - PATCH /allocations/28 HTTP/1.1 400 20 - 18.718 ms
::1 - PATCH /allocations/28 HTTP/1.1 400 20 - 1.966 ms
::1 - OPTIONS /allocations/28 HTTP/1.1 200 21 - 1.408 ms
::1 - PATCH /allocations/28 HTTP/1.1 400 20 - 1.841 ms
::1 - OPTIONS /allocations/28 HTTP/1.1 200 21 - 3.270 ms
::1 - PATCH /allocations/28 HTTP/1.1 400 20 - 18.464 ms
::1 - OPTIONS /allocations/28 HTTP/1.1 200 21 - 1.440 ms
::1 - PATCH /allocations/28 HTTP/1.1 400 20 - 2.967 ms
::1 - OPTIONS /allocations/28 HTTP/1.1 200 21 - 3.013 ms
::1 - PATCH /allocations/28 HTTP/1.1 200 - - 48.217 ms
::1 - GET /allocations/28 HTTP/1.1 200 546 - 6.321 ms
::1 - OPTIONS /allocations/28 HTTP/1.1 200 21 - 2.827 ms
::1 - PATCH /allocations/28 HTTP/1.1 200 - - 42.436 ms
::1 - GET /allocations/28 HTTP/1.1 200 546 - 6.086 ms
::1 - OPTIONS /allocations/28 HTTP/1.1 200 21 - 1.419 ms
::1 - PATCH /allocations/28 HTTP/1.1 200 - - 21.794 ms
::1 - GET /allocations/28 HTTP/1.1 200 546 - 4.861 ms
::1 - OPTIONS /allocations/28 HTTP/1.1 200 21 - 0.321 ms
::1 - PATCH /allocations/28 HTTP/1.1 200 - - 13.379 ms
::1 - GET /allocations/28 HTTP/1.1 200 546 - 5.770 ms
::1 - OPTIONS /allocations/28 HTTP/1.1 200 21 - 0.348 ms
::1 - PATCH /allocations/28 HTTP/1.1 200 - - 13.608 ms
::1 - GET /allocations/28 HTTP/1.1 200 546 - 4.327 ms
::1 - PATCH /allocations/28 HTTP/1.1 200 - - 12.363 ms
::1 - GET /allocations/28 HTTP/1.1 200 546 - 4.223 ms
::1 - OPTIONS /users HTTP/1.1 200 8 - 0.210 ms
::1 - GET /users HTTP/1.1 304 - - 1.895 ms
::1 - OPTIONS /allocations/28 HTTP/1.1 200 21 - 0.192 ms
::1 - GET /allocations/28 HTTP/1.1 304 - - 4.657 ms
::1 - OPTIONS /allocations/28/files HTTP/1.1 200 13 - 0.204 ms
::1 - GET /allocations/28/files HTTP/1.1 304 - - 2.667 ms
::1 - OPTIONS /allocations/28 HTTP/1.1 200 21 - 0.186 ms
::1 - PATCH /allocations/28 HTTP/1.1 200 - - 13.100 ms
::1 - GET /allocations/28 HTTP/1.1 200 599 - 5.740 ms
::1 - OPTIONS /allocations/28 HTTP/1.1 200 21 - 2.900 ms
::1 - PATCH /allocations/28 HTTP/1.1 400 20 - 16.210 ms
::1 - OPTIONS /allocations/28 HTTP/1.1 200 21 - 1.408 ms
::1 - PATCH /allocations/28 HTTP/1.1 400 20 - 2.117 ms
::1 - OPTIONS /allocations/28 HTTP/1.1 200 21 - 0.372 ms
::1 - PATCH /allocations/28 HTTP/1.1 400 20 - 1.186 ms
::1 - OPTIONS /allocations/28 HTTP/1.1 200 21 - 2.769 ms
::1 - PATCH /allocations/28 HTTP/1.1 400 20 - 17.064 ms
::1 - OPTIONS /allocations/28 HTTP/1.1 200 21 - 2.868 ms
::1 - PATCH /allocations/28 HTTP/1.1 200 - - 33.836 ms
::1 - GET /allocations/28 HTTP/1.1 200 599 - 7.509 ms
::1 - OPTIONS /allocations/28 HTTP/1.1 200 21 - 2.684 ms
::1 - PATCH /allocations/28 HTTP/1.1 200 - - 43.034 ms
::1 - GET /allocations/28 HTTP/1.1 200 599 - 7.992 ms
::1 - OPTIONS /allocations/28 HTTP/1.1 200 21 - 1.483 ms
::1 - PATCH /allocations/28 HTTP/1.1 200 - - 23.187 ms
::1 - GET /allocations/28 HTTP/1.1 200 599 - 6.384 ms
::1 - OPTIONS /allocations/28 HTTP/1.1 200 21 - 2.801 ms
::1 - PATCH /allocations/28 HTTP/1.1 200 - - 45.953 ms
::1 - GET /allocations/28 HTTP/1.1 200 599 - 8.120 ms
::1 - OPTIONS /allocations/28 HTTP/1.1 200 21 - 1.351 ms
::1 - PATCH /allocations/28 HTTP/1.1 200 - - 25.006 ms
::1 - GET /allocations/28 HTTP/1.1 200 650 - 6.562 ms
::1 - OPTIONS /users HTTP/1.1 200 8 - 2.761 ms
::1 - GET /users HTTP/1.1 304 - - 12.711 ms
::1 - OPTIONS /allocations/28 HTTP/1.1 200 21 - 0.774 ms
::1 - GET /allocations/28 HTTP/1.1 304 - - 8.265 ms
::1 - OPTIONS /allocations/28/files HTTP/1.1 200 13 - 0.227 ms
::1 - GET /allocations/28/files HTTP/1.1 304 - - 4.241 ms
::1 - PATCH /allocations/28 HTTP/1.1 200 - - 27.799 ms
::1 - GET /allocations/28 HTTP/1.1 200 598 - 6.161 ms
::1 - OPTIONS /users HTTP/1.1 200 8 - 0.322 ms
::1 - GET /users HTTP/1.1 304 - - 1.834 ms
::1 - OPTIONS /allocations/44 HTTP/1.1 200 21 - 0.339 ms
::1 - GET /allocations/44 HTTP/1.1 200 629 - 3.415 ms
::1 - OPTIONS /allocations/44/files HTTP/1.1 200 13 - 0.203 ms
::1 - GET /allocations/44/files HTTP/1.1 200 44 - 2.970 ms
::1 - PATCH /allocations/44 HTTP/1.1 409 60 - 4.562 ms
::1 - OPTIONS /allocations/44?confirm=true HTTP/1.1 200 21 - 0.188 ms
::1 - PATCH /allocations/44?confirm=true HTTP/1.1 200 - - 12.037 ms
::1 - OPTIONS /allocations/44 HTTP/1.1 200 21 - 0.231 ms
::1 - GET /allocations/44 HTTP/1.1 200 681 - 5.725 ms
::1 - OPTIONS /users HTTP/1.1 200 8 - 0.747 ms
::1 - GET /users HTTP/1.1 304 - - 1.549 ms
::1 - OPTIONS /allocations/31 HTTP/1.1 200 21 - 0.245 ms
::1 - GET /allocations/31 HTTP/1.1 304 - - 4.947 ms
::1 - OPTIONS /allocations/31/files HTTP/1.1 200 13 - 0.199 ms
::1 - GET /allocations/31/files HTTP/1.1 304 - - 2.183 ms
::1 - OPTIONS /allocations/31 HTTP/1.1 200 21 - 0.219 ms
::1 - PATCH /allocations/31 HTTP/1.1 409 63 - 6.004 ms
::1 - OPTIONS /allocations/31?confirm=true HTTP/1.1 200 21 - 0.194 ms
::1 - PATCH /allocations/31?confirm=true HTTP/1.1 200 - - 30.729 ms
::1 - OPTIONS /allocations/31 HTTP/1.1 200 21 - 0.187 ms
::1 - GET /allocations/31 HTTP/1.1 200 1183 - 8.338 ms
::1 - OPTIONS /users HTTP/1.1 200 8 - 0.235 ms
::1 - GET /users HTTP/1.1 304 - - 2.718 ms
::1 - OPTIONS /allocations/37 HTTP/1.1 200 21 - 0.180 ms
::1 - GET /allocations/37 HTTP/1.1 200 662 - 3.488 ms
::1 - OPTIONS /allocations/37/files HTTP/1.1 200 13 - 0.184 ms
::1 - GET /allocations/37/files HTTP/1.1 200 44 - 2.178 ms
::1 - OPTIONS /allocations/37 HTTP/1.1 200 21 - 0.202 ms
::1 - PATCH /allocations/37 HTTP/1.1 409 61 - 6.005 ms
::1 - OPTIONS /allocations/37?confirm=true HTTP/1.1 200 21 - 0.173 ms
::1 - PATCH /allocations/37?confirm=true HTTP/1.1 200 - - 13.551 ms
::1 - GET /allocations/37 HTTP/1.1 200 714 - 5.363 ms
::1 - OPTIONS /users/loginCheck HTTP/1.1 200 21 - 0.406 ms
::1 - GET /users/loginCheck HTTP/1.1 200 - - 1.890 ms
::1 - OPTIONS /users/2/allocations/?showPast=false HTTP/1.1 200 8 - 0.360 ms
::1 - GET /users/2/allocations/?showPast=false HTTP/1.1 200 3948 - 32.225 ms
::1 - OPTIONS /allocations/45 HTTP/1.1 200 21 - 0.304 ms
::1 - GET /allocations/45 HTTP/1.1 200 663 - 7.656 ms
::1 - OPTIONS /allocations/45/files HTTP/1.1 200 13 - 0.321 ms
::1 - OPTIONS /lessons/5/files HTTP/1.1 200 8 - 0.286 ms
::1 - GET /allocations/45/files HTTP/1.1 200 44 - 10.314 ms
::1 - GET /lessons/5/files HTTP/1.1 200 2 - 18.369 ms
::1 - OPTIONS /users/loginCheck HTTP/1.1 200 21 - 0.428 ms
::1 - GET /users/loginCheck HTTP/1.1 200 - - 1.586 ms
::1 - OPTIONS /lessons?taughtCount=true HTTP/1.1 200 13 - 0.284 ms
::1 - OPTIONS /users HTTP/1.1 200 8 - 0.258 ms
::1 - OPTIONS /allocations?showPast=false HTTP/1.1 200 13 - 0.603 ms
::1 - GET /users HTTP/1.1 304 - - 7.558 ms
::1 - GET /lessons?taughtCount=true HTTP/1.1 200 38337 - 33.840 ms
::1 - GET /allocations?showPast=false HTTP/1.1 200 11855 - 167.540 ms
::1 - GET /users HTTP/1.1 304 - - 2.928 ms
::1 - OPTIONS /allocations/44 HTTP/1.1 200 21 - 0.304 ms
::1 - GET /allocations/44 HTTP/1.1 304 - - 11.337 ms
::1 - OPTIONS /allocations/44/files HTTP/1.1 200 13 - 0.326 ms
::1 - GET /allocations/44/files HTTP/1.1 304 - - 5.259 ms
::1 - OPTIONS /users HTTP/1.1 200 8 - 0.444 ms
::1 - GET /users HTTP/1.1 304 - - 3.081 ms
::1 - OPTIONS /allocations/37 HTTP/1.1 200 21 - 0.907 ms
::1 - GET /allocations/37 HTTP/1.1 304 - - 10.272 ms
::1 - OPTIONS /allocations/37/files HTTP/1.1 200 13 - 0.439 ms
::1 - GET /allocations/37/files HTTP/1.1 304 - - 5.717 ms
::1 - PATCH /allocations/37 HTTP/1.1 409 61 - 8.047 ms
::1 - OPTIONS /allocations/37?confirm=true HTTP/1.1 200 21 - 0.320 ms
::1 - PATCH /allocations/37?confirm=true HTTP/1.1 200 - - 12.749 ms
::1 - OPTIONS /allocations/37 HTTP/1.1 200 21 - 0.265 ms
::1 - GET /allocations/37 HTTP/1.1 200 662 - 10.463 ms
::1 - OPTIONS /users HTTP/1.1 200 8 - 0.250 ms
::1 - GET /users HTTP/1.1 304 - - 2.902 ms
::1 - OPTIONS /allocations/31 HTTP/1.1 200 21 - 0.380 ms
::1 - GET /allocations/31 HTTP/1.1 304 - - 15.512 ms
::1 - OPTIONS /allocations/31/files HTTP/1.1 200 13 - 0.493 ms
::1 - GET /allocations/31/files HTTP/1.1 304 - - 6.904 ms
::1 - PATCH /allocations/31 HTTP/1.1 200 - - 24.645 ms
::1 - GET /allocations/31 HTTP/1.1 200 1131 - 14.008 ms
::1 - OPTIONS /allocations/31 HTTP/1.1 200 21 - 0.320 ms
::1 - PATCH /allocations/31 HTTP/1.1 409 63 - 11.144 ms
::1 - OPTIONS /allocations/31?confirm=true HTTP/1.1 200 21 - 0.424 ms
::1 - PATCH /allocations/31?confirm=true HTTP/1.1 200 - - 30.043 ms
::1 - GET /allocations/31 HTTP/1.1 200 1183 - 15.965 ms
::1 - OPTIONS /users HTTP/1.1 200 8 - 0.261 ms
::1 - GET /users HTTP/1.1 304 - - 6.476 ms
::1 - OPTIONS /allocations/31 HTTP/1.1 200 21 - 0.374 ms
::1 - GET /allocations/31 HTTP/1.1 304 - - 11.968 ms
::1 - OPTIONS /allocations/31/files HTTP/1.1 200 13 - 0.547 ms
::1 - GET /allocations/31/files HTTP/1.1 304 - - 7.935 ms
::1 - PATCH /allocations/31 HTTP/1.1 200 - - 21.622 ms
::1 - GET /allocations/31 HTTP/1.1 200 1131 - 9.755 ms
::1 - OPTIONS /users HTTP/1.1 200 8 - 0.351 ms
::1 - GET /users HTTP/1.1 304 - - 3.633 ms
::1 - OPTIONS /allocations/28 HTTP/1.1 200 21 - 0.276 ms
::1 - GET /allocations/28 HTTP/1.1 304 - - 10.374 ms
::1 - OPTIONS /allocations/28/files HTTP/1.1 200 13 - 0.438 ms
::1 - GET /allocations/28/files HTTP/1.1 304 - - 4.047 ms
::1 - PATCH /allocations/28 HTTP/1.1 200 - - 25.830 ms
::1 - GET /allocations/28 HTTP/1.1 200 547 - 8.311 ms
::1 - OPTIONS /users HTTP/1.1 200 8 - 0.159 ms
::1 - GET /users HTTP/1.1 304 - - 1.510 ms
::1 - OPTIONS /allocations/50 HTTP/1.1 200 21 - 0.160 ms
::1 - GET /allocations/50 HTTP/1.1 200 632 - 3.395 ms
::1 - OPTIONS /allocations/50/files HTTP/1.1 200 13 - 0.227 ms
::1 - GET /allocations/50/files HTTP/1.1 200 44 - 2.307 ms
::1 - PATCH /allocations/50 HTTP/1.1 409 60 - 4.369 ms
::1 - OPTIONS /allocations/50?confirm=true HTTP/1.1 200 21 - 0.175 ms
::1 - PATCH /allocations/50?confirm=true HTTP/1.1 200 - - 6.974 ms
::1 - GET /allocations/50 HTTP/1.1 200 580 - 4.217 ms
::1 - OPTIONS /users HTTP/1.1 200 8 - 0.200 ms
::1 - GET /users HTTP/1.1 304 - - 1.543 ms
::1 - OPTIONS /allocations/28 HTTP/1.1 200 21 - 0.234 ms
::1 - GET /allocations/28 HTTP/1.1 304 - - 3.361 ms
::1 - OPTIONS /allocations/28/files HTTP/1.1 200 13 - 0.209 ms
::1 - GET /allocations/28/files HTTP/1.1 304 - - 2.160 ms
::1 - OPTIONS /allocations/28 HTTP/1.1 200 21 - 0.256 ms
::1 - PATCH /allocations/28 HTTP/1.1 200 - - 25.254 ms
::1 - GET /allocations/28 HTTP/1.1 200 599 - 5.302 ms
::1 - OPTIONS /users HTTP/1.1 200 8 - 0.162 ms
::1 - GET /users HTTP/1.1 304 - - 1.401 ms
::1 - OPTIONS /allocations/31 HTTP/1.1 200 21 - 0.237 ms
::1 - GET /allocations/31 HTTP/1.1 304 - - 3.878 ms
::1 - OPTIONS /allocations/31/files HTTP/1.1 200 13 - 0.166 ms
::1 - GET /allocations/31/files HTTP/1.1 304 - - 1.963 ms
::1 - OPTIONS /allocations/31 HTTP/1.1 200 21 - 0.200 ms
::1 - PATCH /allocations/31 HTTP/1.1 409 63 - 5.643 ms
::1 - OPTIONS /allocations/31?confirm=true HTTP/1.1 200 21 - 0.184 ms
::1 - PATCH /allocations/31?confirm=true HTTP/1.1 200 - - 9.527 ms
::1 - GET /allocations/31 HTTP/1.1 200 1183 - 6.032 ms
::1 - OPTIONS /users/loginCheck HTTP/1.1 200 21 - 0.196 ms
::1 - GET /users/loginCheck HTTP/1.1 200 - - 0.687 ms
::1 - OPTIONS /lessons?taughtCount=true HTTP/1.1 200 13 - 0.159 ms
::1 - OPTIONS /users HTTP/1.1 200 8 - 0.167 ms
::1 - OPTIONS /allocations?showPast=false HTTP/1.1 200 13 - 0.236 ms
::1 - GET /users HTTP/1.1 304 - - 4.737 ms
::1 - GET /lessons?taughtCount=true HTTP/1.1 304 - - 11.984 ms
::1 - GET /allocations?showPast=false HTTP/1.1 200 11752 - 63.072 ms
::1 - GET /users HTTP/1.1 304 - - 1.422 ms
::1 - OPTIONS /allocations/28 HTTP/1.1 200 21 - 0.187 ms
::1 - GET /allocations/28 HTTP/1.1 304 - - 4.366 ms
::1 - OPTIONS /allocations/28/files HTTP/1.1 200 13 - 0.165 ms
::1 - GET /allocations/28/files HTTP/1.1 304 - - 3.426 ms
::1 - OPTIONS /allocations/28 HTTP/1.1 200 21 - 0.251 ms
::1 - PATCH /allocations/28 HTTP/1.1 200 - - 32.406 ms
::1 - GET /allocations/28 HTTP/1.1 200 647 - 5.118 ms
::1 - OPTIONS /users HTTP/1.1 200 8 - 0.159 ms
::1 - GET /users HTTP/1.1 304 - - 1.257 ms
::1 - OPTIONS /allocations/28 HTTP/1.1 200 21 - 0.261 ms
::1 - GET /allocations/28 HTTP/1.1 304 - - 5.070 ms
::1 - OPTIONS /allocations/28/files HTTP/1.1 200 13 - 0.218 ms
::1 - GET /allocations/28/files HTTP/1.1 304 - - 2.394 ms
::1 - PATCH /allocations/28 HTTP/1.1 200 - - 14.502 ms
::1 - GET /allocations/28 HTTP/1.1 200 595 - 4.811 ms
::1 - OPTIONS /allocations/28 HTTP/1.1 200 21 - 0.166 ms
::1 - PATCH /allocations/28 HTTP/1.1 200 - - 24.798 ms
::1 - GET /allocations/28 HTTP/1.1 200 647 - 6.734 ms
::1 - OPTIONS /allocations/28 HTTP/1.1 200 21 - 0.177 ms
::1 - PATCH /allocations/28 HTTP/1.1 200 - - 20.556 ms
::1 - GET /allocations/28 HTTP/1.1 200 647 - 6.024 ms
::1 - OPTIONS /users/loginCheck HTTP/1.1 200 21 - 0.265 ms
::1 - GET /users/loginCheck HTTP/1.1 200 - - 1.245 ms
::1 - OPTIONS /lessons?taughtCount=true HTTP/1.1 200 13 - 0.272 ms
::1 - OPTIONS /users HTTP/1.1 200 8 - 0.287 ms
::1 - OPTIONS /allocations?showPast=false HTTP/1.1 200 13 - 0.244 ms
::1 - GET /users HTTP/1.1 304 - - 3.317 ms
::1 - GET /lessons?taughtCount=true HTTP/1.1 304 - - 13.600 ms
::1 - GET /allocations?showPast=false HTTP/1.1 200 11800 - 69.439 ms
::1 - GET /users HTTP/1.1 304 - - 1.259 ms
::1 - OPTIONS /allocations/28 HTTP/1.1 200 21 - 0.175 ms
::1 - GET /allocations/28 HTTP/1.1 304 - - 5.102 ms
::1 - OPTIONS /allocations/28/files HTTP/1.1 200 13 - 0.219 ms
::1 - GET /allocations/28/files HTTP/1.1 304 - - 2.096 ms
::1 - PATCH /allocations/28 HTTP/1.1 200 - - 22.346 ms
::1 - GET /allocations/28 HTTP/1.1 200 595 - 4.670 ms
::1 - OPTIONS /allocations/28 HTTP/1.1 200 21 - 0.177 ms
::1 - PATCH /allocations/28 HTTP/1.1 200 - - 15.095 ms
::1 - GET /allocations/28 HTTP/1.1 200 647 - 5.532 ms
::1 - OPTIONS /users HTTP/1.1 200 8 - 0.169 ms
::1 - GET /users HTTP/1.1 304 - - 1.314 ms
::1 - OPTIONS /allocations/31 HTTP/1.1 200 21 - 0.160 ms
::1 - GET /allocations/31 HTTP/1.1 304 - - 4.162 ms
::1 - OPTIONS /allocations/31/files HTTP/1.1 200 13 - 0.244 ms
::1 - GET /allocations/31/files HTTP/1.1 304 - - 1.992 ms
::1 - OPTIONS /allocations/31 HTTP/1.1 200 21 - 0.241 ms
::1 - PATCH /allocations/31 HTTP/1.1 200 - - 26.148 ms
::1 - GET /allocations/31 HTTP/1.1 200 1131 - 3.788 ms
::1 - OPTIONS /users/loginCheck HTTP/1.1 200 21 - 0.184 ms
::1 - GET /users/loginCheck HTTP/1.1 200 - - 0.643 ms
::1 - OPTIONS /lessons?taughtCount=true HTTP/1.1 200 13 - 0.190 ms
::1 - OPTIONS /users HTTP/1.1 200 8 - 0.201 ms
::1 - OPTIONS /allocations?showPast=false HTTP/1.1 200 13 - 0.245 ms
::1 - GET /users HTTP/1.1 304 - - 3.371 ms
::1 - GET /lessons?taughtCount=true HTTP/1.1 304 - - 11.370 ms
::1 - GET /allocations?showPast=false HTTP/1.1 200 11748 - 75.987 ms
::1 - OPTIONS /users HTTP/1.1 200 8 - 0.181 ms
::1 - GET /users HTTP/1.1 304 - - 1.626 ms
::1 - OPTIONS /allocations/28 HTTP/1.1 200 21 - 0.163 ms
::1 - GET /allocations/28 HTTP/1.1 304 - - 4.335 ms
::1 - OPTIONS /allocations/28/files HTTP/1.1 200 13 - 0.168 ms
::1 - GET /allocations/28/files HTTP/1.1 304 - - 2.144 ms
::1 - OPTIONS /allocations/28 HTTP/1.1 200 21 - 0.170 ms
::1 - PATCH /allocations/28 HTTP/1.1 200 - - 14.425 ms
::1 - GET /allocations/28 HTTP/1.1 200 595 - 4.375 ms
::1 - OPTIONS /users HTTP/1.1 200 8 - 0.178 ms
::1 - GET /users HTTP/1.1 304 - - 3.582 ms
::1 - OPTIONS /allocations/28 HTTP/1.1 200 21 - 0.191 ms
::1 - GET /allocations/28 HTTP/1.1 304 - - 3.706 ms
::1 - OPTIONS /allocations/28/files HTTP/1.1 200 13 - 0.160 ms
::1 - GET /allocations/28/files HTTP/1.1 304 - - 2.124 ms
::1 - OPTIONS /allocations/28 HTTP/1.1 200 21 - 0.360 ms
::1 - PATCH /allocations/28 HTTP/1.1 200 - - 14.791 ms
::1 - GET /allocations/28 HTTP/1.1 200 647 - 5.333 ms
::1 - OPTIONS /allocations/28 HTTP/1.1 200 21 - 0.187 ms
::1 - PATCH /allocations/28 HTTP/1.1 200 - - 11.433 ms
::1 - GET /allocations/28 HTTP/1.1 200 595 - 4.240 ms
::1 - OPTIONS /users HTTP/1.1 200 8 - 0.214 ms
::1 - GET /users HTTP/1.1 304 - - 1.908 ms
::1 - OPTIONS /allocations/28 HTTP/1.1 200 21 - 0.231 ms
::1 - GET /allocations/28 HTTP/1.1 304 - - 5.220 ms
::1 - OPTIONS /allocations/28/files HTTP/1.1 200 13 - 0.162 ms
::1 - GET /allocations/28/files HTTP/1.1 304 - - 2.628 ms
::1 - PATCH /allocations/28 HTTP/1.1 200 - - 22.579 ms
::1 - GET /allocations/28 HTTP/1.1 200 647 - 5.688 ms
::1 - OPTIONS /users HTTP/1.1 200 8 - 0.184 ms
::1 - GET /users HTTP/1.1 304 - - 1.594 ms
::1 - OPTIONS /allocations/28 HTTP/1.1 200 21 - 0.162 ms
::1 - GET /allocations/28 HTTP/1.1 304 - - 4.807 ms
::1 - OPTIONS /allocations/28/files HTTP/1.1 200 13 - 0.196 ms
::1 - GET /allocations/28/files HTTP/1.1 304 - - 1.816 ms
::1 - PATCH /allocations/28 HTTP/1.1 200 - - 18.377 ms
::1 - GET /allocations/28 HTTP/1.1 200 595 - 4.089 ms
::1 - OPTIONS /allocations/28 HTTP/1.1 200 21 - 0.177 ms
::1 - PATCH /allocations/28 HTTP/1.1 200 - - 23.084 ms
::1 - GET /allocations/28 HTTP/1.1 200 647 - 5.539 ms
::1 - OPTIONS /allocations/28 HTTP/1.1 200 21 - 0.231 ms
::1 - PATCH /allocations/28 HTTP/1.1 200 - - 16.115 ms
::1 - GET /allocations/28 HTTP/1.1 200 699 - 6.143 ms
::1 - OPTIONS /users HTTP/1.1 200 8 - 0.239 ms
::1 - GET /users HTTP/1.1 304 - - 2.316 ms
::1 - OPTIONS /allocations/28 HTTP/1.1 200 21 - 0.226 ms
::1 - GET /allocations/28 HTTP/1.1 304 - - 5.096 ms
::1 - OPTIONS /allocations/28/files HTTP/1.1 200 13 - 0.191 ms
::1 - GET /allocations/28/files HTTP/1.1 304 - - 1.978 ms
::1 - OPTIONS /allocations/28 HTTP/1.1 200 21 - 0.165 ms
::1 - PATCH /allocations/28 HTTP/1.1 200 - - 19.206 ms
::1 - GET /allocations/28 HTTP/1.1 200 693 - 7.477 ms
::1 - OPTIONS /users HTTP/1.1 200 8 - 0.341 ms
::1 - GET /users HTTP/1.1 304 - - 1.344 ms
::1 - OPTIONS /allocations/28 HTTP/1.1 200 21 - 0.232 ms
::1 - GET /allocations/28 HTTP/1.1 304 - - 6.014 ms
::1 - OPTIONS /allocations/28/files HTTP/1.1 200 13 - 0.219 ms
::1 - GET /allocations/28/files HTTP/1.1 304 - - 1.899 ms
::1 - PATCH /allocations/28 HTTP/1.1 200 - - 19.900 ms
::1 - GET /allocations/28 HTTP/1.1 200 745 - 7.642 ms
::1 - OPTIONS /users HTTP/1.1 200 8 - 0.173 ms
::1 - GET /users HTTP/1.1 304 - - 1.308 ms
::1 - OPTIONS /allocations/31 HTTP/1.1 200 21 - 0.189 ms
::1 - GET /allocations/31 HTTP/1.1 304 - - 3.228 ms
::1 - OPTIONS /allocations/31/files HTTP/1.1 200 13 - 0.244 ms
::1 - GET /allocations/31/files HTTP/1.1 304 - - 2.616 ms
::1 - OPTIONS /allocations/31 HTTP/1.1 200 21 - 0.169 ms
::1 - PATCH /allocations/31 HTTP/1.1 200 - - 22.752 ms
::1 - GET /allocations/31 HTTP/1.1 200 1184 - 4.481 ms
::1 - OPTIONS /users HTTP/1.1 200 8 - 0.177 ms
::1 - GET /users HTTP/1.1 304 - - 1.373 ms
::1 - OPTIONS /allocations/37 HTTP/1.1 200 21 - 0.160 ms
::1 - GET /allocations/37 HTTP/1.1 304 - - 2.966 ms
::1 - OPTIONS /allocations/37/files HTTP/1.1 200 13 - 0.179 ms
::1 - GET /allocations/37/files HTTP/1.1 304 - - 2.067 ms
::1 - OPTIONS /allocations/37 HTTP/1.1 200 21 - 0.166 ms
::1 - PATCH /allocations/37 HTTP/1.1 409 61 - 3.920 ms
::1 - OPTIONS /allocations/37?confirm=true HTTP/1.1 200 21 - 0.161 ms
::1 - PATCH /allocations/37?confirm=true HTTP/1.1 200 - - 10.631 ms
::1 - GET /allocations/37 HTTP/1.1 200 714 - 3.871 ms
::1 - OPTIONS /users HTTP/1.1 200 8 - 0.166 ms
::1 - GET /users HTTP/1.1 304 - - 1.311 ms
::1 - OPTIONS /allocations/28 HTTP/1.1 200 21 - 0.168 ms
::1 - GET /allocations/28 HTTP/1.1 304 - - 6.066 ms
::1 - OPTIONS /allocations/28/files HTTP/1.1 200 13 - 0.247 ms
::1 - GET /allocations/28/files HTTP/1.1 304 - - 2.631 ms
::1 - OPTIONS /allocations/28 HTTP/1.1 200 21 - 0.167 ms
::1 - PATCH /allocations/28 HTTP/1.1 200 - - 25.009 ms
::1 - GET /allocations/28 HTTP/1.1 200 647 - 5.855 ms
::1 - OPTIONS /users HTTP/1.1 200 8 - 0.182 ms
::1 - GET /users HTTP/1.1 304 - - 1.364 ms
::1 - OPTIONS /allocations/37 HTTP/1.1 200 21 - 0.272 ms
::1 - GET /allocations/37 HTTP/1.1 304 - - 3.894 ms
::1 - OPTIONS /allocations/37/files HTTP/1.1 200 13 - 0.159 ms
::1 - GET /allocations/37/files HTTP/1.1 304 - - 1.867 ms
::1 - OPTIONS /allocations/37 HTTP/1.1 200 21 - 0.164 ms
::1 - PATCH /allocations/37 HTTP/1.1 409 61 - 4.554 ms
::1 - OPTIONS /allocations/37?confirm=true HTTP/1.1 200 21 - 0.174 ms
::1 - PATCH /allocations/37?confirm=true HTTP/1.1 200 - - 20.894 ms
::1 - GET /allocations/37 HTTP/1.1 200 766 - 4.577 ms
::1 - OPTIONS /users HTTP/1.1 200 8 - 0.186 ms
::1 - GET /users HTTP/1.1 304 - - 1.343 ms
::1 - OPTIONS /allocations/44 HTTP/1.1 200 21 - 0.163 ms
::1 - GET /allocations/44 HTTP/1.1 304 - - 3.323 ms
::1 - OPTIONS /allocations/44/files HTTP/1.1 200 13 - 0.164 ms
::1 - GET /allocations/44/files HTTP/1.1 304 - - 2.442 ms
::1 - OPTIONS /allocations/44 HTTP/1.1 200 21 - 0.195 ms
::1 - PATCH /allocations/44 HTTP/1.1 409 60 - 4.390 ms
::1 - OPTIONS /allocations/44?confirm=true HTTP/1.1 200 21 - 0.164 ms
::1 - PATCH /allocations/44?confirm=true HTTP/1.1 200 - - 27.583 ms
::1 - GET /allocations/44 HTTP/1.1 200 733 - 9.587 ms
::1 - OPTIONS /users HTTP/1.1 200 8 - 0.159 ms
::1 - GET /users HTTP/1.1 304 - - 1.478 ms
::1 - OPTIONS /allocations/33 HTTP/1.1 200 21 - 0.379 ms
::1 - GET /allocations/33 HTTP/1.1 200 968 - 3.571 ms
::1 - OPTIONS /allocations/33/files HTTP/1.1 200 13 - 0.165 ms
::1 - GET /allocations/33/files HTTP/1.1 200 44 - 1.916 ms
::1 - OPTIONS /allocations/33 HTTP/1.1 200 21 - 0.229 ms
::1 - PATCH /allocations/33 HTTP/1.1 409 63 - 5.079 ms
::1 - OPTIONS /allocations/33?confirm=true HTTP/1.1 200 21 - 0.161 ms
::1 - PATCH /allocations/33?confirm=true HTTP/1.1 200 - - 8.902 ms
::1 - GET /allocations/33 HTTP/1.1 200 1020 - 3.261 ms
::1 - OPTIONS /users HTTP/1.1 200 8 - 0.157 ms
::1 - GET /users HTTP/1.1 304 - - 1.529 ms
::1 - OPTIONS /allocations/35 HTTP/1.1 200 21 - 0.278 ms
::1 - GET /allocations/35 HTTP/1.1 200 498 - 2.778 ms
::1 - OPTIONS /allocations/35/files HTTP/1.1 200 13 - 0.186 ms
::1 - GET /allocations/35/files HTTP/1.1 200 44 - 2.837 ms
::1 - OPTIONS /allocations/35 HTTP/1.1 200 21 - 0.235 ms
::1 - PATCH /allocations/35 HTTP/1.1 409 63 - 5.039 ms
::1 - OPTIONS /allocations/35?confirm=true HTTP/1.1 200 21 - 0.223 ms
::1 - PATCH /allocations/35?confirm=true HTTP/1.1 200 - - 8.471 ms
::1 - GET /allocations/35 HTTP/1.1 200 550 - 4.486 ms
::1 - OPTIONS /users/loginCheck HTTP/1.1 200 21 - 0.179 ms
::1 - GET /users/loginCheck HTTP/1.1 200 - - 0.728 ms
::1 - OPTIONS /lessons?taughtCount=true HTTP/1.1 200 13 - 0.169 ms
::1 - OPTIONS /users HTTP/1.1 200 8 - 0.208 ms
::1 - OPTIONS /allocations?showPast=false HTTP/1.1 200 13 - 0.241 ms
::1 - GET /users HTTP/1.1 304 - - 4.811 ms
::1 - GET /lessons?taughtCount=true HTTP/1.1 304 - - 12.734 ms
::1 - GET /allocations?showPast=false HTTP/1.1 200 12061 - 65.598 ms
::1 - GET /users HTTP/1.1 304 - - 1.449 ms
::1 - OPTIONS /allocations/26 HTTP/1.1 200 21 - 0.164 ms
::1 - GET /allocations/26 HTTP/1.1 200 588 - 3.409 ms
::1 - OPTIONS /allocations/26/files HTTP/1.1 200 13 - 0.164 ms
::1 - GET /allocations/26/files HTTP/1.1 304 - - 10.915 ms
::1 - OPTIONS /storage/3/isArchived HTTP/1.1 200 8 - 0.155 ms
::1 - OPTIONS /storage/3/isArchived HTTP/1.1 200 8 - 0.161 ms
::1 - GET /storage/3/isArchived HTTP/1.1 200 20 - 2.010 ms
::1 - GET /storage/3/isArchived HTTP/1.1 304 - - 1.454 ms
::1 - OPTIONS /storage/4/isArchived HTTP/1.1 200 8 - 0.158 ms
::1 - OPTIONS /storage/4/isArchived HTTP/1.1 200 8 - 0.135 ms
::1 - GET /storage/4/isArchived HTTP/1.1 200 20 - 1.437 ms
::1 - GET /storage/4/isArchived HTTP/1.1 304 - - 1.236 ms
::1 - OPTIONS /storage/5/isArchived HTTP/1.1 200 8 - 0.202 ms
::1 - GET /storage/5/isArchived HTTP/1.1 200 20 - 1.217 ms
::1 - OPTIONS /storage/6/isArchived HTTP/1.1 200 8 - 0.176 ms
::1 - GET /storage/5/isArchived HTTP/1.1 304 - - 2.673 ms
::1 - GET /storage/6/isArchived HTTP/1.1 200 20 - 1.269 ms
::1 - GET /storage/6/isArchived HTTP/1.1 304 - - 1.501 ms
::1 - OPTIONS /storage/7/isArchived HTTP/1.1 200 8 - 0.159 ms
::1 - OPTIONS /storage/7/isArchived HTTP/1.1 200 8 - 0.134 ms
::1 - GET /storage/7/isArchived HTTP/1.1 200 20 - 1.182 ms
::1 - GET /storage/7/isArchived HTTP/1.1 304 - - 2.017 ms
::1 - OPTIONS /storage/8/isArchived HTTP/1.1 200 8 - 0.265 ms
::1 - GET /storage/8/isArchived HTTP/1.1 200 20 - 1.488 ms
::1 - GET /storage/8/isArchived HTTP/1.1 304 - - 1.435 ms
::1 - OPTIONS /allocations/26 HTTP/1.1 200 21 - 0.298 ms
::1 - PATCH /allocations/26 HTTP/1.1 409 60 - 3.567 ms
::1 - OPTIONS /allocations/26?confirm=true HTTP/1.1 200 21 - 0.166 ms
::1 - PATCH /allocations/26?confirm=true HTTP/1.1 200 - - 9.899 ms
::1 - GET /allocations/26 HTTP/1.1 200 640 - 3.888 ms
::1 - OPTIONS /users HTTP/1.1 200 8 - 0.158 ms
::1 - GET /users HTTP/1.1 304 - - 9.163 ms
::1 - OPTIONS /allocations/50 HTTP/1.1 200 21 - 0.164 ms
::1 - GET /allocations/50 HTTP/1.1 304 - - 2.746 ms
::1 - OPTIONS /allocations/50/files HTTP/1.1 200 13 - 0.235 ms
::1 - GET /allocations/50/files HTTP/1.1 304 - - 2.369 ms
::1 - OPTIONS /allocations/50 HTTP/1.1 200 21 - 0.193 ms
::1 - PATCH /allocations/50 HTTP/1.1 409 60 - 5.216 ms
::1 - OPTIONS /allocations/50?confirm=true HTTP/1.1 200 21 - 0.183 ms
::1 - PATCH /allocations/50?confirm=true HTTP/1.1 200 - - 14.795 ms
::1 - GET /allocations/50 HTTP/1.1 200 632 - 6.238 ms
::1 - OPTIONS /users HTTP/1.1 200 8 - 0.161 ms
::1 - GET /users HTTP/1.1 304 - - 1.351 ms
::1 - OPTIONS /allocations/1 HTTP/1.1 200 21 - 0.191 ms
::1 - GET /allocations/1 HTTP/1.1 200 1008 - 3.700 ms
::1 - OPTIONS /allocations/1/files HTTP/1.1 200 13 - 0.166 ms
::1 - GET /allocations/1/files HTTP/1.1 200 104 - 2.153 ms
::1 - OPTIONS /storage/1/isArchived HTTP/1.1 200 8 - 0.153 ms
::1 - OPTIONS /storage/1/isArchived HTTP/1.1 200 8 - 0.205 ms
::1 - GET /storage/1/isArchived HTTP/1.1 200 20 - 1.276 ms
::1 - GET /storage/1/isArchived HTTP/1.1 304 - - 1.437 ms
::1 - OPTIONS /allocations/1 HTTP/1.1 200 21 - 0.164 ms
::1 - PATCH /allocations/1 HTTP/1.1 200 - - 12.449 ms
::1 - GET /allocations/1 HTTP/1.1 200 1060 - 5.523 ms
::1 - OPTIONS /users HTTP/1.1 200 8 - 0.175 ms
::1 - GET /users HTTP/1.1 304 - - 1.409 ms
::1 - OPTIONS /allocations/4 HTTP/1.1 200 21 - 0.190 ms
::1 - GET /allocations/4 HTTP/1.1 200 627 - 2.753 ms
::1 - OPTIONS /allocations/4/files HTTP/1.1 200 13 - 0.192 ms
::1 - GET /allocations/4/files HTTP/1.1 200 44 - 1.792 ms
::1 - OPTIONS /allocations/4 HTTP/1.1 200 21 - 0.215 ms
::1 - PATCH /allocations/4 HTTP/1.1 200 - - 17.171 ms
::1 - GET /allocations/4 HTTP/1.1 200 679 - 3.823 ms
::1 - OPTIONS /users HTTP/1.1 200 8 - 0.323 ms
::1 - GET /users HTTP/1.1 304 - - 3.527 ms
::1 - OPTIONS /allocations/21 HTTP/1.1 200 21 - 0.245 ms
::1 - GET /allocations/21 HTTP/1.1 200 543 - 2.642 ms
::1 - OPTIONS /allocations/21/files HTTP/1.1 200 13 - 0.170 ms
::1 - GET /allocations/21/files HTTP/1.1 200 44 - 2.410 ms
::1 - OPTIONS /allocations/21 HTTP/1.1 200 21 - 0.221 ms
::1 - PATCH /allocations/21 HTTP/1.1 409 63 - 5.467 ms
::1 - OPTIONS /allocations/21?confirm=true HTTP/1.1 200 21 - 0.161 ms
::1 - PATCH /allocations/21?confirm=true HTTP/1.1 200 - - 18.218 ms
::1 - GET /allocations/21 HTTP/1.1 200 595 - 3.020 ms
::1 - OPTIONS /users HTTP/1.1 200 8 - 0.194 ms
::1 - GET /users HTTP/1.1 304 - - 1.602 ms
::1 - OPTIONS /allocations/8 HTTP/1.1 200 21 - 0.171 ms
::1 - GET /allocations/8 HTTP/1.1 200 671 - 3.073 ms
::1 - OPTIONS /allocations/8/files HTTP/1.1 200 13 - 0.165 ms
::1 - GET /allocations/8/files HTTP/1.1 200 44 - 2.629 ms
::1 - OPTIONS /allocations/8 HTTP/1.1 200 21 - 0.183 ms
::1 - PATCH /allocations/8 HTTP/1.1 200 - - 10.409 ms
::1 - GET /allocations/8 HTTP/1.1 200 723 - 4.037 ms
::1 - OPTIONS /users HTTP/1.1 200 8 - 0.161 ms
::1 - GET /users HTTP/1.1 304 - - 1.336 ms
::1 - OPTIONS /allocations/25 HTTP/1.1 200 21 - 0.249 ms
::1 - GET /allocations/25 HTTP/1.1 200 604 - 6.069 ms
::1 - OPTIONS /allocations/25/files HTTP/1.1 200 13 - 0.177 ms
::1 - GET /allocations/25/files HTTP/1.1 200 44 - 1.847 ms
::1 - OPTIONS /allocations/25 HTTP/1.1 200 21 - 0.168 ms
::1 - PATCH /allocations/25 HTTP/1.1 200 - - 11.915 ms
::1 - GET /allocations/25 HTTP/1.1 200 656 - 4.157 ms
::1 - OPTIONS /allocations/25 HTTP/1.1 200 21 - 0.220 ms
::1 - PATCH /allocations/25 HTTP/1.1 200 - - 11.119 ms
::1 - GET /allocations/25 HTTP/1.1 200 604 - 3.543 ms
::1 - OPTIONS /users HTTP/1.1 200 8 - 0.257 ms
::1 - GET /users HTTP/1.1 304 - - 2.541 ms
::1 - OPTIONS /allocations/50 HTTP/1.1 200 21 - 0.164 ms
::1 - GET /allocations/50 HTTP/1.1 304 - - 13.558 ms
::1 - OPTIONS /allocations/50/files HTTP/1.1 200 13 - 0.179 ms
::1 - GET /allocations/50/files HTTP/1.1 304 - - 2.397 ms
::1 - PATCH /allocations/50 HTTP/1.1 409 60 - 3.809 ms
::1 - OPTIONS /allocations/50?confirm=true HTTP/1.1 200 21 - 0.163 ms
::1 - PATCH /allocations/50?confirm=true HTTP/1.1 200 - - 6.711 ms
::1 - GET /allocations/50 HTTP/1.1 200 580 - 3.202 ms
::1 - OPTIONS /users HTTP/1.1 200 8 - 0.205 ms
::1 - GET /users HTTP/1.1 304 - - 1.698 ms
::1 - OPTIONS /allocations/47 HTTP/1.1 200 21 - 0.274 ms
::1 - GET /allocations/47 HTTP/1.1 200 689 - 3.635 ms
::1 - OPTIONS /allocations/47/files HTTP/1.1 200 13 - 0.233 ms
::1 - GET /allocations/47/files HTTP/1.1 200 44 - 1.942 ms
::1 - PATCH /allocations/47 HTTP/1.1 409 70 - 4.050 ms
::1 - OPTIONS /allocations/47?confirm=true HTTP/1.1 200 21 - 0.173 ms
::1 - PATCH /allocations/47?confirm=true HTTP/1.1 200 - - 17.798 ms
::1 - OPTIONS /allocations/47 HTTP/1.1 200 21 - 0.168 ms
::1 - GET /allocations/47 HTTP/1.1 200 637 - 3.077 ms
::1 - OPTIONS /users/loginCheck HTTP/1.1 200 21 - 0.172 ms
::1 - GET /users/loginCheck HTTP/1.1 200 - - 0.689 ms
::1 - OPTIONS /lessons?taughtCount=true HTTP/1.1 200 13 - 0.254 ms
::1 - OPTIONS /users HTTP/1.1 200 8 - 0.194 ms
::1 - OPTIONS /allocations?showPast=false HTTP/1.1 200 13 - 0.241 ms
::1 - GET /users HTTP/1.1 304 - - 4.160 ms
::1 - GET /lessons?taughtCount=true HTTP/1.1 304 - - 21.837 ms
::1 - GET /allocations?showPast=false HTTP/1.1 200 12269 - 71.248 ms
::1 - GET /users HTTP/1.1 304 - - 1.583 ms
::1 - OPTIONS /allocations/28 HTTP/1.1 200 21 - 0.177 ms
::1 - GET /allocations/28 HTTP/1.1 200 647 - 5.246 ms
::1 - OPTIONS /allocations/28/files HTTP/1.1 200 13 - 0.160 ms
::1 - GET /allocations/28/files HTTP/1.1 304 - - 2.157 ms
::1 - OPTIONS /users HTTP/1.1 200 8 - 0.153 ms
::1 - GET /users HTTP/1.1 304 - - 1.178 ms
::1 - OPTIONS /allocations/37 HTTP/1.1 200 21 - 0.159 ms
::1 - GET /allocations/37 HTTP/1.1 304 - - 3.550 ms
::1 - OPTIONS /allocations/37/files HTTP/1.1 200 13 - 0.176 ms
::1 - GET /allocations/37/files HTTP/1.1 304 - - 2.492 ms
::1 - PATCH /allocations/37 HTTP/1.1 409 61 - 6.220 ms
::1 - OPTIONS /allocations/37?confirm=true HTTP/1.1 200 21 - 0.162 ms
::1 - PATCH /allocations/37?confirm=true HTTP/1.1 200 - - 16.995 ms
::1 - GET /allocations/37 HTTP/1.1 200 714 - 3.810 ms
::1 - OPTIONS /users HTTP/1.1 200 8 - 0.167 ms
::1 - GET /users HTTP/1.1 304 - - 1.127 ms
::1 - OPTIONS /allocations/44 HTTP/1.1 200 21 - 0.317 ms
::1 - GET /allocations/44 HTTP/1.1 304 - - 6.797 ms
::1 - OPTIONS /allocations/44/files HTTP/1.1 200 13 - 0.163 ms
::1 - GET /allocations/44/files HTTP/1.1 304 - - 2.029 ms
::1 - PATCH /allocations/44 HTTP/1.1 409 60 - 4.272 ms
::1 - OPTIONS /allocations/44?confirm=true HTTP/1.1 200 21 - 0.165 ms
::1 - PATCH /allocations/44?confirm=true HTTP/1.1 200 - - 9.899 ms
::1 - GET /allocations/44 HTTP/1.1 200 681 - 3.705 ms
::1 - OPTIONS /users/loginCheck HTTP/1.1 200 21 - 0.173 ms
::1 - GET /users/loginCheck HTTP/1.1 200 - - 0.666 ms
::1 - OPTIONS /lessons?taughtCount=true HTTP/1.1 200 13 - 0.744 ms
::1 - OPTIONS /users HTTP/1.1 200 8 - 0.251 ms
::1 - OPTIONS /allocations?showPast=false HTTP/1.1 200 13 - 0.248 ms
::1 - GET /users HTTP/1.1 304 - - 3.415 ms
::1 - GET /lessons?taughtCount=true HTTP/1.1 304 - - 12.869 ms
::1 - GET /allocations?showPast=false HTTP/1.1 200 12165 - 81.636 ms
::1 - OPTIONS /users HTTP/1.1 200 8 - 0.179 ms
::1 - GET /users HTTP/1.1 304 - - 1.138 ms
::1 - OPTIONS /allocations/26 HTTP/1.1 200 21 - 0.188 ms
::1 - GET /allocations/26 HTTP/1.1 304 - - 3.673 ms
::1 - OPTIONS /allocations/26/files HTTP/1.1 200 13 - 0.161 ms
::1 - GET /allocations/26/files HTTP/1.1 304 - - 2.118 ms
::1 - OPTIONS /storage/3/isArchived HTTP/1.1 200 8 - 0.152 ms
::1 - OPTIONS /storage/3/isArchived HTTP/1.1 200 8 - 0.135 ms
::1 - GET /storage/3/isArchived HTTP/1.1 200 20 - 1.111 ms
::1 - GET /storage/3/isArchived HTTP/1.1 304 - - 1.432 ms
::1 - OPTIONS /storage/4/isArchived HTTP/1.1 200 8 - 0.243 ms
::1 - GET /storage/4/isArchived HTTP/1.1 200 20 - 1.368 ms
::1 - GET /storage/4/isArchived HTTP/1.1 304 - - 1.368 ms
::1 - OPTIONS /storage/5/isArchived HTTP/1.1 200 8 - 0.181 ms
::1 - GET /storage/5/isArchived HTTP/1.1 304 - - 1.450 ms
::1 - GET /storage/5/isArchived HTTP/1.1 304 - - 1.572 ms
::1 - OPTIONS /storage/6/isArchived HTTP/1.1 200 8 - 0.170 ms
::1 - GET /storage/6/isArchived HTTP/1.1 304 - - 1.479 ms
::1 - GET /storage/6/isArchived HTTP/1.1 304 - - 1.281 ms
::1 - OPTIONS /storage/7/isArchived HTTP/1.1 200 8 - 0.276 ms
::1 - GET /storage/7/isArchived HTTP/1.1 200 20 - 1.268 ms
::1 - GET /storage/7/isArchived HTTP/1.1 304 - - 1.503 ms
::1 - OPTIONS /storage/8/isArchived HTTP/1.1 200 8 - 0.170 ms
::1 - GET /storage/8/isArchived HTTP/1.1 304 - - 1.466 ms
::1 - GET /storage/8/isArchived HTTP/1.1 304 - - 1.413 ms
::1 - PATCH /allocations/26 HTTP/1.1 409 60 - 2.919 ms
::1 - OPTIONS /allocations/26?confirm=true HTTP/1.1 200 21 - 0.175 ms
::1 - PATCH /allocations/26?confirm=true HTTP/1.1 200 - - 9.925 ms
::1 - GET /allocations/26 HTTP/1.1 200 588 - 2.888 ms
::1 - OPTIONS /users/loginCheck HTTP/1.1 200 21 - 0.171 ms
::1 - GET /users/loginCheck HTTP/1.1 200 - - 0.639 ms
::1 - OPTIONS /lessons?taughtCount=true HTTP/1.1 200 13 - 0.193 ms
::1 - OPTIONS /users HTTP/1.1 200 8 - 0.229 ms
::1 - OPTIONS /allocations?showPast=false HTTP/1.1 200 13 - 0.189 ms
::1 - GET /users HTTP/1.1 304 - - 2.736 ms
::1 - GET /lessons?taughtCount=true HTTP/1.1 304 - - 10.898 ms
::1 - GET /allocations?showPast=false HTTP/1.1 200 12113 - 64.548 ms
::1 - OPTIONS /users HTTP/1.1 200 8 - 0.180 ms
::1 - GET /users HTTP/1.1 304 - - 1.224 ms
::1 - OPTIONS /allocations/21 HTTP/1.1 200 21 - 0.201 ms
::1 - GET /allocations/21 HTTP/1.1 304 - - 3.535 ms
::1 - OPTIONS /allocations/21/files HTTP/1.1 200 13 - 0.167 ms
::1 - GET /allocations/21/files HTTP/1.1 200 44 - 1.923 ms
::1 - PATCH /allocations/21 HTTP/1.1 200 - - 14.846 ms
::1 - GET /allocations/21 HTTP/1.1 200 543 - 2.795 ms
::1 - OPTIONS /users/loginCheck HTTP/1.1 200 21 - 0.251 ms
::1 - GET /users/loginCheck HTTP/1.1 200 - - 0.867 ms
::1 - OPTIONS /lessons?taughtCount=true HTTP/1.1 200 13 - 0.164 ms
::1 - OPTIONS /users HTTP/1.1 200 8 - 0.173 ms
::1 - OPTIONS /allocations?showPast=false HTTP/1.1 200 13 - 0.325 ms
::1 - GET /users HTTP/1.1 304 - - 4.482 ms
::1 - GET /lessons?taughtCount=true HTTP/1.1 304 - - 12.473 ms
::1 - GET /allocations?showPast=false HTTP/1.1 200 12061 - 74.009 ms
::1 - OPTIONS /users HTTP/1.1 200 8 - 0.223 ms
::1 - GET /users HTTP/1.1 304 - - 1.308 ms
::1 - OPTIONS /allocations/35 HTTP/1.1 200 21 - 0.202 ms
::1 - GET /allocations/35 HTTP/1.1 304 - - 3.606 ms
::1 - OPTIONS /allocations/35/files HTTP/1.1 200 13 - 0.176 ms
::1 - GET /allocations/35/files HTTP/1.1 200 44 - 2.177 ms
::1 - PATCH /allocations/35 HTTP/1.1 200 - - 14.942 ms
::1 - GET /allocations/35 HTTP/1.1 200 498 - 3.608 ms
::1 - OPTIONS /users HTTP/1.1 200 8 - 0.165 ms
::1 - GET /users HTTP/1.1 304 - - 1.351 ms
::1 - OPTIONS /allocations/41 HTTP/1.1 200 21 - 0.284 ms
::1 - GET /allocations/41 HTTP/1.1 200 712 - 3.866 ms
::1 - OPTIONS /allocations/41/files HTTP/1.1 200 13 - 0.191 ms
::1 - GET /allocations/41/files HTTP/1.1 200 44 - 2.032 ms
::1 - PATCH /allocations/41 HTTP/1.1 200 - - 9.802 ms
::1 - GET /allocations/41 HTTP/1.1 200 660 - 2.989 ms
::1 - OPTIONS /users/loginCheck HTTP/1.1 200 21 - 0.205 ms
::1 - GET /users/loginCheck HTTP/1.1 200 - - 0.662 ms
::1 - OPTIONS /lessons?taughtCount=true HTTP/1.1 200 13 - 0.179 ms
::1 - OPTIONS /users HTTP/1.1 200 8 - 0.231 ms
::1 - OPTIONS /allocations?showPast=false HTTP/1.1 200 13 - 0.224 ms
::1 - GET /users HTTP/1.1 304 - - 2.916 ms
::1 - GET /lessons?taughtCount=true HTTP/1.1 304 - - 10.555 ms
::1 - GET /allocations?showPast=false HTTP/1.1 200 11957 - 63.269 ms
::1 - GET /users HTTP/1.1 304 - - 1.656 ms
::1 - OPTIONS /allocations/10 HTTP/1.1 200 21 - 0.170 ms
::1 - GET /allocations/10 HTTP/1.1 200 995 - 3.138 ms
::1 - OPTIONS /allocations/10/files HTTP/1.1 200 13 - 0.171 ms
::1 - GET /allocations/10/files HTTP/1.1 200 44 - 3.788 ms
::1 - PATCH /allocations/10 HTTP/1.1 200 - - 10.631 ms
::1 - GET /allocations/10 HTTP/1.1 200 943 - 3.009 ms
::1 - OPTIONS /users HTTP/1.1 200 8 - 0.228 ms
::1 - GET /users HTTP/1.1 304 - - 1.571 ms
::1 - OPTIONS /allocations/54 HTTP/1.1 200 21 - 0.189 ms
::1 - GET /allocations/54 HTTP/1.1 200 717 - 3.188 ms
::1 - OPTIONS /allocations/54/files HTTP/1.1 200 13 - 0.213 ms
::1 - GET /allocations/54/files HTTP/1.1 200 44 - 1.774 ms
::1 - PATCH /allocations/54 HTTP/1.1 200 - - 7.825 ms
::1 - GET /allocations/54 HTTP/1.1 200 665 - 3.083 ms
::1 - OPTIONS /users HTTP/1.1 200 8 - 0.173 ms
::1 - GET /users HTTP/1.1 304 - - 1.585 ms
::1 - OPTIONS /allocations/8 HTTP/1.1 200 21 - 0.164 ms
::1 - GET /allocations/8 HTTP/1.1 200 723 - 2.888 ms
::1 - OPTIONS /allocations/8/files HTTP/1.1 200 13 - 0.259 ms
::1 - GET /allocations/8/files HTTP/1.1 200 44 - 1.932 ms
::1 - PATCH /allocations/8 HTTP/1.1 200 - - 11.003 ms
::1 - GET /allocations/8 HTTP/1.1 200 671 - 3.936 ms
::1 - OPTIONS /users HTTP/1.1 200 8 - 0.187 ms
::1 - GET /users HTTP/1.1 304 - - 9.768 ms
::1 - OPTIONS /allocations/53 HTTP/1.1 200 21 - 0.156 ms
::1 - GET /allocations/53 HTTP/1.1 200 664 - 2.484 ms
::1 - OPTIONS /allocations/53/files HTTP/1.1 200 13 - 0.240 ms
::1 - GET /allocations/53/files HTTP/1.1 200 44 - 2.022 ms
::1 - PATCH /allocations/53 HTTP/1.1 200 - - 11.898 ms
::1 - GET /allocations/53 HTTP/1.1 200 715 - 4.579 ms
::1 - OPTIONS /users HTTP/1.1 200 8 - 0.159 ms
::1 - GET /users HTTP/1.1 304 - - 1.262 ms
::1 - OPTIONS /allocations/46 HTTP/1.1 200 21 - 0.177 ms
::1 - GET /allocations/46 HTTP/1.1 200 686 - 3.463 ms
::1 - OPTIONS /allocations/46/files HTTP/1.1 200 13 - 0.181 ms
::1 - GET /allocations/46/files HTTP/1.1 200 44 - 1.895 ms
::1 - PATCH /allocations/46 HTTP/1.1 500 - - 8.799 ms
::1 - OPTIONS /allocations/46 HTTP/1.1 200 21 - 0.195 ms
::1 - PATCH /allocations/46 HTTP/1.1 500 - - 13.854 ms
::1 - OPTIONS /users HTTP/1.1 200 8 - 0.159 ms
::1 - GET /users HTTP/1.1 304 - - 1.307 ms
::1 - OPTIONS /allocations/51 HTTP/1.1 200 21 - 0.344 ms
::1 - GET /allocations/51 HTTP/1.1 200 638 - 2.900 ms
::1 - OPTIONS /allocations/51/files HTTP/1.1 200 13 - 0.160 ms
::1 - GET /allocations/51/files HTTP/1.1 200 44 - 2.156 ms
::1 - PATCH /allocations/51 HTTP/1.1 500 - - 6.422 ms
::1 - OPTIONS /users/loginCheck HTTP/1.1 200 21 - 0.193 ms
::1 - GET /users/loginCheck HTTP/1.1 200 - - 0.692 ms
::1 - OPTIONS /lessons?taughtCount=true HTTP/1.1 200 13 - 0.151 ms
::1 - OPTIONS /users HTTP/1.1 200 8 - 0.266 ms
::1 - OPTIONS /allocations?showPast=false HTTP/1.1 200 13 - 0.244 ms
::1 - GET /users HTTP/1.1 304 - - 2.562 ms
::1 - GET /lessons?taughtCount=true HTTP/1.1 304 - - 9.821 ms
::1 - GET /allocations?showPast=false HTTP/1.1 200 11282 - 65.042 ms
::1 - GET /users HTTP/1.1 304 - - 2.177 ms
::1 - OPTIONS /allocations/29 HTTP/1.1 200 21 - 0.159 ms
::1 - GET /allocations/29 HTTP/1.1 200 665 - 3.588 ms
::1 - OPTIONS /allocations/29/files HTTP/1.1 200 13 - 0.164 ms
::1 - GET /allocations/29/files HTTP/1.1 200 44 - 2.194 ms
::1 - OPTIONS /allocations/29 HTTP/1.1 200 21 - 0.202 ms
::1 - PATCH /allocations/29 HTTP/1.1 500 - - 8.261 ms
::1 - OPTIONS /users HTTP/1.1 200 8 - 0.160 ms
::1 - GET /users HTTP/1.1 304 - - 1.435 ms
::1 - OPTIONS /allocations/33 HTTP/1.1 200 21 - 0.221 ms
::1 - GET /allocations/33 HTTP/1.1 304 - - 3.297 ms
::1 - OPTIONS /allocations/33/files HTTP/1.1 200 13 - 0.174 ms
::1 - GET /allocations/33/files HTTP/1.1 200 44 - 2.290 ms
::1 - OPTIONS /allocations/33 HTTP/1.1 200 21 - 0.884 ms
::1 - PATCH /allocations/33 HTTP/1.1 409 58 - 4.510 ms
::1 - OPTIONS /allocations/33?confirm=true HTTP/1.1 200 21 - 0.157 ms
::1 - PATCH /allocations/33?confirm=true HTTP/1.1 200 - - 10.733 ms
::1 - GET /allocations/33 HTTP/1.1 200 1020 - 4.508 ms
::1 - OPTIONS /allocations/33 HTTP/1.1 200 21 - 0.189 ms
::1 - PATCH /allocations/33 HTTP/1.1 409 58 - 5.825 ms
::1 - OPTIONS /allocations/33?confirm=true HTTP/1.1 200 21 - 0.175 ms
::1 - PATCH /allocations/33?confirm=true HTTP/1.1 200 - - 9.370 ms
::1 - GET /allocations/33 HTTP/1.1 200 1029 - 4.488 ms
::1 - OPTIONS /users HTTP/1.1 200 8 - 0.164 ms
::1 - GET /users HTTP/1.1 304 - - 1.187 ms
::1 - OPTIONS /allocations/33 HTTP/1.1 200 21 - 0.173 ms
::1 - GET /allocations/33 HTTP/1.1 304 - - 3.134 ms
::1 - OPTIONS /allocations/33/files HTTP/1.1 200 13 - 0.170 ms
::1 - GET /allocations/33/files HTTP/1.1 304 - - 2.095 ms
::1 - PATCH /allocations/33 HTTP/1.1 200 - - 10.630 ms
::1 - GET /allocations/33 HTTP/1.1 200 1029 - 3.389 ms
::1 - OPTIONS /users/loginCheck HTTP/1.1 200 21 - 0.176 ms
::1 - GET /users/loginCheck HTTP/1.1 200 - - 1.047 ms
::1 - OPTIONS /lessons?taughtCount=true HTTP/1.1 200 13 - 0.149 ms
::1 - OPTIONS /users HTTP/1.1 200 8 - 0.153 ms
::1 - OPTIONS /allocations?showPast=false HTTP/1.1 200 13 - 0.191 ms
::1 - GET /users HTTP/1.1 304 - - 4.134 ms
::1 - GET /lessons?taughtCount=true HTTP/1.1 304 - - 11.390 ms
::1 - GET /allocations?showPast=false HTTP/1.1 200 11036 - 64.346 ms
::1 - OPTIONS /users HTTP/1.1 200 8 - 0.180 ms
::1 - GET /users HTTP/1.1 304 - - 1.194 ms
::1 - OPTIONS /allocations/33 HTTP/1.1 200 21 - 0.167 ms
::1 - GET /allocations/33 HTTP/1.1 304 - - 3.358 ms
::1 - OPTIONS /allocations/33/files HTTP/1.1 200 13 - 0.163 ms
::1 - GET /allocations/33/files HTTP/1.1 304 - - 3.292 ms
::1 - PATCH /allocations/33 HTTP/1.1 200 - - 10.195 ms
::1 - GET /allocations/33 HTTP/1.1 200 1020 - 5.653 ms
::1 - OPTIONS /users HTTP/1.1 200 8 - 0.173 ms
::1 - GET /users HTTP/1.1 304 - - 1.204 ms
::1 - OPTIONS /allocations/10 HTTP/1.1 200 21 - 0.269 ms
::1 - GET /allocations/10 HTTP/1.1 304 - - 2.676 ms
::1 - OPTIONS /allocations/10/files HTTP/1.1 200 13 - 0.167 ms
::1 - GET /allocations/10/files HTTP/1.1 304 - - 2.561 ms
::1 - PATCH /allocations/10 HTTP/1.1 200 - - 15.087 ms
::1 - GET /allocations/10 HTTP/1.1 200 956 - 4.714 ms
::1 - OPTIONS /users HTTP/1.1 200 8 - 0.191 ms
::1 - GET /users HTTP/1.1 304 - - 1.234 ms
::1 - OPTIONS /allocations/53 HTTP/1.1 200 21 - 0.226 ms
::1 - GET /allocations/53 HTTP/1.1 304 - - 3.380 ms
::1 - OPTIONS /allocations/53/files HTTP/1.1 200 13 - 0.166 ms
::1 - GET /allocations/53/files HTTP/1.1 304 - - 2.584 ms
::1 - PATCH /allocations/53 HTTP/1.1 200 - - 9.990 ms
::1 - GET /allocations/53 HTTP/1.1 200 715 - 3.138 ms
::1 - OPTIONS /users/loginCheck HTTP/1.1 200 21 - 0.182 ms
::1 - GET /users/loginCheck HTTP/1.1 200 - - 1.309 ms
::1 - OPTIONS /lessons?taughtCount=true HTTP/1.1 200 13 - 0.175 ms
::1 - OPTIONS /users HTTP/1.1 200 8 - 0.194 ms
::1 - OPTIONS /allocations?showPast=false HTTP/1.1 200 13 - 0.180 ms
::1 - GET /users HTTP/1.1 304 - - 2.025 ms
::1 - GET /lessons?taughtCount=true HTTP/1.1 304 - - 15.996 ms
::1 - GET /allocations?showPast=false HTTP/1.1 200 11040 - 54.976 ms
::1 - GET /users HTTP/1.1 304 - - 1.377 ms
::1 - OPTIONS /allocations/33 HTTP/1.1 200 21 - 0.167 ms
::1 - GET /allocations/33 HTTP/1.1 304 - - 3.297 ms
::1 - OPTIONS /allocations/33/files HTTP/1.1 200 13 - 0.302 ms
::1 - GET /allocations/33/files HTTP/1.1 304 - - 2.272 ms
::1 - PATCH /allocations/33 HTTP/1.1 200 - - 26.765 ms
::1 - GET /allocations/33 HTTP/1.1 200 1030 - 3.634 ms
::1 - OPTIONS /users HTTP/1.1 200 8 - 0.159 ms
::1 - GET /users HTTP/1.1 304 - - 1.295 ms
::1 - OPTIONS /allocations/33 HTTP/1.1 200 21 - 0.177 ms
::1 - GET /allocations/33 HTTP/1.1 304 - - 3.591 ms
::1 - OPTIONS /allocations/33/files HTTP/1.1 200 13 - 0.162 ms
::1 - GET /allocations/33/files HTTP/1.1 304 - - 1.914 ms
::1 - OPTIONS /allocations/33 HTTP/1.1 200 21 - 0.169 ms
::1 - PATCH /allocations/33 HTTP/1.1 200 - - 20.705 ms
::1 - GET /allocations/33 HTTP/1.1 200 1082 - 4.783 ms
::1 - OPTIONS /allocations/33 HTTP/1.1 200 21 - 0.167 ms
::1 - PATCH /allocations/33 HTTP/1.1 200 - - 19.378 ms
::1 - GET /allocations/33 HTTP/1.1 200 1030 - 3.456 ms
::1 - OPTIONS /allocations/33 HTTP/1.1 200 21 - 0.160 ms
::1 - PATCH /allocations/33 HTTP/1.1 200 - - 14.065 ms
::1 - GET /allocations/33 HTTP/1.1 200 984 - 2.903 ms
::1 - OPTIONS /allocations/33 HTTP/1.1 200 21 - 0.225 ms
::1 - PATCH /allocations/33 HTTP/1.1 200 - - 14.721 ms
::1 - GET /allocations/33 HTTP/1.1 200 984 - 2.864 ms
::1 - OPTIONS /users HTTP/1.1 200 8 - 0.146 ms
::1 - GET /users HTTP/1.1 304 - - 1.113 ms
::1 - OPTIONS /allocations/8 HTTP/1.1 200 21 - 0.175 ms
::1 - GET /allocations/8 HTTP/1.1 304 - - 2.726 ms
::1 - OPTIONS /allocations/8/files HTTP/1.1 200 13 - 0.212 ms
::1 - GET /allocations/8/files HTTP/1.1 304 - - 1.929 ms
::1 - OPTIONS /allocations/8 HTTP/1.1 200 21 - 0.262 ms
::1 - PATCH /allocations/8 HTTP/1.1 200 - - 13.746 ms
::1 - GET /allocations/8 HTTP/1.1 200 723 - 3.393 ms
::1 - OPTIONS /users HTTP/1.1 200 8 - 0.149 ms
::1 - GET /users HTTP/1.1 304 - - 1.416 ms
::1 - OPTIONS /allocations/18 HTTP/1.1 200 21 - 0.203 ms
::1 - GET /allocations/18 HTTP/1.1 200 540 - 2.908 ms
::1 - OPTIONS /allocations/18/files HTTP/1.1 200 13 - 0.228 ms
::1 - GET /allocations/18/files HTTP/1.1 200 44 - 2.283 ms
::1 - OPTIONS /allocations/18 HTTP/1.1 200 21 - 0.167 ms
::1 - PATCH /allocations/18 HTTP/1.1 200 - - 21.555 ms
::1 - GET /allocations/18 HTTP/1.1 200 644 - 4.875 ms
::1 - OPTIONS /allocations/18 HTTP/1.1 200 21 - 0.174 ms
::1 - PATCH /allocations/18 HTTP/1.1 200 - - 22.607 ms
::1 - GET /allocations/18 HTTP/1.1 200 592 - 3.410 ms
