::1 - OPTIONS /users/loginCheck HTTP/1.1 200 21 - 4.324 ms
::1 - GET /users/loginCheck HTTP/1.1 200 - - 6.737 ms
::1 - GET /users/loginCheck HTTP/1.1 200 - - 1.429 ms
::1 - OPTIONS /users/2/allocations/ HTTP/1.1 200 8 - 1.237 ms
::1 - GET /users/2/allocations/ HTTP/1.1 304 - - 6.424 ms
::1 - OPTIONS /users/logout HTTP/1.1 200 26 - 0.596 ms
::1 - POST /users/logout HTTP/1.1 200 - - 4.956 ms
::1 - GET /users/loginCheck HTTP/1.1 401 13 - 1.276 ms
::1 - GET /users/loginCheck HTTP/1.1 401 13 - 1.264 ms
::1 - OPTIONS /send-reset HTTP/1.1 200 4 - 0.536 ms
::1 - POST /send-reset HTTP/1.1 200 - - 1874.984 ms
::1 - GET /users/loginCheck HTTP/1.1 401 13 - 1.217 ms
::1 - OPTIONS /send-reset HTTP/1.1 200 4 - 0.684 ms
::1 - POST /send-reset HTTP/1.1 200 - - 1625.667 ms
::1 - GET /users/loginCheck HTTP/1.1 401 13 - 1.186 ms
::1 - OPTIONS /verify-reset-token HTTP/1.1 200 4 - 0.593 ms
::1 - POST /verify-reset-token HTTP/1.1 400 19 - 1.625 ms
::1 - GET /users/loginCheck HTTP/1.1 401 13 - 0.967 ms
::1 - OPTIONS /verify-reset-token HTTP/1.1 200 4 - 0.656 ms
::1 - POST /verify-reset-token HTTP/1.1 200 19 - 1.166 ms
::1 - OPTIONS /reset-password HTTP/1.1 200 5 - 0.532 ms
::1 - PATCH /reset-password HTTP/1.1 200 - - 65.020 ms
::1 - GET /users/loginCheck HTTP/1.1 401 13 - 1.265 ms
::1 - OPTIONS /users/login HTTP/1.1 200 26 - 0.427 ms
::1 - POST /users/login HTTP/1.1 200 174 - 65.738 ms
::1 - OPTIONS /users/loginCheck HTTP/1.1 200 21 - 0.461 ms
::1 - GET /users/loginCheck HTTP/1.1 200 - - 0.818 ms
::1 - OPTIONS /users/22/allocations/ HTTP/1.1 200 8 - 0.562 ms
::1 - GET /users/22/allocations/ HTTP/1.1 304 - - 1.945 ms
::1 - OPTIONS /users/22 HTTP/1.1 200 21 - 0.486 ms
::1 - GET /users/22 HTTP/1.1 200 115 - 2.147 ms
::1 - POST /users/login HTTP/1.1 200 176 - 85.540 ms
::1 - DELETE /allocations/5 HTTP/1.1 200 - - 17.465 ms
::1 - DELETE /allocations/7 HTTP/1.1 200 - - 17.716 ms
