::1 - DELETE /storage/3 HTTP/1.1 200 - - 5.111 ms
::1 - DELETE /storage/4 HTTP/1.1 200 - - 13.444 ms
::1 - DELETE /storage/4 HTTP/1.1 200 - - 15.631 ms
::1 - DELETE /storage/4 HTTP/1.1 200 - - 16.554 ms
::1 - DELETE /storage/4 HTTP/1.1 200 - - 18.442 ms
::1 - DELETE /storage/4 HTTP/1.1 200 - - 22.330 ms
::1 - DELETE /storage/4 HTTP/1.1 200 - - 23.516 ms
::1 - DELETE /storage/3 HTTP/1.1 200 - - 8.371 ms
::1 - DELETE /allocations/6/files/13 HTTP/1.1 404 14 - 7.374 ms
::1 - DELETE /allocations/16/files/1 HTTP/1.1 200 - - 8.118 ms
::1 - DELETE /lessons/7 HTTP/1.1 200 16 - 19.078 ms
::1 - DELETE /lessons/6 HTTP/1.1 200 16 - 23.641 ms
::1 - OPTIONS /users/loginCheck HTTP/1.1 200 21 - 2.090 ms
::1 - GET /users/loginCheck HTTP/1.1 200 - - 3.382 ms
::1 - OPTIONS /users/22/allocations/ HTTP/1.1 200 8 - 1.206 ms
::1 - GET /users/22/allocations/ HTTP/1.1 304 - - 10.918 ms
::1 - POST /users/logout HTTP/1.1 400 31 - 1.558 ms
::1 - GET /users/loginCheck HTTP/1.1 401 13 - 4.284 ms
::1 - OPTIONS /users/login HTTP/1.1 200 26 - 0.787 ms
::1 - POST /users/login HTTP/1.1 200 156 - 120.717 ms
::1 - OPTIONS /users/loginCheck HTTP/1.1 200 21 - 0.612 ms
::1 - GET /users/loginCheck HTTP/1.1 200 - - 2.252 ms
::1 - OPTIONS /users/2/allocations/ HTTP/1.1 200 8 - 0.810 ms
::1 - GET /users/2/allocations/ HTTP/1.1 200 2 - 3.453 ms
::1 - GET /users/loginCheck HTTP/1.1 200 - - 0.821 ms
::1 - OPTIONS /lessons?taughtCount=true HTTP/1.1 200 13 - 0.629 ms
::1 - OPTIONS /users HTTP/1.1 200 8 - 0.627 ms
::1 - OPTIONS /allocations?showPast=false HTTP/1.1 200 13 - 0.781 ms
::1 - GET /users HTTP/1.1 304 - - 6.809 ms
::1 - GET /lessons?taughtCount=true HTTP/1.1 200 37814 - 17.680 ms
::1 - GET /allocations?showPast=false HTTP/1.1 200 2 - 15.325 ms
::1 - OPTIONS /allocations HTTP/1.1 200 13 - 0.605 ms
::1 - POST /allocations HTTP/1.1 200 19 - 9.694 ms
::1 - OPTIONS /allocations?showPast=false HTTP/1.1 200 13 - 0.577 ms
::1 - GET /allocations?showPast=false HTTP/1.1 200 258 - 3.324 ms
::1 - OPTIONS /users/loginCheck HTTP/1.1 200 21 - 0.555 ms
::1 - GET /users/loginCheck HTTP/1.1 200 - - 0.819 ms
::1 - OPTIONS /users/2/allocations/ HTTP/1.1 200 8 - 0.610 ms
::1 - GET /users/2/allocations/ HTTP/1.1 200 281 - 11.866 ms
::1 - OPTIONS /allocations/18 HTTP/1.1 200 21 - 0.589 ms
::1 - GET /allocations/18 HTTP/1.1 200 623 - 5.727 ms
::1 - OPTIONS /allocations/18/files HTTP/1.1 200 13 - 0.521 ms
::1 - OPTIONS /lessons/4/files HTTP/1.1 200 8 - 0.761 ms
::1 - GET /lessons/4/files HTTP/1.1 304 - - 4.438 ms
::1 - GET /allocations/18/files HTTP/1.1 200 43 - 6.527 ms
::1 - OPTIONS /allocations/18/files?filename=FAST+Cover+Letter.pdf&allocationId=18 HTTP/1.1 200 13 - 0.448 ms
::1 - POST /allocations/18/files?filename=FAST+Cover+Letter.pdf&allocationId=18 HTTP/1.1 200 12 - 14.945 ms
::1 - OPTIONS /allocations/18/files HTTP/1.1 200 13 - 0.533 ms
::1 - OPTIONS /lessons/4/files HTTP/1.1 200 8 - 1.205 ms
::1 - GET /allocations/18/files HTTP/1.1 200 95 - 4.026 ms
::1 - GET /lessons/4/files HTTP/1.1 304 - - 4.044 ms
::1 - OPTIONS /allocations/18 HTTP/1.1 200 21 - 0.458 ms
::1 - GET /allocations/18 HTTP/1.1 304 - - 4.296 ms
::1 - OPTIONS /allocations/18/files HTTP/1.1 200 13 - 0.578 ms
::1 - OPTIONS /lessons/4/files HTTP/1.1 200 8 - 1.698 ms
::1 - GET /allocations/18/files HTTP/1.1 304 - - 4.735 ms
::1 - GET /lessons/4/files HTTP/1.1 304 - - 4.378 ms
::1 - OPTIONS /users/loginCheck HTTP/1.1 200 21 - 0.811 ms
::1 - GET /users/loginCheck HTTP/1.1 200 - - 1.895 ms
::1 - OPTIONS /users/2/allocations/ HTTP/1.1 200 8 - 0.699 ms
::1 - GET /users/2/allocations/ HTTP/1.1 304 - - 3.083 ms
::1 - OPTIONS /allocations/18 HTTP/1.1 200 21 - 0.475 ms
::1 - GET /allocations/18 HTTP/1.1 304 - - 3.250 ms
::1 - OPTIONS /allocations/18/files HTTP/1.1 200 13 - 0.598 ms
::1 - OPTIONS /lessons/4/files HTTP/1.1 200 8 - 0.517 ms
::1 - GET /allocations/18/files HTTP/1.1 304 - - 4.590 ms
::1 - GET /lessons/4/files HTTP/1.1 304 - - 3.720 ms
::1 - OPTIONS /users/loginCheck HTTP/1.1 200 21 - 0.551 ms
::1 - GET /users/loginCheck HTTP/1.1 200 - - 1.092 ms
::1 - OPTIONS /users/2/allocations/ HTTP/1.1 200 8 - 0.609 ms
::1 - GET /users/2/allocations/ HTTP/1.1 304 - - 6.884 ms
::1 - OPTIONS /allocations/18 HTTP/1.1 200 21 - 0.524 ms
::1 - GET /allocations/18 HTTP/1.1 304 - - 3.318 ms
::1 - OPTIONS /allocations/18/files HTTP/1.1 200 13 - 0.575 ms
::1 - OPTIONS /lessons/4/files HTTP/1.1 200 8 - 1.206 ms
::1 - GET /lessons/4/files HTTP/1.1 304 - - 3.195 ms
::1 - GET /allocations/18/files HTTP/1.1 304 - - 5.863 ms
::1 - OPTIONS /users/loginCheck HTTP/1.1 200 21 - 0.751 ms
::1 - GET /users/loginCheck HTTP/1.1 200 - - 1.213 ms
::1 - OPTIONS /users/2/allocations/ HTTP/1.1 200 8 - 1.110 ms
::1 - GET /users/2/allocations/ HTTP/1.1 304 - - 5.342 ms
::1 - OPTIONS /allocations/18 HTTP/1.1 200 21 - 0.442 ms
::1 - GET /allocations/18 HTTP/1.1 304 - - 3.844 ms
::1 - OPTIONS /allocations/18/files HTTP/1.1 200 13 - 0.520 ms
::1 - OPTIONS /lessons/4/files HTTP/1.1 200 8 - 0.571 ms
::1 - GET /allocations/18/files HTTP/1.1 304 - - 4.815 ms
::1 - GET /lessons/4/files HTTP/1.1 304 - - 4.118 ms
::1 - OPTIONS /users/loginCheck HTTP/1.1 200 21 - 4.203 ms
::1 - GET /users/loginCheck HTTP/1.1 200 - - 10.298 ms
::1 - OPTIONS /users/2/allocations/ HTTP/1.1 200 8 - 1.319 ms
::1 - GET /users/2/allocations/ HTTP/1.1 304 - - 12.805 ms
::1 - OPTIONS /allocations/18 HTTP/1.1 200 21 - 0.528 ms
::1 - GET /allocations/18 HTTP/1.1 304 - - 4.230 ms
::1 - OPTIONS /allocations/18/files HTTP/1.1 200 13 - 0.976 ms
::1 - OPTIONS /lessons/4/files HTTP/1.1 200 8 - 0.957 ms
::1 - GET /allocations/18/files HTTP/1.1 200 122 - 6.855 ms
::1 - GET /lessons/4/files HTTP/1.1 304 - - 9.979 ms
::1 - OPTIONS /users/loginCheck HTTP/1.1 200 21 - 4.504 ms
::1 - GET /users/loginCheck HTTP/1.1 200 - - 9.387 ms
::1 - OPTIONS /users/2/allocations/ HTTP/1.1 200 8 - 1.988 ms
::1 - GET /users/2/allocations/ HTTP/1.1 304 - - 6.923 ms
::1 - OPTIONS /allocations/18 HTTP/1.1 200 21 - 0.551 ms
::1 - GET /allocations/18 HTTP/1.1 304 - - 4.840 ms
::1 - OPTIONS /allocations/18/files HTTP/1.1 200 13 - 0.727 ms
::1 - OPTIONS /lessons/4/files HTTP/1.1 200 8 - 0.969 ms
::1 - GET /allocations/18/files HTTP/1.1 200 100 - 7.176 ms
::1 - GET /lessons/4/files HTTP/1.1 304 - - 10.723 ms
::1 - OPTIONS /users/loginCheck HTTP/1.1 200 21 - 4.417 ms
::1 - GET /users/loginCheck HTTP/1.1 200 - - 9.162 ms
::1 - OPTIONS /users/2/allocations/ HTTP/1.1 200 8 - 2.442 ms
::1 - GET /users/2/allocations/ HTTP/1.1 304 - - 5.319 ms
::1 - OPTIONS /allocations/18 HTTP/1.1 200 21 - 0.550 ms
::1 - GET /allocations/18 HTTP/1.1 304 - - 4.740 ms
::1 - OPTIONS /allocations/18/files HTTP/1.1 200 13 - 0.632 ms
::1 - OPTIONS /lessons/4/files HTTP/1.1 200 8 - 0.831 ms
::1 - GET /allocations/18/files HTTP/1.1 200 100 - 8.072 ms
::1 - GET /lessons/4/files HTTP/1.1 304 - - 11.888 ms
::1 - OPTIONS /allocations/18/files?filename=Phocas+Cover+Letter.docx&allocationId=18 HTTP/1.1 200 13 - 0.760 ms
::1 - POST /allocations/18/files?filename=Phocas+Cover+Letter.docx&allocationId=18 HTTP/1.1 200 12 - 14.853 ms
::1 - OPTIONS /allocations/18/files HTTP/1.1 200 13 - 1.168 ms
::1 - OPTIONS /lessons/4/files HTTP/1.1 200 8 - 0.611 ms
::1 - GET /lessons/4/files HTTP/1.1 304 - - 6.413 ms
::1 - GET /allocations/18/files HTTP/1.1 200 157 - 9.172 ms
::1 - OPTIONS /allocations/18 HTTP/1.1 200 21 - 3.492 ms
::1 - GET /allocations/18 HTTP/1.1 304 - - 10.626 ms
::1 - OPTIONS /allocations/18/files HTTP/1.1 200 13 - 1.703 ms
::1 - OPTIONS /lessons/4/files HTTP/1.1 200 8 - 0.590 ms
::1 - GET /allocations/18/files HTTP/1.1 304 - - 6.210 ms
::1 - GET /lessons/4/files HTTP/1.1 304 - - 9.098 ms
::1 - OPTIONS /allocations/18/files?filename=PwC+Cover+Letter.docx&allocationId=18 HTTP/1.1 200 13 - 0.775 ms
::1 - POST /allocations/18/files?filename=PwC+Cover+Letter.docx&allocationId=18 HTTP/1.1 200 12 - 14.761 ms
::1 - OPTIONS /allocations/18/files HTTP/1.1 200 13 - 0.919 ms
::1 - OPTIONS /lessons/4/files HTTP/1.1 200 8 - 0.691 ms
::1 - GET /lessons/4/files HTTP/1.1 304 - - 5.117 ms
::1 - GET /allocations/18/files HTTP/1.1 200 211 - 7.895 ms
::1 - OPTIONS /users/loginCheck HTTP/1.1 200 21 - 0.538 ms
::1 - GET /users/loginCheck HTTP/1.1 200 - - 0.996 ms
::1 - OPTIONS /users/2/allocations/ HTTP/1.1 200 8 - 0.694 ms
::1 - GET /users/2/allocations/ HTTP/1.1 200 284 - 4.546 ms
::1 - OPTIONS /allocations/18 HTTP/1.1 200 21 - 0.563 ms
::1 - GET /allocations/18 HTTP/1.1 200 626 - 3.331 ms
::1 - OPTIONS /allocations/18/files HTTP/1.1 200 13 - 0.536 ms
::1 - OPTIONS /lessons/4/files HTTP/1.1 200 8 - 0.530 ms
::1 - GET /lessons/4/files HTTP/1.1 304 - - 3.697 ms
::1 - GET /allocations/18/files HTTP/1.1 304 - - 5.942 ms
::1 - OPTIONS /allocations/18/files/7 HTTP/1.1 200 6 - 0.808 ms
::1 - DELETE /allocations/18/files/7 HTTP/1.1 200 - - 8.072 ms
::1 - OPTIONS /allocations/18/files/6 HTTP/1.1 200 6 - 0.575 ms
::1 - DELETE /allocations/18/files/6 HTTP/1.1 200 - - 8.364 ms
::1 - OPTIONS /allocations/18/files/8 HTTP/1.1 200 6 - 3.604 ms
::1 - DELETE /allocations/18/files/8 HTTP/1.1 200 - - 25.179 ms
::1 - OPTIONS /users/loginCheck HTTP/1.1 200 21 - 1.159 ms
::1 - GET /users/loginCheck HTTP/1.1 200 - - 1.579 ms
::1 - OPTIONS /users/2/allocations/ HTTP/1.1 200 8 - 0.918 ms
::1 - GET /users/2/allocations/ HTTP/1.1 304 - - 3.484 ms
::1 - OPTIONS /allocations/18 HTTP/1.1 200 21 - 3.812 ms
::1 - GET /allocations/18 HTTP/1.1 304 - - 11.258 ms
::1 - OPTIONS /allocations/18/files HTTP/1.1 200 13 - 1.649 ms
::1 - OPTIONS /lessons/4/files HTTP/1.1 200 8 - 0.560 ms
::1 - GET /allocations/18/files HTTP/1.1 200 48 - 6.556 ms
::1 - GET /lessons/4/files HTTP/1.1 304 - - 9.995 ms
::1 - OPTIONS /allocations/18/files?filename=FAST+Cover+Letter.docx&allocationId=18 HTTP/1.1 200 13 - 0.706 ms
::1 - OPTIONS /allocations/18/files?filename=FAST+Cover+Letter.pdf&allocationId=18 HTTP/1.1 200 13 - 1.827 ms
::1 - OPTIONS /allocations/18/files?filename=Intellihub+Cover+Letter.docx&allocationId=18 HTTP/1.1 200 13 - 1.989 ms
::1 - OPTIONS /allocations/18/files?filename=Lab3+Cover+Letter.docx&allocationId=18 HTTP/1.1 200 13 - 2.041 ms
::1 - OPTIONS /allocations/18/files?filename=Onside+Cover+Letter.docx&allocationId=18 HTTP/1.1 200 13 - 0.719 ms
::1 - POST /allocations/18/files?filename=FAST+Cover+Letter.docx&allocationId=18 HTTP/1.1 200 12 - 17.630 ms
::1 - POST /allocations/18/files?filename=Lab3+Cover+Letter.docx&allocationId=18 HTTP/1.1 200 13 - 18.902 ms
::1 - POST /allocations/18/files?filename=Intellihub+Cover+Letter.docx&allocationId=18 HTTP/1.1 200 13 - 22.958 ms
::1 - OPTIONS /allocations/18/files HTTP/1.1 200 13 - 5.165 ms
::1 - OPTIONS /lessons/4/files HTTP/1.1 200 8 - 3.320 ms
::1 - POST /allocations/18/files?filename=FAST+Cover+Letter.pdf&allocationId=18 HTTP/1.1 200 13 - 36.527 ms
::1 - POST /allocations/18/files?filename=Onside+Cover+Letter.docx&allocationId=18 HTTP/1.1 200 13 - 28.616 ms
::1 - OPTIONS /allocations/18/files HTTP/1.1 200 13 - 1.476 ms
::1 - OPTIONS /lessons/4/files HTTP/1.1 200 8 - 1.851 ms
::1 - GET /lessons/4/files HTTP/1.1 304 - - 5.634 ms
::1 - GET /allocations/18/files HTTP/1.1 200 332 - 8.783 ms
::1 - GET /lessons/4/files HTTP/1.1 304 - - 5.225 ms
::1 - GET /allocations/18/files HTTP/1.1 304 - - 6.879 ms
::1 - GET /lessons/4/files HTTP/1.1 304 - - 7.323 ms
::1 - GET /allocations/18/files HTTP/1.1 304 - - 5.999 ms
::1 - GET /lessons/4/files HTTP/1.1 304 - - 6.131 ms
::1 - GET /allocations/18/files HTTP/1.1 304 - - 7.150 ms
::1 - GET /lessons/4/files HTTP/1.1 304 - - 3.938 ms
::1 - GET /allocations/18/files HTTP/1.1 304 - - 3.346 ms
::1 - OPTIONS /allocations/18/files/10 HTTP/1.1 200 6 - 0.515 ms
::1 - DELETE /allocations/18/files/10 HTTP/1.1 200 - - 12.154 ms
::1 - OPTIONS /allocations/18/files/9 HTTP/1.1 200 6 - 0.548 ms
::1 - DELETE /allocations/18/files/9 HTTP/1.1 200 - - 16.069 ms
::1 - OPTIONS /allocations/18/files/11 HTTP/1.1 200 6 - 0.500 ms
::1 - DELETE /allocations/18/files/11 HTTP/1.1 200 - - 10.013 ms
::1 - OPTIONS /allocations/18/files/12 HTTP/1.1 200 6 - 0.502 ms
::1 - DELETE /allocations/18/files/12 HTTP/1.1 200 - - 15.270 ms
::1 - OPTIONS /allocations/18/files/13 HTTP/1.1 200 6 - 0.476 ms
::1 - DELETE /allocations/18/files/13 HTTP/1.1 200 - - 16.407 ms
::1 - OPTIONS /allocations/18/files?filename=Onside+Cover+Letter.pdf&allocationId=18 HTTP/1.1 200 13 - 5.194 ms
::1 - OPTIONS /allocations/18/files?filename=Phocas+Cover+Letter.docx&allocationId=18 HTTP/1.1 200 13 - 2.118 ms
::1 - POST /allocations/18/files?filename=Phocas+Cover+Letter.docx&allocationId=18 HTTP/1.1 200 13 - 22.868 ms
::1 - POST /allocations/18/files?filename=Onside+Cover+Letter.pdf&allocationId=18 HTTP/1.1 200 13 - 27.979 ms
::1 - OPTIONS /allocations/18/files HTTP/1.1 200 13 - 0.543 ms
::1 - OPTIONS /lessons/4/files HTTP/1.1 200 8 - 1.259 ms
::1 - GET /allocations/18/files HTTP/1.1 200 161 - 8.086 ms
::1 - GET /lessons/4/files HTTP/1.1 304 - - 8.945 ms
::1 - GET /lessons/4/files HTTP/1.1 304 - - 3.836 ms
::1 - GET /allocations/18/files HTTP/1.1 304 - - 6.165 ms
::1 - OPTIONS /allocations/18/files/14 HTTP/1.1 200 6 - 0.522 ms
::1 - DELETE /allocations/18/files/14 HTTP/1.1 200 - - 10.956 ms
::1 - OPTIONS /allocations/18/files/15 HTTP/1.1 200 6 - 0.484 ms
::1 - DELETE /allocations/18/files/15 HTTP/1.1 200 - - 10.984 ms
::1 - OPTIONS /users/loginCheck HTTP/1.1 200 21 - 0.531 ms
::1 - GET /users/loginCheck HTTP/1.1 200 - - 1.014 ms
::1 - OPTIONS /users/2/allocations/ HTTP/1.1 200 8 - 0.553 ms
::1 - GET /users/2/allocations/ HTTP/1.1 200 281 - 4.081 ms
::1 - OPTIONS /users/loginCheck HTTP/1.1 200 21 - 3.912 ms
::1 - GET /users/loginCheck HTTP/1.1 200 - - 7.828 ms
::1 - OPTIONS /users/2/allocations/ HTTP/1.1 200 8 - 1.430 ms
::1 - GET /users/2/allocations/ HTTP/1.1 304 - - 15.607 ms
::1 - OPTIONS /users/2/allocations/ HTTP/1.1 200 8 - 0.621 ms
::1 - GET /users/2/allocations/ HTTP/1.1 304 - - 4.195 ms
::1 - GET /users/2/allocations/ HTTP/1.1 304 - - 2.869 ms
::1 - OPTIONS /users/2/allocations/ HTTP/1.1 200 8 - 0.476 ms
::1 - GET /users/2/allocations/ HTTP/1.1 304 - - 3.219 ms
::1 - OPTIONS /allocations/18 HTTP/1.1 200 21 - 0.526 ms
::1 - GET /allocations/18 HTTP/1.1 200 623 - 5.163 ms
::1 - OPTIONS /allocations/18/files HTTP/1.1 200 13 - 0.676 ms
::1 - OPTIONS /lessons/4/files HTTP/1.1 200 8 - 0.790 ms
::1 - GET /allocations/18/files HTTP/1.1 200 48 - 6.059 ms
::1 - GET /lessons/4/files HTTP/1.1 304 - - 9.898 ms
::1 - OPTIONS /allocations/18/files?filename=Lab3+Cover+Letter.docx&allocationId=18 HTTP/1.1 200 13 - 0.488 ms
::1 - POST /allocations/18/files?filename=Lab3+Cover+Letter.docx&allocationId=18 HTTP/1.1 200 13 - 18.171 ms
::1 - OPTIONS /allocations/18/files HTTP/1.1 200 13 - 0.552 ms
::1 - OPTIONS /lessons/4/files HTTP/1.1 200 8 - 0.635 ms
::1 - GET /allocations/18/files HTTP/1.1 200 103 - 4.529 ms
::1 - GET /lessons/4/files HTTP/1.1 304 - - 4.189 ms
::1 - OPTIONS /allocations/18/files/16 HTTP/1.1 200 6 - 0.523 ms
::1 - DELETE /allocations/18/files/16 HTTP/1.1 200 - - 18.939 ms
::1 - OPTIONS /users/2/allocations/ HTTP/1.1 200 8 - 0.462 ms
::1 - GET /users/2/allocations/ HTTP/1.1 304 - - 2.977 ms
::1 - OPTIONS /users/loginCheck HTTP/1.1 200 21 - 0.577 ms
::1 - GET /users/loginCheck HTTP/1.1 200 - - 0.963 ms
::1 - OPTIONS /users/2/allocations/ HTTP/1.1 200 8 - 0.711 ms
::1 - GET /users/2/allocations/ HTTP/1.1 304 - - 3.591 ms
::1 - OPTIONS /allocations/18 HTTP/1.1 200 21 - 0.510 ms
::1 - GET /allocations/18 HTTP/1.1 304 - - 3.483 ms
::1 - OPTIONS /allocations/18/files HTTP/1.1 200 13 - 0.842 ms
::1 - OPTIONS /lessons/4/files HTTP/1.1 200 8 - 0.533 ms
::1 - GET /lessons/4/files HTTP/1.1 304 - - 5.237 ms
::1 - GET /allocations/18/files HTTP/1.1 200 48 - 8.694 ms
::1 - OPTIONS /allocations/18/files?filename=Intellihub+Cover+Letter.docx&allocationId=18 HTTP/1.1 200 13 - 0.504 ms
::1 - POST /allocations/18/files?filename=Intellihub+Cover+Letter.docx&allocationId=18 HTTP/1.1 200 13 - 11.149 ms
::1 - OPTIONS /allocations/18/files HTTP/1.1 200 13 - 0.451 ms
::1 - OPTIONS /lessons/4/files HTTP/1.1 200 8 - 0.564 ms
::1 - GET /lessons/4/files HTTP/1.1 304 - - 4.946 ms
::1 - GET /allocations/18/files HTTP/1.1 200 109 - 7.143 ms
::1 - OPTIONS /allocations/18/files/17 HTTP/1.1 200 6 - 0.936 ms
::1 - DELETE /allocations/18/files/17 HTTP/1.1 200 - - 12.264 ms
::1 - OPTIONS /users/2/allocations/ HTTP/1.1 200 8 - 0.448 ms
::1 - GET /users/2/allocations/ HTTP/1.1 304 - - 2.275 ms
::1 - OPTIONS /users/2/allocations/ HTTP/1.1 200 8 - 0.477 ms
::1 - GET /users/2/allocations/ HTTP/1.1 304 - - 2.212 ms
::1 - OPTIONS /users/2/allocations/ HTTP/1.1 200 8 - 0.442 ms
::1 - GET /users/2/allocations/ HTTP/1.1 304 - - 2.495 ms
::1 - OPTIONS /allocations/18 HTTP/1.1 200 21 - 1.107 ms
::1 - GET /allocations/18 HTTP/1.1 304 - - 3.297 ms
::1 - GET /allocations/18 HTTP/1.1 304 - - 3.631 ms
::1 - OPTIONS /users/loginCheck HTTP/1.1 200 21 - 0.730 ms
::1 - GET /users/loginCheck HTTP/1.1 200 - - 0.800 ms
::1 - OPTIONS /users/2/allocations/ HTTP/1.1 200 8 - 0.859 ms
::1 - GET /users/2/allocations/ HTTP/1.1 304 - - 4.991 ms
::1 - OPTIONS /allocations/18 HTTP/1.1 200 21 - 0.463 ms
::1 - GET /allocations/18 HTTP/1.1 304 - - 3.752 ms
::1 - GET /allocations/18 HTTP/1.1 304 - - 3.018 ms
::1 - OPTIONS /users/loginCheck HTTP/1.1 200 21 - 0.595 ms
::1 - GET /users/loginCheck HTTP/1.1 200 - - 1.049 ms
::1 - OPTIONS /users/2/allocations/ HTTP/1.1 200 8 - 0.567 ms
::1 - GET /users/2/allocations/ HTTP/1.1 304 - - 2.662 ms
::1 - OPTIONS /allocations/18 HTTP/1.1 200 21 - 0.406 ms
::1 - GET /allocations/18 HTTP/1.1 304 - - 3.799 ms
::1 - OPTIONS /allocations/18/files HTTP/1.1 200 13 - 0.512 ms
::1 - OPTIONS /lessons/4/files HTTP/1.1 200 8 - 0.515 ms
::1 - GET /allocations/18/files HTTP/1.1 200 48 - 5.289 ms
::1 - GET /lessons/4/files HTTP/1.1 304 - - 5.443 ms
::1 - GET /allocations/18 HTTP/1.1 304 - - 6.108 ms
::1 - GET /lessons/4/files HTTP/1.1 304 - - 2.171 ms
::1 - GET /allocations/18/files HTTP/1.1 304 - - 3.608 ms
::1 - OPTIONS /allocations/18/files?filename=Lab3+Cover+Letter.docx&allocationId=18 HTTP/1.1 200 13 - 0.471 ms
::1 - POST /allocations/18/files?filename=Lab3+Cover+Letter.docx&allocationId=18 HTTP/1.1 200 13 - 8.277 ms
::1 - OPTIONS /allocations/18/files HTTP/1.1 200 13 - 0.800 ms
::1 - OPTIONS /lessons/4/files HTTP/1.1 200 8 - 0.813 ms
::1 - GET /allocations/18/files HTTP/1.1 200 103 - 5.061 ms
::1 - GET /lessons/4/files HTTP/1.1 304 - - 5.147 ms
::1 - OPTIONS /allocations/18 HTTP/1.1 200 21 - 0.500 ms
::1 - GET /allocations/18 HTTP/1.1 200 626 - 3.098 ms
::1 - OPTIONS /allocations/18/files HTTP/1.1 200 13 - 0.485 ms
::1 - OPTIONS /lessons/4/files HTTP/1.1 200 8 - 0.527 ms
::1 - GET /lessons/4/files HTTP/1.1 304 - - 4.812 ms
::1 - GET /allocations/18/files HTTP/1.1 304 - - 7.048 ms
::1 - OPTIONS /allocations/18 HTTP/1.1 200 21 - 0.465 ms
::1 - GET /allocations/18 HTTP/1.1 304 - - 3.192 ms
::1 - OPTIONS /allocations/18/files HTTP/1.1 200 13 - 0.598 ms
::1 - OPTIONS /lessons/4/files HTTP/1.1 200 8 - 0.653 ms
::1 - GET /allocations/18/files HTTP/1.1 304 - - 4.511 ms
::1 - GET /lessons/4/files HTTP/1.1 304 - - 3.641 ms
::1 - OPTIONS /allocations/18 HTTP/1.1 200 21 - 0.430 ms
::1 - GET /allocations/18 HTTP/1.1 304 - - 2.994 ms
::1 - OPTIONS /allocations/18/files HTTP/1.1 200 13 - 0.481 ms
::1 - OPTIONS /lessons/4/files HTTP/1.1 200 8 - 0.424 ms
::1 - GET /lessons/4/files HTTP/1.1 304 - - 2.513 ms
::1 - GET /allocations/18/files HTTP/1.1 304 - - 4.679 ms
::1 - OPTIONS /allocations/18 HTTP/1.1 200 21 - 0.425 ms
::1 - GET /allocations/18 HTTP/1.1 304 - - 3.765 ms
::1 - OPTIONS /allocations/18/files HTTP/1.1 200 13 - 0.544 ms
::1 - OPTIONS /lessons/4/files HTTP/1.1 200 8 - 0.596 ms
::1 - GET /allocations/18/files HTTP/1.1 304 - - 6.267 ms
::1 - GET /lessons/4/files HTTP/1.1 304 - - 8.174 ms
::1 - OPTIONS /allocations/18 HTTP/1.1 200 21 - 0.450 ms
::1 - GET /allocations/18 HTTP/1.1 304 - - 3.192 ms
::1 - OPTIONS /allocations/18/files HTTP/1.1 200 13 - 0.599 ms
::1 - OPTIONS /lessons/4/files HTTP/1.1 200 8 - 0.484 ms
::1 - GET /allocations/18/files HTTP/1.1 304 - - 4.446 ms
::1 - GET /lessons/4/files HTTP/1.1 304 - - 3.866 ms
::1 - OPTIONS /allocations/18 HTTP/1.1 200 21 - 0.453 ms
::1 - GET /allocations/18 HTTP/1.1 304 - - 3.456 ms
::1 - OPTIONS /allocations/18/files HTTP/1.1 200 13 - 0.645 ms
::1 - OPTIONS /lessons/4/files HTTP/1.1 200 8 - 0.487 ms
::1 - GET /allocations/18/files HTTP/1.1 304 - - 3.555 ms
::1 - GET /lessons/4/files HTTP/1.1 304 - - 2.845 ms
::1 - OPTIONS /allocations/18/files/18 HTTP/1.1 200 6 - 0.408 ms
::1 - DELETE /allocations/18/files/18 HTTP/1.1 200 - - 19.289 ms
::1 - OPTIONS /allocations/18 HTTP/1.1 200 21 - 0.511 ms
::1 - GET /allocations/18 HTTP/1.1 200 623 - 3.175 ms
::1 - OPTIONS /allocations/18/files HTTP/1.1 200 13 - 0.587 ms
::1 - OPTIONS /lessons/4/files HTTP/1.1 200 8 - 0.443 ms
::1 - GET /allocations/18/files HTTP/1.1 200 48 - 4.955 ms
::1 - GET /lessons/4/files HTTP/1.1 304 - - 5.793 ms
::1 - OPTIONS /allocations/18/files?filename=Lab3+Cover+Letter.docx&allocationId=18 HTTP/1.1 200 13 - 0.404 ms
::1 - POST /allocations/18/files?filename=Lab3+Cover+Letter.docx&allocationId=18 HTTP/1.1 200 13 - 16.375 ms
::1 - OPTIONS /allocations/18/files HTTP/1.1 200 13 - 0.482 ms
::1 - OPTIONS /lessons/4/files HTTP/1.1 200 8 - 0.493 ms
::1 - GET /allocations/18/files HTTP/1.1 200 103 - 5.307 ms
::1 - GET /lessons/4/files HTTP/1.1 304 - - 4.365 ms
::1 - OPTIONS /allocations/18/files/19 HTTP/1.1 200 6 - 1.266 ms
::1 - DELETE /allocations/18/files/19 HTTP/1.1 200 - - 10.307 ms
::1 - OPTIONS /allocations/18/files?filename=PwC+Cover+Letter.docx&allocationId=18 HTTP/1.1 200 13 - 0.463 ms
::1 - POST /allocations/18/files?filename=PwC+Cover+Letter.docx&allocationId=18 HTTP/1.1 200 13 - 13.910 ms
::1 - OPTIONS /allocations/18/files HTTP/1.1 200 13 - 0.562 ms
::1 - OPTIONS /lessons/4/files HTTP/1.1 200 8 - 0.740 ms
::1 - GET /allocations/18/files HTTP/1.1 200 102 - 5.227 ms
::1 - GET /lessons/4/files HTTP/1.1 304 - - 7.295 ms
::1 - OPTIONS /allocations/18 HTTP/1.1 200 21 - 0.395 ms
::1 - GET /allocations/18 HTTP/1.1 200 626 - 2.855 ms
::1 - OPTIONS /allocations/18/files HTTP/1.1 200 13 - 0.585 ms
::1 - OPTIONS /lessons/4/files HTTP/1.1 200 8 - 0.533 ms
::1 - GET /lessons/4/files HTTP/1.1 304 - - 3.181 ms
::1 - GET /allocations/18/files HTTP/1.1 304 - - 4.836 ms
::1 - OPTIONS /allocations/18/files/20 HTTP/1.1 200 6 - 0.643 ms
::1 - DELETE /allocations/18/files/20 HTTP/1.1 200 - - 11.826 ms
::1 - OPTIONS /allocations/18/files?filename=Intellihub+Cover+Letter.docx&allocationId=18 HTTP/1.1 200 13 - 0.451 ms
::1 - POST /allocations/18/files?filename=Intellihub+Cover+Letter.docx&allocationId=18 HTTP/1.1 200 13 - 7.936 ms
::1 - OPTIONS /allocations/18/files HTTP/1.1 200 13 - 0.582 ms
::1 - OPTIONS /lessons/4/files HTTP/1.1 200 8 - 0.516 ms
::1 - GET /lessons/4/files HTTP/1.1 304 - - 3.609 ms
::1 - GET /allocations/18/files HTTP/1.1 200 109 - 5.754 ms
::1 - OPTIONS /users/loginCheck HTTP/1.1 200 21 - 0.533 ms
::1 - GET /users/loginCheck HTTP/1.1 200 - - 0.779 ms
::1 - OPTIONS /users/2/allocations/ HTTP/1.1 200 8 - 0.505 ms
::1 - GET /users/2/allocations/ HTTP/1.1 200 284 - 5.970 ms
::1 - OPTIONS /allocations/18 HTTP/1.1 200 21 - 0.972 ms
::1 - GET /allocations/18 HTTP/1.1 304 - - 4.576 ms
::1 - OPTIONS /allocations/18/files HTTP/1.1 200 13 - 0.453 ms
::1 - OPTIONS /lessons/4/files HTTP/1.1 200 8 - 0.485 ms
::1 - GET /lessons/4/files HTTP/1.1 304 - - 2.348 ms
::1 - GET /allocations/18/files HTTP/1.1 304 - - 4.058 ms
::1 - OPTIONS /users/loginCheck HTTP/1.1 200 21 - 0.431 ms
::1 - GET /users/loginCheck HTTP/1.1 200 - - 0.954 ms
::1 - OPTIONS /users/2/allocations/ HTTP/1.1 200 8 - 0.547 ms
::1 - GET /users/2/allocations/ HTTP/1.1 304 - - 3.363 ms
::1 - OPTIONS /allocations/18 HTTP/1.1 200 21 - 0.387 ms
::1 - GET /allocations/18 HTTP/1.1 304 - - 3.122 ms
::1 - OPTIONS /allocations/18/files HTTP/1.1 200 13 - 0.499 ms
::1 - OPTIONS /lessons/4/files HTTP/1.1 200 8 - 0.992 ms
::1 - GET /allocations/18/files HTTP/1.1 304 - - 4.214 ms
::1 - GET /lessons/4/files HTTP/1.1 304 - - 3.058 ms
::1 - OPTIONS /allocations/18/files?filename=Lab3+Cover+Letter.docx&allocationId=18 HTTP/1.1 200 13 - 0.410 ms
::1 - POST /allocations/18/files?filename=Lab3+Cover+Letter.docx&allocationId=18 HTTP/1.1 200 13 - 10.176 ms
::1 - OPTIONS /allocations/18/files HTTP/1.1 200 13 - 0.513 ms
::1 - OPTIONS /lessons/4/files HTTP/1.1 200 8 - 1.137 ms
::1 - GET /lessons/4/files HTTP/1.1 304 - - 4.413 ms
::1 - GET /allocations/18/files HTTP/1.1 200 165 - 6.743 ms
::1 - OPTIONS /allocations/18 HTTP/1.1 200 21 - 0.396 ms
::1 - GET /allocations/18 HTTP/1.1 304 - - 3.396 ms
::1 - GET /lessons/4/files HTTP/1.1 304 - - 2.477 ms
::1 - GET /allocations/18/files HTTP/1.1 304 - - 4.293 ms
::1 - OPTIONS /allocations/18/files/21 HTTP/1.1 200 6 - 0.428 ms
::1 - DELETE /allocations/18/files/21 HTTP/1.1 200 - - 8.890 ms
::1 - OPTIONS /allocations/18/files/22 HTTP/1.1 200 6 - 0.418 ms
::1 - DELETE /allocations/18/files/22 HTTP/1.1 200 - - 8.944 ms
::1 - GET /allocations/18 HTTP/1.1 200 623 - 2.988 ms
::1 - OPTIONS /allocations/18/files HTTP/1.1 200 13 - 0.448 ms
::1 - OPTIONS /lessons/4/files HTTP/1.1 200 8 - 0.440 ms
::1 - GET /allocations/18/files HTTP/1.1 200 48 - 3.317 ms
::1 - GET /lessons/4/files HTTP/1.1 304 - - 2.826 ms
::1 - OPTIONS /allocations/18/files?filename=Onside+Cover+Letter.docx&allocationId=18 HTTP/1.1 200 13 - 0.759 ms
::1 - POST /allocations/18/files?filename=Onside+Cover+Letter.docx&allocationId=18 HTTP/1.1 200 13 - 21.463 ms
::1 - OPTIONS /allocations/18/files HTTP/1.1 200 13 - 0.436 ms
::1 - OPTIONS /lessons/4/files HTTP/1.1 200 8 - 0.656 ms
::1 - GET /allocations/18/files HTTP/1.1 200 105 - 5.874 ms
::1 - GET /lessons/4/files HTTP/1.1 304 - - 5.155 ms
::1 - OPTIONS /users/loginCheck HTTP/1.1 200 21 - 0.443 ms
::1 - GET /users/loginCheck HTTP/1.1 200 - - 0.702 ms
::1 - OPTIONS /users/2/allocations/ HTTP/1.1 200 8 - 0.584 ms
::1 - GET /users/2/allocations/ HTTP/1.1 304 - - 2.330 ms
::1 - OPTIONS /users/2/allocations/ HTTP/1.1 200 8 - 0.417 ms
::1 - GET /users/2/allocations/ HTTP/1.1 304 - - 2.114 ms
::1 - GET /users/2/allocations/ HTTP/1.1 304 - - 2.531 ms
::1 - OPTIONS /users/loginCheck HTTP/1.1 200 21 - 1.107 ms
::1 - GET /users/loginCheck HTTP/1.1 200 - - 1.461 ms
::1 - OPTIONS /users/2/allocations/ HTTP/1.1 200 8 - 0.528 ms
::1 - GET /users/2/allocations/ HTTP/1.1 304 - - 3.160 ms
::1 - OPTIONS /allocations/18 HTTP/1.1 200 21 - 0.446 ms
::1 - GET /allocations/18 HTTP/1.1 200 626 - 3.615 ms
::1 - OPTIONS /allocations/18/files HTTP/1.1 200 13 - 0.473 ms
::1 - OPTIONS /lessons/4/files HTTP/1.1 200 8 - 0.990 ms
::1 - GET /allocations/18/files HTTP/1.1 304 - - 4.828 ms
::1 - GET /lessons/4/files HTTP/1.1 304 - - 4.376 ms
::1 - OPTIONS /allocations/18/files/23 HTTP/1.1 200 6 - 0.599 ms
::1 - DELETE /allocations/18/files/23 HTTP/1.1 200 - - 6.799 ms
::1 - OPTIONS /allocations/18 HTTP/1.1 200 21 - 0.462 ms
::1 - GET /allocations/18 HTTP/1.1 200 623 - 3.207 ms
::1 - OPTIONS /allocations/18/files HTTP/1.1 200 13 - 0.626 ms
::1 - OPTIONS /lessons/4/files HTTP/1.1 200 8 - 0.690 ms
::1 - GET /allocations/18/files HTTP/1.1 200 48 - 4.901 ms
::1 - GET /lessons/4/files HTTP/1.1 304 - - 4.095 ms
::1 - OPTIONS /allocations/18/files?filename=PwC+Cover+Letter.docx&allocationId=18 HTTP/1.1 200 13 - 0.460 ms
::1 - POST /allocations/18/files?filename=PwC+Cover+Letter.docx&allocationId=18 HTTP/1.1 200 13 - 12.808 ms
::1 - OPTIONS /allocations/18/files HTTP/1.1 200 13 - 0.644 ms
::1 - OPTIONS /lessons/4/files HTTP/1.1 200 8 - 0.695 ms
::1 - GET /allocations/18/files HTTP/1.1 200 102 - 4.905 ms
::1 - GET /lessons/4/files HTTP/1.1 304 - - 4.365 ms
::1 - OPTIONS /users/loginCheck HTTP/1.1 200 21 - 0.531 ms
::1 - GET /users/loginCheck HTTP/1.1 200 - - 0.709 ms
::1 - OPTIONS /users/2/allocations/ HTTP/1.1 200 8 - 0.453 ms
::1 - GET /users/2/allocations/ HTTP/1.1 304 - - 3.593 ms
::1 - OPTIONS /users/loginCheck HTTP/1.1 200 21 - 3.799 ms
::1 - GET /users/loginCheck HTTP/1.1 200 - - 7.160 ms
::1 - GET /users/loginCheck HTTP/1.1 200 - - 1.913 ms
::1 - OPTIONS /users/2/allocations/ HTTP/1.1 200 8 - 0.991 ms
::1 - GET /users/2/allocations/ HTTP/1.1 304 - - 6.613 ms
::1 - OPTIONS /users/loginCheck HTTP/1.1 200 21 - 0.533 ms
::1 - GET /users/loginCheck HTTP/1.1 200 - - 0.984 ms
::1 - OPTIONS /lessons?taughtCount=true HTTP/1.1 200 13 - 0.604 ms
::1 - OPTIONS /users HTTP/1.1 200 8 - 1.363 ms
::1 - OPTIONS /allocations?showPast=false HTTP/1.1 200 13 - 1.682 ms
::1 - GET /users HTTP/1.1 304 - - 7.133 ms
::1 - GET /lessons?taughtCount=true HTTP/1.1 200 37814 - 13.993 ms
::1 - GET /allocations?showPast=false HTTP/1.1 200 261 - 13.807 ms
::1 - OPTIONS /allocations?showPast=true HTTP/1.1 200 13 - 0.647 ms
::1 - GET /allocations?showPast=true HTTP/1.1 304 - - 1.840 ms
::1 - OPTIONS /allocations?showPast=false HTTP/1.1 200 13 - 0.507 ms
::1 - GET /allocations?showPast=false HTTP/1.1 304 - - 2.873 ms
::1 - GET /allocations?showPast=true HTTP/1.1 304 - - 1.632 ms
::1 - GET /allocations?showPast=false HTTP/1.1 304 - - 3.379 ms
::1 - OPTIONS /allocations?showPast=true HTTP/1.1 200 13 - 0.589 ms
::1 - GET /allocations?showPast=true HTTP/1.1 304 - - 1.640 ms
::1 - GET /allocations?showPast=false HTTP/1.1 304 - - 2.693 ms
::1 - OPTIONS /users/loginCheck HTTP/1.1 200 21 - 0.502 ms
::1 - GET /users/loginCheck HTTP/1.1 200 - - 0.983 ms
::1 - OPTIONS /users HTTP/1.1 200 8 - 0.640 ms
::1 - GET /users HTTP/1.1 304 - - 2.263 ms
::1 - OPTIONS /users/loginCheck HTTP/1.1 200 21 - 0.528 ms
::1 - GET /users/loginCheck HTTP/1.1 200 - - 0.871 ms
::1 - OPTIONS /lessons?taughtCount=true HTTP/1.1 200 13 - 0.524 ms
::1 - OPTIONS /users HTTP/1.1 200 8 - 0.568 ms
::1 - OPTIONS /allocations?showPast=false HTTP/1.1 200 13 - 1.004 ms
::1 - GET /users HTTP/1.1 304 - - 4.165 ms
::1 - GET /allocations?showPast=false HTTP/1.1 304 - - 5.761 ms
::1 - GET /lessons?taughtCount=true HTTP/1.1 304 - - 13.164 ms
::1 - OPTIONS /users/loginCheck HTTP/1.1 200 21 - 0.507 ms
::1 - GET /users/loginCheck HTTP/1.1 200 - - 0.827 ms
::1 - OPTIONS /users/2/allocations/ HTTP/1.1 200 8 - 0.681 ms
::1 - GET /users/2/allocations/ HTTP/1.1 304 - - 3.710 ms
::1 - GET /users/loginCheck HTTP/1.1 200 - - 1.222 ms
::1 - OPTIONS /lessons?taughtCount=true HTTP/1.1 200 13 - 0.555 ms
::1 - OPTIONS /users HTTP/1.1 200 8 - 0.622 ms
::1 - OPTIONS /allocations?showPast=false HTTP/1.1 200 13 - 0.617 ms
::1 - GET /users HTTP/1.1 304 - - 2.613 ms
::1 - GET /allocations?showPast=false HTTP/1.1 304 - - 3.892 ms
::1 - GET /lessons?taughtCount=true HTTP/1.1 304 - - 10.598 ms
::1 - OPTIONS /users/loginCheck HTTP/1.1 200 21 - 0.514 ms
::1 - GET /users/loginCheck HTTP/1.1 200 - - 0.916 ms
::1 - GET /users HTTP/1.1 304 - - 3.542 ms
::1 - GET /lessons?taughtCount=true HTTP/1.1 304 - - 9.677 ms
::1 - GET /allocations?showPast=false HTTP/1.1 304 - - 9.111 ms
::1 - OPTIONS /allocations?showPast=true HTTP/1.1 200 13 - 0.580 ms
::1 - GET /allocations?showPast=true HTTP/1.1 304 - - 2.325 ms
::1 - GET /allocations?showPast=false HTTP/1.1 304 - - 3.042 ms
::1 - GET /users/loginCheck HTTP/1.1 200 - - 0.752 ms
::1 - OPTIONS /users/2/allocations/ HTTP/1.1 200 8 - 0.545 ms
::1 - GET /users/2/allocations/ HTTP/1.1 304 - - 2.531 ms
::1 - OPTIONS /users/loginCheck HTTP/1.1 200 21 - 0.469 ms
::1 - GET /users/loginCheck HTTP/1.1 200 - - 0.757 ms
::1 - GET /users/2/allocations/ HTTP/1.1 304 - - 8.253 ms
::1 - GET /users/loginCheck HTTP/1.1 200 - - 0.749 ms
::1 - OPTIONS /lessons?taughtCount=true HTTP/1.1 200 13 - 0.458 ms
::1 - OPTIONS /users HTTP/1.1 200 8 - 0.483 ms
::1 - OPTIONS /allocations?showPast=false HTTP/1.1 200 13 - 0.739 ms
::1 - GET /users HTTP/1.1 304 - - 4.373 ms
::1 - GET /allocations?showPast=false HTTP/1.1 304 - - 6.219 ms
::1 - GET /lessons?taughtCount=true HTTP/1.1 304 - - 13.285 ms
::1 - OPTIONS /users/loginCheck HTTP/1.1 200 21 - 0.563 ms
::1 - GET /users/loginCheck HTTP/1.1 200 - - 1.559 ms
::1 - OPTIONS /lessons?taughtCount=true HTTP/1.1 200 13 - 0.603 ms
::1 - OPTIONS /users HTTP/1.1 200 8 - 0.678 ms
::1 - OPTIONS /allocations?showPast=false HTTP/1.1 200 13 - 0.611 ms
::1 - GET /users HTTP/1.1 304 - - 6.605 ms
::1 - GET /allocations?showPast=false HTTP/1.1 304 - - 6.331 ms
::1 - GET /lessons?taughtCount=true HTTP/1.1 304 - - 14.058 ms
::1 - OPTIONS /allocations?showPast=true HTTP/1.1 200 13 - 0.546 ms
::1 - GET /allocations?showPast=true HTTP/1.1 304 - - 1.508 ms
::1 - OPTIONS /allocations?showPast=false HTTP/1.1 200 13 - 0.574 ms
::1 - GET /allocations?showPast=false HTTP/1.1 304 - - 2.948 ms
::1 - OPTIONS /users/loginCheck HTTP/1.1 200 21 - 0.469 ms
::1 - GET /users/loginCheck HTTP/1.1 200 - - 0.664 ms
::1 - OPTIONS /lessons?taughtCount=true HTTP/1.1 200 13 - 0.706 ms
::1 - OPTIONS /users HTTP/1.1 200 8 - 0.464 ms
::1 - GET /allocations?showPast=false HTTP/1.1 304 - - 4.903 ms
::1 - GET /users HTTP/1.1 304 - - 2.757 ms
::1 - GET /lessons?taughtCount=true HTTP/1.1 304 - - 13.146 ms
::1 - OPTIONS /users/loginCheck HTTP/1.1 200 21 - 8.016 ms
::1 - GET /users/loginCheck HTTP/1.1 200 - - 6.996 ms
::1 - OPTIONS /lessons?taughtCount=true HTTP/1.1 200 13 - 1.131 ms
::ffff:127.0.0.1 - OPTIONS /users HTTP/1.1 200 8 - 1.109 ms
::1 - OPTIONS /allocations?showPast=false HTTP/1.1 200 13 - 1.782 ms
::1 - GET /lessons?taughtCount=true HTTP/1.1 304 - - 14.006 ms
::ffff:127.0.0.1 - GET /users HTTP/1.1 304 - - 13.941 ms
::1 - GET /allocations?showPast=false HTTP/1.1 304 - - 15.022 ms
::1 - GET /users/loginCheck HTTP/1.1 200 - - 0.897 ms
::ffff:127.0.0.1 - GET /users HTTP/1.1 304 - - 3.118 ms
::1 - GET /lessons?taughtCount=true HTTP/1.1 304 - - 11.303 ms
::1 - GET /allocations?showPast=false HTTP/1.1 304 - - 11.569 ms
::1 - GET /users/loginCheck HTTP/1.1 200 - - 1.629 ms
::1 - OPTIONS /users/2/allocations/ HTTP/1.1 200 8 - 0.587 ms
::1 - GET /users/2/allocations/ HTTP/1.1 304 - - 3.970 ms
::1 - OPTIONS /users/loginCheck HTTP/1.1 200 21 - 0.537 ms
::1 - GET /users/loginCheck HTTP/1.1 200 - - 0.839 ms
::1 - GET /users/2/allocations/ HTTP/1.1 304 - - 3.978 ms
::1 - OPTIONS /users/loginCheck HTTP/1.1 200 21 - 0.753 ms
::1 - GET /users/loginCheck HTTP/1.1 200 - - 0.982 ms
::1 - OPTIONS /lessons?taughtCount=true HTTP/1.1 200 13 - 1.196 ms
::1 - OPTIONS /users HTTP/1.1 200 8 - 1.082 ms
::1 - OPTIONS /allocations?showPast=false HTTP/1.1 200 13 - 0.692 ms
::1 - GET /users HTTP/1.1 304 - - 4.059 ms
::1 - GET /allocations?showPast=false HTTP/1.1 304 - - 5.749 ms
::1 - GET /lessons?taughtCount=true HTTP/1.1 304 - - 19.976 ms
::1 - OPTIONS /lessons?taughtCount=true HTTP/1.1 200 13 - 0.661 ms
::1 - OPTIONS /users HTTP/1.1 200 8 - 0.700 ms
::1 - OPTIONS /allocations?showPast=false HTTP/1.1 200 13 - 0.574 ms
::1 - GET /users HTTP/1.1 304 - - 4.585 ms
::1 - GET /allocations?showPast=false HTTP/1.1 304 - - 5.477 ms
::1 - GET /lessons?taughtCount=true HTTP/1.1 304 - - 13.925 ms
::1 - OPTIONS /users/loginCheck HTTP/1.1 200 21 - 0.582 ms
::1 - GET /users/loginCheck HTTP/1.1 200 - - 1.046 ms
::1 - OPTIONS /lessons?taughtCount=true HTTP/1.1 200 13 - 0.698 ms
::1 - OPTIONS /users HTTP/1.1 200 8 - 0.511 ms
::1 - OPTIONS /allocations?showPast=false HTTP/1.1 200 13 - 0.450 ms
::1 - GET /users HTTP/1.1 304 - - 3.480 ms
::1 - GET /allocations?showPast=false HTTP/1.1 304 - - 9.686 ms
::1 - GET /lessons?taughtCount=true HTTP/1.1 304 - - 19.020 ms
::1 - OPTIONS /lessons?taughtCount=true HTTP/1.1 200 13 - 0.451 ms
::1 - OPTIONS /users HTTP/1.1 200 8 - 0.455 ms
::1 - OPTIONS /allocations?showPast=false HTTP/1.1 200 13 - 0.484 ms
::1 - GET /users HTTP/1.1 304 - - 2.730 ms
::1 - GET /allocations?showPast=false HTTP/1.1 304 - - 4.037 ms
::1 - GET /lessons?taughtCount=true HTTP/1.1 304 - - 12.301 ms
::1 - OPTIONS /users/loginCheck HTTP/1.1 200 21 - 0.617 ms
::1 - GET /users/loginCheck HTTP/1.1 200 - - 0.763 ms
::1 - GET /users HTTP/1.1 304 - - 3.401 ms
::1 - GET /allocations?showPast=false HTTP/1.1 304 - - 4.739 ms
::1 - GET /lessons?taughtCount=true HTTP/1.1 304 - - 17.407 ms
::1 - OPTIONS /users/loginCheck HTTP/1.1 200 21 - 0.499 ms
::1 - GET /users/loginCheck HTTP/1.1 200 - - 0.860 ms
::1 - OPTIONS /lessons?taughtCount=true HTTP/1.1 200 13 - 0.550 ms
::1 - OPTIONS /users HTTP/1.1 200 8 - 0.507 ms
::1 - OPTIONS /allocations?showPast=false HTTP/1.1 200 13 - 1.436 ms
::1 - GET /users HTTP/1.1 304 - - 4.333 ms
::1 - GET /lessons?taughtCount=true HTTP/1.1 304 - - 10.582 ms
::1 - GET /allocations?showPast=false HTTP/1.1 304 - - 8.299 ms
::1 - OPTIONS /lessons?taughtCount=true HTTP/1.1 200 13 - 0.508 ms
::1 - OPTIONS /users HTTP/1.1 200 8 - 0.480 ms
::1 - OPTIONS /allocations?showPast=false HTTP/1.1 200 13 - 1.397 ms
::1 - GET /users HTTP/1.1 304 - - 4.049 ms
::1 - GET /allocations?showPast=false HTTP/1.1 304 - - 5.120 ms
::1 - GET /lessons?taughtCount=true HTTP/1.1 304 - - 11.646 ms
::1 - OPTIONS /lessons?taughtCount=true HTTP/1.1 200 13 - 0.662 ms
::1 - OPTIONS /users HTTP/1.1 200 8 - 1.741 ms
::1 - OPTIONS /allocations?showPast=false HTTP/1.1 200 13 - 1.971 ms
::1 - GET /users HTTP/1.1 304 - - 2.709 ms
::1 - GET /allocations?showPast=false HTTP/1.1 304 - - 4.071 ms
::1 - GET /lessons?taughtCount=true HTTP/1.1 304 - - 17.050 ms
::1 - OPTIONS /lessons?taughtCount=true HTTP/1.1 200 13 - 0.609 ms
::1 - OPTIONS /users HTTP/1.1 200 8 - 1.604 ms
::1 - OPTIONS /allocations?showPast=false HTTP/1.1 200 13 - 1.728 ms
::1 - GET /users HTTP/1.1 304 - - 4.482 ms
::1 - GET /allocations?showPast=false HTTP/1.1 304 - - 5.965 ms
::1 - GET /lessons?taughtCount=true HTTP/1.1 304 - - 12.755 ms
::1 - OPTIONS /users/loginCheck HTTP/1.1 200 21 - 0.430 ms
::1 - GET /users/loginCheck HTTP/1.1 200 - - 0.779 ms
::1 - OPTIONS /users/2/allocations/ HTTP/1.1 200 8 - 0.539 ms
::1 - GET /users/2/allocations/ HTTP/1.1 304 - - 3.910 ms
::1 - GET /users/loginCheck HTTP/1.1 200 - - 0.732 ms
::1 - OPTIONS /lessons?taughtCount=true HTTP/1.1 200 13 - 0.532 ms
::1 - OPTIONS /users HTTP/1.1 200 8 - 0.669 ms
::1 - OPTIONS /allocations?showPast=false HTTP/1.1 200 13 - 0.677 ms
::1 - GET /users HTTP/1.1 304 - - 3.417 ms
::1 - GET /allocations?showPast=false HTTP/1.1 304 - - 4.291 ms
::1 - GET /lessons?taughtCount=true HTTP/1.1 304 - - 15.517 ms
::1 - OPTIONS /users/loginCheck HTTP/1.1 200 21 - 0.552 ms
::1 - GET /users/loginCheck HTTP/1.1 200 - - 0.751 ms
::1 - OPTIONS /lessons?taughtCount=true HTTP/1.1 200 13 - 0.555 ms
::1 - OPTIONS /users HTTP/1.1 200 8 - 0.619 ms
::1 - OPTIONS /allocations?showPast=false HTTP/1.1 200 13 - 0.450 ms
::1 - GET /users HTTP/1.1 304 - - 5.357 ms
::1 - GET /allocations?showPast=false HTTP/1.1 304 - - 5.126 ms
::1 - GET /lessons?taughtCount=true HTTP/1.1 304 - - 13.611 ms
::1 - OPTIONS /users/loginCheck HTTP/1.1 200 21 - 0.412 ms
::1 - GET /users/loginCheck HTTP/1.1 200 - - 0.689 ms
::1 - OPTIONS /users/2/allocations/ HTTP/1.1 200 8 - 0.464 ms
::1 - GET /users/2/allocations/ HTTP/1.1 304 - - 3.289 ms
::1 - GET /users/loginCheck HTTP/1.1 200 - - 0.742 ms
::1 - OPTIONS /lessons?taughtCount=true HTTP/1.1 200 13 - 0.455 ms
::1 - OPTIONS /users HTTP/1.1 200 8 - 0.377 ms
::1 - OPTIONS /allocations?showPast=false HTTP/1.1 200 13 - 0.723 ms
::1 - GET /users HTTP/1.1 304 - - 3.005 ms
::1 - GET /allocations?showPast=false HTTP/1.1 304 - - 4.066 ms
::1 - GET /lessons?taughtCount=true HTTP/1.1 304 - - 10.298 ms
::1 - OPTIONS /allocations HTTP/1.1 200 13 - 0.494 ms
::1 - POST /allocations HTTP/1.1 200 19 - 36.261 ms
::1 - OPTIONS /allocations?showPast=false HTTP/1.1 200 13 - 0.615 ms
::1 - GET /allocations?showPast=false HTTP/1.1 200 527 - 4.872 ms
::1 - OPTIONS /allocations HTTP/1.1 200 13 - 0.702 ms
::1 - POST /allocations HTTP/1.1 200 19 - 20.103 ms
::1 - OPTIONS /allocations?showPast=false HTTP/1.1 200 13 - 0.457 ms
::1 - GET /allocations?showPast=false HTTP/1.1 200 841 - 5.775 ms
::1 - OPTIONS /users/login HTTP/1.1 200 26 - 3.437 ms
::1 - POST /users/login HTTP/1.1 200 156 - 77.020 ms
::1 - OPTIONS /users/loginCheck HTTP/1.1 200 21 - 0.721 ms
::1 - GET /users/loginCheck HTTP/1.1 200 - - 1.242 ms
::1 - OPTIONS /users/2/allocations/ HTTP/1.1 200 8 - 0.805 ms
::1 - GET /users/2/allocations/ HTTP/1.1 200 573 - 6.315 ms
::1 - OPTIONS /allocations/19 HTTP/1.1 200 21 - 0.563 ms
::1 - GET /allocations/19 HTTP/1.1 200 924 - 3.989 ms
::1 - OPTIONS /allocations/19/files HTTP/1.1 200 13 - 0.742 ms
::1 - OPTIONS /lessons/1/files HTTP/1.1 200 8 - 0.453 ms
::1 - GET /allocations/19/files HTTP/1.1 200 43 - 5.029 ms
::1 - GET /lessons/1/files HTTP/1.1 304 - - 7.442 ms
::1 - OPTIONS /users/loginCheck HTTP/1.1 200 21 - 0.952 ms
::1 - GET /users/loginCheck HTTP/1.1 200 - - 0.982 ms
::1 - OPTIONS /lessons?taughtCount=true HTTP/1.1 200 13 - 0.842 ms
::1 - OPTIONS /users HTTP/1.1 200 8 - 0.578 ms
::1 - OPTIONS /allocations?showPast=false HTTP/1.1 200 13 - 2.126 ms
::1 - GET /users HTTP/1.1 304 - - 5.231 ms
::1 - GET /lessons?taughtCount=true HTTP/1.1 200 37814 - 22.804 ms
::1 - GET /allocations?showPast=false HTTP/1.1 200 841 - 23.446 ms
::1 - OPTIONS /users/login HTTP/1.1 200 26 - 3.481 ms
::1 - POST /users/login HTTP/1.1 200 162 - 82.111 ms
::1 - OPTIONS /users/loginCheck HTTP/1.1 200 21 - 0.918 ms
::1 - GET /users/loginCheck HTTP/1.1 200 - - 1.415 ms
::1 - OPTIONS /users/3/allocations/ HTTP/1.1 200 8 - 0.869 ms
::1 - GET /users/3/allocations/ HTTP/1.1 200 2 - 3.069 ms
::1 - OPTIONS /users/loginCheck HTTP/1.1 200 21 - 0.724 ms
::1 - GET /users/loginCheck HTTP/1.1 200 - - 1.060 ms
::1 - OPTIONS /lessons/allLessonsDropdownItems HTTP/1.1 200 21 - 0.929 ms
::1 - OPTIONS /lessons HTTP/1.1 200 13 - 0.577 ms
::1 - GET /lessons HTTP/1.1 200 29273 - 7.811 ms
::1 - GET /lessons/allLessonsDropdownItems HTTP/1.1 304 - - 12.337 ms
::1 - OPTIONS /lessons/1 HTTP/1.1 200 21 - 0.512 ms
::1 - GET /lessons/1 HTTP/1.1 200 757 - 1.911 ms
::1 - OPTIONS /lessons/1/files HTTP/1.1 200 8 - 0.456 ms
::1 - GET /lessons/1/files HTTP/1.1 304 - - 2.558 ms
::1 - OPTIONS /lessons/10 HTTP/1.1 200 21 - 0.502 ms
::1 - GET /lessons/10 HTTP/1.1 200 293 - 1.614 ms
::1 - OPTIONS /lessons/10/files HTTP/1.1 200 8 - 0.517 ms
::1 - GET /lessons/10/files HTTP/1.1 200 2 - 2.057 ms
::1 - OPTIONS /lessons/4 HTTP/1.1 200 21 - 0.510 ms
::1 - GET /lessons/4 HTTP/1.1 200 456 - 1.489 ms
::1 - OPTIONS /lessons/4/files HTTP/1.1 200 8 - 0.552 ms
::1 - GET /lessons/4/files HTTP/1.1 304 - - 2.437 ms
::1 - OPTIONS /users/loginCheck HTTP/1.1 200 21 - 7.113 ms
::1 - GET /users/loginCheck HTTP/1.1 200 - - 23.806 ms
::1 - OPTIONS /users/3/allocations/ HTTP/1.1 200 8 - 1.938 ms
::1 - GET /users/3/allocations/ HTTP/1.1 304 - - 13.810 ms
::1 - OPTIONS /users/logout HTTP/1.1 200 26 - 0.888 ms
::1 - POST /users/logout HTTP/1.1 200 - - 11.306 ms
::1 - GET /users/loginCheck HTTP/1.1 401 13 - 1.812 ms
::1 - OPTIONS /users/login HTTP/1.1 200 26 - 1.328 ms
::1 - POST /users/login HTTP/1.1 200 156 - 225.916 ms
::1 - OPTIONS /users/loginCheck HTTP/1.1 200 21 - 1.427 ms
::1 - GET /users/loginCheck HTTP/1.1 200 - - 2.370 ms
::1 - OPTIONS /users/2/allocations/ HTTP/1.1 200 8 - 1.978 ms
::1 - GET /users/2/allocations/ HTTP/1.1 304 - - 19.107 ms
::1 - OPTIONS /users/loginCheck HTTP/1.1 200 21 - 1.390 ms
::1 - GET /users/loginCheck HTTP/1.1 200 - - 2.331 ms
::1 - OPTIONS /lessons/allLessonsDropdownItems HTTP/1.1 200 21 - 1.366 ms
::1 - OPTIONS /lessons HTTP/1.1 200 13 - 1.060 ms
::1 - GET /lessons HTTP/1.1 304 - - 21.203 ms
::1 - GET /lessons/allLessonsDropdownItems HTTP/1.1 304 - - 28.645 ms
::1 - OPTIONS /lessons/40 HTTP/1.1 200 21 - 1.043 ms
::1 - GET /lessons/40 HTTP/1.1 200 513 - 5.911 ms
::1 - OPTIONS /lessons/40/files HTTP/1.1 200 8 - 1.069 ms
::1 - GET /lessons/40/files HTTP/1.1 200 2 - 4.631 ms
::1 - OPTIONS /lessons/40?confirm=false HTTP/1.1 200 21 - 1.017 ms
::1 - PATCH /lessons/40?confirm=false HTTP/1.1 201 14 - 17.099 ms
::1 - OPTIONS /users/2 HTTP/1.1 200 21 - 1.183 ms
::1 - GET /users/2 HTTP/1.1 200 99 - 4.670 ms
::1 - POST /users/logout HTTP/1.1 400 31 - 0.386 ms
::1 - GET /users/loginCheck HTTP/1.1 401 13 - 3.366 ms
::1 - GET /users/loginCheck HTTP/1.1 401 13 - 2.318 ms
::1 - GET /users/loginCheck HTTP/1.1 401 13 - 2.669 ms
::1 - OPTIONS /users/login HTTP/1.1 200 26 - 1.094 ms
::1 - POST /users/login HTTP/1.1 200 156 - 247.007 ms
::1 - OPTIONS /users/loginCheck HTTP/1.1 200 21 - 2.165 ms
::1 - GET /users/loginCheck HTTP/1.1 200 - - 3.895 ms
::1 - OPTIONS /users/2/allocations/ HTTP/1.1 200 8 - 2.192 ms
::1 - GET /users/2/allocations/ HTTP/1.1 304 - - 17.483 ms
::1 - OPTIONS /users/loginCheck HTTP/1.1 200 21 - 1.054 ms
::1 - GET /users/loginCheck HTTP/1.1 200 - - 1.491 ms
::1 - OPTIONS /lessons/allLessonsDropdownItems HTTP/1.1 200 21 - 1.469 ms
::1 - OPTIONS /lessons HTTP/1.1 200 13 - 1.014 ms
::1 - GET /lessons HTTP/1.1 304 - - 16.077 ms
::1 - GET /lessons/allLessonsDropdownItems HTTP/1.1 304 - - 21.112 ms
::1 - OPTIONS /users/loginCheck HTTP/1.1 200 21 - 0.911 ms
::1 - GET /users/loginCheck HTTP/1.1 200 - - 1.526 ms
::1 - OPTIONS /lessons?taughtCount=true HTTP/1.1 200 13 - 1.146 ms
::1 - OPTIONS /users HTTP/1.1 200 8 - 1.287 ms
::1 - OPTIONS /allocations?showPast=false HTTP/1.1 200 13 - 0.887 ms
::1 - GET /users HTTP/1.1 304 - - 7.520 ms
::1 - GET /lessons?taughtCount=true HTTP/1.1 304 - - 21.481 ms
::1 - GET /allocations?showPast=false HTTP/1.1 200 841 - 32.687 ms
::1 - OPTIONS /allocations/19 HTTP/1.1 200 21 - 0.969 ms
::1 - GET /allocations/19 HTTP/1.1 304 - - 8.571 ms
::1 - OPTIONS /allocations/19/files HTTP/1.1 200 13 - 1.096 ms
::1 - OPTIONS /lessons/1/files HTTP/1.1 200 8 - 1.492 ms
::1 - GET /lessons/1/files HTTP/1.1 304 - - 8.590 ms
::1 - GET /allocations/19/files HTTP/1.1 304 - - 12.477 ms
::1 - OPTIONS /users/loginCheck HTTP/1.1 200 21 - 0.910 ms
::1 - GET /users/loginCheck HTTP/1.1 200 - - 1.827 ms
::1 - OPTIONS /users/2/allocations/ HTTP/1.1 200 8 - 0.923 ms
::1 - GET /users/2/allocations/ HTTP/1.1 304 - - 8.972 ms
::1 - OPTIONS /allocations/19 HTTP/1.1 200 21 - 0.891 ms
::1 - GET /allocations/19 HTTP/1.1 304 - - 6.546 ms
::1 - OPTIONS /allocations/19/files HTTP/1.1 200 13 - 0.885 ms
::1 - OPTIONS /lessons/1/files HTTP/1.1 200 8 - 0.862 ms
::1 - GET /lessons/1/files HTTP/1.1 304 - - 5.530 ms
::1 - GET /allocations/19/files HTTP/1.1 304 - - 8.914 ms
::1 - OPTIONS /lessons/1/instructor-edit HTTP/1.1 200 5 - 0.780 ms
::1 - PATCH /lessons/1/instructor-edit HTTP/1.1 200 14 - 13.395 ms
::1 - OPTIONS /users/loginCheck HTTP/1.1 200 21 - 0.783 ms
::1 - GET /users/loginCheck HTTP/1.1 200 - - 1.910 ms
::1 - OPTIONS /lessons?taughtCount=true HTTP/1.1 200 13 - 1.174 ms
::1 - OPTIONS /users HTTP/1.1 200 8 - 1.236 ms
::1 - OPTIONS /allocations?showPast=false HTTP/1.1 200 13 - 1.353 ms
::1 - GET /users HTTP/1.1 304 - - 5.493 ms
::1 - GET /lessons?taughtCount=true HTTP/1.1 304 - - 23.543 ms
::1 - GET /allocations?showPast=false HTTP/1.1 304 - - 21.809 ms
::1 - OPTIONS /lessons/8 HTTP/1.1 200 21 - 0.727 ms
::1 - GET /lessons/8 HTTP/1.1 200 312 - 2.372 ms
::1 - OPTIONS /lessons/8/files HTTP/1.1 200 8 - 0.807 ms
::1 - GET /lessons/8/files HTTP/1.1 304 - - 4.423 ms
::1 - OPTIONS /allocations HTTP/1.1 200 13 - 0.833 ms
::1 - POST /allocations HTTP/1.1 200 19 - 42.784 ms
::1 - POST /allocations HTTP/1.1 200 19 - 37.464 ms
::1 - OPTIONS /allocations?showPast=false HTTP/1.1 200 13 - 1.956 ms
::1 - GET /allocations?showPast=false HTTP/1.1 200 1680 - 59.902 ms
::1 - OPTIONS /users/loginCheck HTTP/1.1 200 21 - 0.794 ms
::1 - GET /users/loginCheck HTTP/1.1 200 - - 1.775 ms
::1 - OPTIONS /lessons/allLessonsDropdownItems HTTP/1.1 200 21 - 1.180 ms
::1 - OPTIONS /lessons HTTP/1.1 200 13 - 0.728 ms
::1 - GET /lessons HTTP/1.1 304 - - 8.298 ms
::1 - GET /lessons/allLessonsDropdownItems HTTP/1.1 304 - - 20.302 ms
::1 - OPTIONS /users/logout HTTP/1.1 200 26 - 0.951 ms
::1 - POST /users/logout HTTP/1.1 200 - - 5.979 ms
::1 - GET /users/loginCheck HTTP/1.1 401 13 - 1.506 ms
::1 - OPTIONS /users/login HTTP/1.1 200 26 - 0.623 ms
::1 - POST /users/login HTTP/1.1 200 162 - 122.524 ms
::1 - OPTIONS /users/loginCheck HTTP/1.1 200 21 - 0.990 ms
::1 - GET /users/loginCheck HTTP/1.1 200 - - 1.869 ms
::1 - OPTIONS /users/3/allocations/ HTTP/1.1 200 8 - 3.186 ms
::1 - GET /users/3/allocations/ HTTP/1.1 304 - - 5.226 ms
::1 - GET /users/loginCheck HTTP/1.1 200 - - 2.352 ms
::1 - OPTIONS /lessons/allLessonsDropdownItems HTTP/1.1 200 21 - 0.960 ms
::1 - OPTIONS /lessons HTTP/1.1 200 13 - 1.021 ms
::1 - GET /lessons HTTP/1.1 304 - - 4.539 ms
::1 - GET /lessons/allLessonsDropdownItems HTTP/1.1 304 - - 20.485 ms
::1 - OPTIONS /lessons/3 HTTP/1.1 200 21 - 0.849 ms
::1 - GET /lessons/3 HTTP/1.1 200 402 - 2.016 ms
::1 - OPTIONS /lessons/3/files HTTP/1.1 200 8 - 0.764 ms
::1 - GET /lessons/3/files HTTP/1.1 304 - - 4.096 ms
::1 - OPTIONS /lessons/1 HTTP/1.1 200 21 - 1.671 ms
::1 - DELETE /lessons/1 HTTP/1.1 403 26 - 1.122 ms
::1 - OPTIONS /users/loginCheck HTTP/1.1 200 21 - 0.715 ms
::1 - GET /users/loginCheck HTTP/1.1 200 - - 1.835 ms
::1 - OPTIONS /users/3/allocations/ HTTP/1.1 200 8 - 0.788 ms
::1 - GET /users/3/allocations/ HTTP/1.1 304 - - 7.328 ms
::1 - OPTIONS /users/logout HTTP/1.1 200 26 - 0.788 ms
::1 - POST /users/logout HTTP/1.1 200 - - 11.247 ms
::1 - GET /users/loginCheck HTTP/1.1 401 13 - 1.451 ms
::1 - OPTIONS /users/login HTTP/1.1 200 26 - 0.715 ms
::1 - POST /users/login HTTP/1.1 200 164 - 122.089 ms
::1 - OPTIONS /users/loginCheck HTTP/1.1 200 21 - 0.855 ms
::1 - GET /users/loginCheck HTTP/1.1 200 - - 1.247 ms
::1 - OPTIONS /users/19/allocations/ HTTP/1.1 200 8 - 0.901 ms
::1 - GET /users/19/allocations/ HTTP/1.1 200 1223 - 15.247 ms
::1 - OPTIONS /allocations/21 HTTP/1.1 200 21 - 1.618 ms
::1 - GET /allocations/21 HTTP/1.1 200 653 - 12.223 ms
::1 - OPTIONS /allocations/21/files HTTP/1.1 200 13 - 0.969 ms
::1 - OPTIONS /lessons/8/files HTTP/1.1 200 8 - 0.927 ms
::1 - GET /lessons/8/files HTTP/1.1 304 - - 8.529 ms
::1 - GET /allocations/21/files HTTP/1.1 200 43 - 13.082 ms
::1 - OPTIONS /allocations/20 HTTP/1.1 200 21 - 1.018 ms
::1 - GET /allocations/20 HTTP/1.1 200 625 - 7.458 ms
::1 - OPTIONS /allocations/20/files HTTP/1.1 200 13 - 0.936 ms
::1 - OPTIONS /lessons/3/files HTTP/1.1 200 8 - 0.761 ms
::1 - GET /lessons/3/files HTTP/1.1 304 - - 10.778 ms
::1 - GET /allocations/20/files HTTP/1.1 200 43 - 13.189 ms
::1 - OPTIONS /allocations/20/files?filename=Lesson+Plan+-+Flight+Controls.docx&allocationId=20 HTTP/1.1 200 13 - 0.816 ms
::1 - POST /allocations/20/files?filename=Lesson+Plan+-+Flight+Controls.docx&allocationId=20 HTTP/1.1 403 49 - 19.481 ms
::1 - POST /allocations/20/files?filename=Lesson+Plan+-+Flight+Controls.docx&allocationId=20 HTTP/1.1 403 49 - 15.416 ms
::1 - OPTIONS /allocations/20/files?filename=Lesson+Plan+-+Flight+Controls.docx&allocationId=20 HTTP/1.1 200 13 - 0.739 ms
::1 - POST /allocations/20/files?filename=Lesson+Plan+-+Flight+Controls.docx&allocationId=20 HTTP/1.1 403 49 - 15.558 ms
::1 - OPTIONS /users/loginCheck HTTP/1.1 200 21 - 1.117 ms
::1 - GET /users/loginCheck HTTP/1.1 200 - - 1.996 ms
::1 - OPTIONS /lessons/allLessonsDropdownItems HTTP/1.1 200 21 - 0.680 ms
::1 - OPTIONS /lessons HTTP/1.1 200 13 - 0.662 ms
::1 - GET /lessons HTTP/1.1 304 - - 6.673 ms
::1 - GET /lessons/allLessonsDropdownItems HTTP/1.1 304 - - 22.190 ms
::1 - OPTIONS /users/loginCheck HTTP/1.1 200 21 - 0.900 ms
::1 - GET /users/loginCheck HTTP/1.1 200 - - 1.165 ms
::1 - OPTIONS /users/19/allocations/ HTTP/1.1 200 8 - 0.878 ms
::1 - GET /users/19/allocations/ HTTP/1.1 304 - - 27.947 ms
::1 - GET /users/loginCheck HTTP/1.1 200 - - 1.235 ms
::1 - OPTIONS /lessons/allLessonsDropdownItems HTTP/1.1 200 21 - 0.930 ms
::1 - OPTIONS /lessons HTTP/1.1 200 13 - 1.752 ms
::1 - GET /lessons HTTP/1.1 304 - - 9.539 ms
::1 - GET /lessons/allLessonsDropdownItems HTTP/1.1 304 - - 20.299 ms
::1 - OPTIONS /users/logout HTTP/1.1 200 26 - 0.830 ms
::1 - POST /users/logout HTTP/1.1 200 - - 11.429 ms
::1 - GET /users/loginCheck HTTP/1.1 401 13 - 2.121 ms
::1 - OPTIONS /users/login HTTP/1.1 200 26 - 0.731 ms
::1 - POST /users/login HTTP/1.1 200 156 - 162.665 ms
::1 - OPTIONS /users/loginCheck HTTP/1.1 200 21 - 1.329 ms
::1 - GET /users/loginCheck HTTP/1.1 200 - - 2.329 ms
::1 - OPTIONS /users/2/allocations/ HTTP/1.1 200 8 - 1.129 ms
::1 - GET /users/2/allocations/ HTTP/1.1 304 - - 11.574 ms
::1 - OPTIONS /users/loginCheck HTTP/1.1 200 21 - 1.256 ms
::1 - GET /users/loginCheck HTTP/1.1 200 - - 1.915 ms
::1 - OPTIONS /users/2/allocations/ HTTP/1.1 200 8 - 0.858 ms
::1 - GET /users/2/allocations/ HTTP/1.1 304 - - 6.873 ms
::1 - GET /users/loginCheck HTTP/1.1 200 - - 1.427 ms
::1 - OPTIONS /users/loginCheck HTTP/1.1 200 21 - 0.692 ms
::1 - GET /users/loginCheck HTTP/1.1 200 - - 1.651 ms
::1 - OPTIONS /users/2/allocations/ HTTP/1.1 200 8 - 0.923 ms
::1 - GET /users/2/allocations/ HTTP/1.1 304 - - 10.799 ms
::1 - GET /users/loginCheck HTTP/1.1 200 - - 1.708 ms
::1 - OPTIONS /lessons?taughtCount=true HTTP/1.1 200 13 - 1.114 ms
::1 - OPTIONS /users HTTP/1.1 200 8 - 0.698 ms
::1 - OPTIONS /allocations?showPast=false HTTP/1.1 200 13 - 0.840 ms
::1 - GET /users HTTP/1.1 304 - - 5.457 ms
::1 - GET /lessons?taughtCount=true HTTP/1.1 200 37814 - 24.683 ms
::1 - GET /allocations?showPast=false HTTP/1.1 304 - - 27.746 ms
::1 - GET /users/loginCheck HTTP/1.1 200 - - 1.194 ms
::1 - GET /users HTTP/1.1 304 - - 2.976 ms
::1 - OPTIONS /users/loginCheck HTTP/1.1 200 21 - 1.396 ms
::1 - GET /users/loginCheck HTTP/1.1 200 - - 1.151 ms
::1 - GET /users HTTP/1.1 304 - - 5.463 ms
::1 - GET /lessons?taughtCount=true HTTP/1.1 304 - - 22.349 ms
::1 - GET /allocations?showPast=false HTTP/1.1 304 - - 27.802 ms
::1 - OPTIONS /allocations?showPast=true HTTP/1.1 200 13 - 1.556 ms
::1 - GET /allocations?showPast=true HTTP/1.1 304 - - 3.363 ms
::1 - OPTIONS /allocations?showPast=false HTTP/1.1 200 13 - 0.873 ms
::1 - GET /allocations?showPast=false HTTP/1.1 304 - - 25.195 ms
::1 - GET /allocations?showPast=true HTTP/1.1 304 - - 2.477 ms
::1 - GET /allocations?showPast=false HTTP/1.1 304 - - 18.283 ms
::1 - OPTIONS /users/loginCheck HTTP/1.1 200 21 - 1.107 ms
::1 - GET /users/loginCheck HTTP/1.1 200 - - 0.939 ms
::1 - OPTIONS /users/2/allocations/ HTTP/1.1 200 8 - 0.800 ms
::1 - GET /users/2/allocations/ HTTP/1.1 304 - - 5.374 ms
::1 - GET /users/loginCheck HTTP/1.1 200 - - 1.118 ms
::1 - OPTIONS /users HTTP/1.1 200 8 - 0.554 ms
::1 - GET /users HTTP/1.1 304 - - 3.726 ms
::1 - GET /users/loginCheck HTTP/1.1 200 - - 1.693 ms
::1 - OPTIONS /lessons?taughtCount=true HTTP/1.1 200 13 - 1.355 ms
::1 - OPTIONS /allocations?showPast=false HTTP/1.1 200 13 - 1.043 ms
::1 - GET /users HTTP/1.1 304 - - 4.899 ms
::1 - GET /lessons?taughtCount=true HTTP/1.1 304 - - 33.780 ms
::1 - GET /allocations?showPast=false HTTP/1.1 304 - - 33.509 ms
::1 - OPTIONS /users/loginCheck HTTP/1.1 200 21 - 0.775 ms
::1 - GET /users/loginCheck HTTP/1.1 200 - - 1.434 ms
::1 - OPTIONS /users HTTP/1.1 200 8 - 0.712 ms
::1 - GET /users HTTP/1.1 304 - - 4.156 ms
::1 - OPTIONS /users/loginCheck HTTP/1.1 200 21 - 0.758 ms
::1 - GET /users/loginCheck HTTP/1.1 200 - - 1.166 ms
::1 - OPTIONS /users/2/allocations/ HTTP/1.1 200 8 - 1.369 ms
::1 - GET /users/2/allocations/ HTTP/1.1 304 - - 11.391 ms
::1 - GET /users/loginCheck HTTP/1.1 200 - - 1.137 ms
::1 - OPTIONS /users HTTP/1.1 200 8 - 1.264 ms
::1 - GET /users HTTP/1.1 304 - - 2.934 ms
::1 - OPTIONS /users/21 HTTP/1.1 200 21 - 0.919 ms
::1 - GET /users/21 HTTP/1.1 200 105 - 2.468 ms
::1 - OPTIONS /admin/21 HTTP/1.1 200 11 - 0.826 ms
::1 - POST /admin/21 HTTP/1.1 200 - - 12.100 ms
::1 - OPTIONS /users/loginCheck HTTP/1.1 200 21 - 0.740 ms
::1 - GET /users/loginCheck HTTP/1.1 200 - - 1.621 ms
::1 - OPTIONS /users/2/allocations/ HTTP/1.1 200 8 - 0.827 ms
::1 - GET /users/2/allocations/ HTTP/1.1 304 - - 7.586 ms
::1 - OPTIONS /allocations/18 HTTP/1.1 200 21 - 1.121 ms
::1 - GET /allocations/18 HTTP/1.1 200 626 - 6.145 ms
::1 - OPTIONS /allocations/18/files HTTP/1.1 200 13 - 0.759 ms
::1 - OPTIONS /lessons/4/files HTTP/1.1 200 8 - 0.772 ms
::1 - GET /lessons/4/files HTTP/1.1 304 - - 5.371 ms
::1 - GET /allocations/18/files HTTP/1.1 200 97 - 8.069 ms
::1 - OPTIONS /users/loginCheck HTTP/1.1 200 21 - 9.178 ms
::1 - GET /users/loginCheck HTTP/1.1 200 - - 18.362 ms
::1 - OPTIONS /users/2/allocations/ HTTP/1.1 200 8 - 2.572 ms
::1 - GET /users/2/allocations/ HTTP/1.1 304 - - 15.992 ms
::1 - OPTIONS /allocations/19 HTTP/1.1 200 21 - 1.708 ms
::1 - GET /allocations/19 HTTP/1.1 200 949 - 11.005 ms
::1 - OPTIONS /allocations/19/files HTTP/1.1 200 13 - 1.035 ms
::1 - OPTIONS /lessons/1/files HTTP/1.1 200 8 - 1.079 ms
::1 - GET /allocations/19/files HTTP/1.1 200 48 - 12.636 ms
::1 - GET /lessons/1/files HTTP/1.1 304 - - 17.605 ms
::1 - OPTIONS /users/loginCheck HTTP/1.1 200 21 - 7.995 ms
::1 - GET /users/loginCheck HTTP/1.1 200 - - 15.202 ms
::1 - OPTIONS /users/2/allocations/ HTTP/1.1 200 8 - 3.086 ms
::1 - GET /users/2/allocations/ HTTP/1.1 304 - - 18.120 ms
::1 - OPTIONS /allocations/19 HTTP/1.1 200 21 - 1.337 ms
::1 - GET /allocations/19 HTTP/1.1 304 - - 9.656 ms
::1 - OPTIONS /allocations/19/files HTTP/1.1 200 13 - 1.196 ms
::1 - OPTIONS /lessons/1/files HTTP/1.1 200 8 - 1.326 ms
::1 - GET /allocations/19/files HTTP/1.1 200 70 - 12.496 ms
::1 - GET /lessons/1/files HTTP/1.1 304 - - 9.351 ms
::1 - OPTIONS /allocations/19 HTTP/1.1 200 21 - 7.683 ms
::1 - GET /allocations/19 HTTP/1.1 304 - - 21.195 ms
::1 - OPTIONS /allocations/19/files HTTP/1.1 200 13 - 3.343 ms
::1 - OPTIONS /lessons/1/files HTTP/1.1 200 8 - 0.945 ms
::1 - GET /allocations/19/files HTTP/1.1 200 38 - 12.955 ms
::1 - GET /lessons/1/files HTTP/1.1 304 - - 16.329 ms
::1 - OPTIONS /allocations/19/files?filename=Lesson+Plan+-+Flight+Controls.docx&allocationId=19 HTTP/1.1 200 13 - 1.277 ms
::1 - POST /allocations/19/files?filename=Lesson+Plan+-+Flight+Controls.docx&allocationId=19 HTTP/1.1 200 13 - 42.800 ms
::1 - OPTIONS /allocations/19/files HTTP/1.1 200 13 - 2.052 ms
::1 - OPTIONS /lessons/1/files HTTP/1.1 200 8 - 2.339 ms
::1 - GET /lessons/1/files HTTP/1.1 304 - - 11.755 ms
::1 - GET /allocations/19/files HTTP/1.1 200 105 - 18.126 ms
::1 - OPTIONS /users/loginCheck HTTP/1.1 200 21 - 1.005 ms
::1 - GET /users/loginCheck HTTP/1.1 200 - - 2.671 ms
::1 - OPTIONS /users/2/allocations/ HTTP/1.1 200 8 - 1.601 ms
::1 - GET /users/2/allocations/ HTTP/1.1 200 576 - 18.299 ms
::1 - OPTIONS /allocations/19 HTTP/1.1 200 21 - 0.849 ms
::1 - GET /allocations/19 HTTP/1.1 200 952 - 6.903 ms
::1 - OPTIONS /allocations/19/files HTTP/1.1 200 13 - 1.268 ms
::1 - OPTIONS /lessons/1/files HTTP/1.1 200 8 - 1.087 ms
::1 - GET /lessons/1/files HTTP/1.1 304 - - 6.872 ms
::1 - GET /allocations/19/files HTTP/1.1 304 - - 17.399 ms
::1 - OPTIONS /users/loginCheck HTTP/1.1 200 21 - 0.690 ms
::1 - GET /users/loginCheck HTTP/1.1 200 - - 1.915 ms
::1 - OPTIONS /lessons/allLessonsDropdownItems HTTP/1.1 200 21 - 1.217 ms
::1 - OPTIONS /lessons HTTP/1.1 200 13 - 1.499 ms
::1 - GET /lessons HTTP/1.1 304 - - 14.599 ms
::1 - GET /lessons/allLessonsDropdownItems HTTP/1.1 304 - - 25.817 ms
::1 - OPTIONS /lessons/12 HTTP/1.1 200 21 - 0.890 ms
::1 - GET /lessons/12 HTTP/1.1 200 413 - 5.000 ms
::1 - OPTIONS /lessons/12/files HTTP/1.1 200 8 - 1.029 ms
::1 - GET /lessons/12/files HTTP/1.1 200 2 - 4.633 ms
::1 - OPTIONS /users/loginCheck HTTP/1.1 200 21 - 0.999 ms
::1 - GET /users/loginCheck HTTP/1.1 200 - - 4.600 ms
::1 - OPTIONS /users/2/allocations/ HTTP/1.1 200 8 - 0.940 ms
::1 - GET /users/2/allocations/ HTTP/1.1 304 - - 9.449 ms
::1 - OPTIONS /allocations/19 HTTP/1.1 200 21 - 0.850 ms
::1 - GET /allocations/19 HTTP/1.1 304 - - 7.442 ms
::1 - OPTIONS /allocations/19/files HTTP/1.1 200 13 - 1.193 ms
::1 - OPTIONS /lessons/1/files HTTP/1.1 200 8 - 1.706 ms
::1 - GET /allocations/19/files HTTP/1.1 304 - - 9.026 ms
::1 - GET /lessons/1/files HTTP/1.1 304 - - 7.893 ms
