::1 - OPTIONS /users/loginCheck HTTP/1.1 200 21 - 2.887 ms
::1 - GET /users/loginCheck HTTP/1.1 200 - - 12.072 ms
::1 - OPTIONS /users/2/allocations/?showPast=false HTTP/1.1 200 8 - 0.726 ms
::1 - GET /users/2/allocations/?showPast=false HTTP/1.1 200 311 - 8.093 ms
::1 - OPTIONS /users/logout HTTP/1.1 200 26 - 0.392 ms
::1 - POST /users/logout HTTP/1.1 200 - - 20.574 ms
::1 - GET /users/loginCheck HTTP/1.1 401 13 - 1.409 ms
::1 - OPTIONS /users/login HTTP/1.1 200 26 - 0.251 ms
::1 - POST /users/login HTTP/1.1 200 164 - 87.072 ms
::1 - OPTIONS /users/loginCheck HTTP/1.1 200 21 - 0.207 ms
::1 - GET /users/loginCheck HTTP/1.1 200 - - 0.912 ms
::1 - OPTIONS /users/19/allocations/?showPast=false HTTP/1.1 200 8 - 0.245 ms
::1 - GET /users/19/allocations/?showPast=false HTTP/1.1 304 - - 3.185 ms
::1 - OPTIONS /users/19/allocations/?showPast=true HTTP/1.1 200 8 - 0.457 ms
::1 - GET /users/19/allocations/?showPast=true HTTP/1.1 200 2 - 6.028 ms
::1 - OPTIONS /users/19/allocations/?showPast=false HTTP/1.1 200 8 - 0.318 ms
::1 - GET /users/19/allocations/?showPast=false HTTP/1.1 304 - - 3.383 ms
::1 - OPTIONS /users/loginCheck HTTP/1.1 200 21 - 0.252 ms
::1 - GET /users/loginCheck HTTP/1.1 200 - - 2.419 ms
::1 - OPTIONS /users/19/allocations/?showPast=false HTTP/1.1 200 8 - 0.296 ms
::1 - GET /users/19/allocations/?showPast=false HTTP/1.1 304 - - 2.549 ms
::1 - OPTIONS /users/19 HTTP/1.1 200 21 - 0.277 ms
::1 - GET /users/19 HTTP/1.1 200 105 - 11.061 ms
::1 - OPTIONS /users/logout HTTP/1.1 200 26 - 0.254 ms
::1 - POST /users/logout HTTP/1.1 200 - - 13.301 ms
::1 - GET /users/loginCheck HTTP/1.1 401 13 - 1.844 ms
::1 - GET /users/loginCheck HTTP/1.1 401 13 - 1.800 ms
::1 - GET /users/loginCheck HTTP/1.1 401 13 - 2.352 ms
::1 - GET /users/loginCheck HTTP/1.1 401 13 - 3.171 ms
