::1 - OPTIONS /users/loginCheck HTTP/1.1 200 21 - 3.541 ms
::1 - GET /users/loginCheck HTTP/1.1 200 - - 7.251 ms
::1 - OPTIONS /lessons?taughtCount=true HTTP/1.1 200 13 - 1.198 ms
::1 - OPTIONS /users HTTP/1.1 200 8 - 0.484 ms
::1 - OPTIONS /allocations?showPast=false HTTP/1.1 200 13 - 0.457 ms
::1 - GET /users HTTP/1.1 304 - - 23.162 ms
::1 - GET /lessons?taughtCount=true HTTP/1.1 304 - - 34.843 ms
::1 - GET /allocations?showPast=false HTTP/1.1 304 - - 48.567 ms
::1 - OPTIONS /allocations HTTP/1.1 200 13 - 0.336 ms
::1 - POST /allocations HTTP/1.1 200 19 - 20.680 ms
::1 - OPTIONS /allocations?showPast=false HTTP/1.1 200 13 - 0.609 ms
::1 - GET /allocations?showPast=false HTTP/1.1 200 1296 - 16.473 ms
::1 - OPTIONS /allocations/10 HTTP/1.1 200 21 - 0.385 ms
::1 - DELETE /allocations/10 HTTP/1.1 200 - - 7.451 ms
::1 - OPTIONS /lessons?taughtCount=true HTTP/1.1 200 13 - 0.719 ms
::1 - OPTIONS /users HTTP/1.1 200 8 - 0.521 ms
::1 - OPTIONS /allocations?showPast=false HTTP/1.1 200 13 - 0.306 ms
::1 - GET /users HTTP/1.1 304 - - 5.783 ms
::1 - GET /allocations?showPast=false HTTP/1.1 200 1040 - 13.075 ms
::1 - GET /lessons?taughtCount=true HTTP/1.1 304 - - 26.050 ms
::1 - OPTIONS /allocations HTTP/1.1 200 13 - 0.321 ms
::1 - POST /allocations HTTP/1.1 200 19 - 7.327 ms
::1 - OPTIONS /allocations?showPast=false HTTP/1.1 200 13 - 0.201 ms
::1 - GET /allocations?showPast=false HTTP/1.1 200 1296 - 9.425 ms
::1 - OPTIONS /allocations/11 HTTP/1.1 200 21 - 0.240 ms
::1 - DELETE /allocations/11 HTTP/1.1 200 - - 5.047 ms
::1 - OPTIONS /users/loginCheck HTTP/1.1 200 21 - 3.035 ms
::1 - GET /users/loginCheck HTTP/1.1 200 - - 8.067 ms
::1 - OPTIONS /lessons?taughtCount=true HTTP/1.1 200 13 - 1.462 ms
::1 - OPTIONS /users HTTP/1.1 200 8 - 0.426 ms
::1 - OPTIONS /allocations?showPast=false HTTP/1.1 200 13 - 0.557 ms
::1 - GET /users HTTP/1.1 304 - - 16.300 ms
::1 - GET /lessons?taughtCount=true HTTP/1.1 304 - - 40.589 ms
::1 - GET /allocations?showPast=false HTTP/1.1 200 1150 - 46.608 ms
::1 - OPTIONS /allocations HTTP/1.1 200 13 - 0.587 ms
::1 - POST /allocations HTTP/1.1 200 19 - 19.228 ms
::1 - OPTIONS /allocations?showPast=false HTTP/1.1 200 13 - 0.577 ms
::1 - GET /allocations?showPast=false HTTP/1.1 200 1427 - 12.878 ms
::1 - OPTIONS /allocations/12 HTTP/1.1 200 21 - 0.496 ms
::1 - DELETE /allocations/12 HTTP/1.1 200 - - 6.521 ms
::1 - OPTIONS /lessons?taughtCount=true HTTP/1.1 200 13 - 0.345 ms
::1 - OPTIONS /users HTTP/1.1 200 8 - 0.345 ms
::1 - OPTIONS /allocations?showPast=false HTTP/1.1 200 13 - 0.289 ms
::1 - GET /users HTTP/1.1 304 - - 4.079 ms
::1 - GET /allocations?showPast=false HTTP/1.1 200 1150 - 9.302 ms
::1 - GET /lessons?taughtCount=true HTTP/1.1 304 - - 17.558 ms
::1 - OPTIONS /lessons?taughtCount=true HTTP/1.1 200 13 - 0.416 ms
::1 - OPTIONS /users HTTP/1.1 200 8 - 0.381 ms
::1 - OPTIONS /allocations?showPast=false HTTP/1.1 200 13 - 0.370 ms
::1 - GET /users HTTP/1.1 304 - - 6.488 ms
::1 - GET /allocations?showPast=false HTTP/1.1 304 - - 12.456 ms
::1 - GET /lessons?taughtCount=true HTTP/1.1 304 - - 21.896 ms
